​ 274 56
​ 277 56
​ 281 56
​ 286 57
​ 256 58
​ 259 58
​ 260 58
​ 290 58
​ 291 59
​ 297 61
​ 241 62
​ 299 62
​ 489 62
​ 490 62
​ 492 62
​ 493 62
​ 494 62
​ 499 62
​ 239 63
​ 490 63
​ 491 63
​ 492 63
​ 493 63
​ 496 63
​ 497 63
​ 498 63
​ 499 63
​ 237 64
​ 303 64
​ 489 64
​ 490 64
​ 491 64
​ 492 64
​ 493 64
​ 494 64
​ 495 64
​ 496 64
​ 497 64
​ 498 64
​ 499 64
​ 235 65
​ 479 65
​ 487 65
​ 489 65
​ 490 65
​ 491 65
​ 493 65
​ 494 65
​ 495 65
​ 496 65
​ 497 65
​ 498 65
​ 499 65
​ 481 66
​ 482 66
​ 485 66
​ 486 66
​ 487 66
​ 490 66
​ 493 66
​ 494 66
​ 495 66
​ 496 66
​ 497 66
​ 498 66
​ 499 66
​ 306 67
​ 477 67
​ 479 67
​ 482 67
​ 483 67
​ 484 67
​ 485 67
​ 486 67
​ 487 67
​ 488 67
​ 491 67
​ 492 67
​ 493 67
​ 494 67
​ 495 67
​ 496 67
​ 497 67
​ 498 67
​ 499 67
​ 478 68
​ 479 68
​ 480 68
​ 481 68
​ 482 68
​ 483 68
​ 485 68
​ 486 68
​ 487 68
​ 488 68
​ 489 68
​ 490 68
​ 491 68
​ 492 68
​ 493 68
​ 494 68
​ 495 68
​ 496 68
​ 497 68
​ 498 68
​ 499 68
​ 228 69
​ 474 69
​ 479 69
​ 480 69
​ 482 69
​ 483 69
​ 485 69
​ 488 69
​ 489 69
​ 490 69
​ 491 69
​ 492 69
​ 493 69
​ 494 69
​ 495 69
​ 496 69
​ 497 69
​ 498 69
​ 499 69
​ 311 70
​ 471 70
​ 474 70
​ 475 70
​ 476 70
​ 477 70
​ 478 70
​ 479 70
​ 480 70
​ 481 70
​ 482 70
​ 483 70
​ 487 70
​ 488 70
​ 489 70
​ 491 70
​ 492 70
​ 493 70
​ 494 70
​ 495 70
​ 496 70
​ 497 70
​ 498 70
​ 499 70
​ 313 71
​ 467 71
​ 468 71
​ 472 71
​ 473 71
​ 474 71
​ 475 71
​ 476 71
​ 477 71
​ 478 71
​ 479 71
​ 480 71
​ 481 71
​ 482 71
​ 486 71
​ 487 71
​ 488 71
​ 489 71
​ 490 71
​ 491 71
​ 492 71
​ 493 71
​ 494 71
​ 495 71
​ 496 71
​ 497 71
​ 498 71
​ 499 71
​ 224 72
​ 314 72
​ 467 72
​ 468 72
​ 469 72
​ 470 72
​ 471 72
​ 473 72
​ 474 72
​ 475 72
​ 476 72
​ 477 72
​ 478 72
​ 479 72
​ 480 72
​ 481 72
​ 482 72
​ 484 72
​ 485 72
​ 486 72
​ 487 72
​ 488 72
​ 489 72
​ 490 72
​ 491 72
​ 492 72
​ 493 72
​ 494 72
​ 495 72
​ 496 72
​ 497 72
​ 498 72
​ 499 72
​ 466 73
​ 467 73
​ 468 73
​ 469 73
​ 470 73
​ 471 73
​ 473 73
​ 474 73
​ 475 73
​ 476 73
​ 477 73
​ 478 73
​ 479 73
​ 480 73
​ 481 73
​ 482 73
​ 483 73
​ 484 73
​ 485 73
​ 486 73
​ 487 73
​ 488 73
​ 489 73
​ 490 73
​ 491 73
​ 492 73
​ 493 73
​ 496 73
​ 497 73
​ 498 73
​ 499 73
​ 221 74
​ 461 74
​ 465 74
​ 466 74
​ 467 74
​ 468 74
​ 469 74
​ 470 74
​ 471 74
​ 472 74
​ 473 74
​ 474 74
​ 475 74
​ 476 74
​ 477 74
​ 478 74
​ 479 74
​ 480 74
​ 481 74
​ 482 74
​ 483 74
​ 486 74
​ 487 74
​ 488 74
​ 489 74
​ 490 74
​ 491 74
​ 492 74
​ 493 74
​ 497 74
​ 498 74
​ 499 74
​ 220 75
​ 456 75
​ 457 75
​ 458 75
​ 460 75
​ 461 75
​ 462 75
​ 463 75
​ 465 75
​ 466 75
​ 467 75
​ 468 75
​ 469 75
​ 470 75
​ 471 75
​ 472 75
​ 473 75
​ 474 75
​ 475 75
​ 476 75
​ 479 75
​ 480 75
​ 486 75
​ 488 75
​ 489 75
​ 492 75
​ 493 75
​ 497 75
​ 498 75
​ 219 76
​ 448 76
​ 449 76
​ 452 76
​ 453 76
​ 455 76
​ 456 76
​ 457 76
​ 458 76
​ 460 76
​ 461 76
​ 462 76
​ 464 76
​ 465 76
​ 466 76
​ 467 76
​ 468 76
​ 469 76
​ 470 76
​ 471 76
​ 472 76
​ 473 76
​ 474 76
​ 475 76
​ 476 76
​ 477 76
​ 480 76
​ 481 76
​ 445 77
​ 446 77
​ 447 77
​ 448 77
​ 449 77
​ 450 77
​ 451 77
​ 452 77
​ 453 77
​ 454 77
​ 455 77
​ 456 77
​ 457 77
​ 458 77
​ 461 77
​ 462 77
​ 463 77
​ 464 77
​ 465 77
​ 466 77
​ 467 77
​ 469 77
​ 470 77
​ 471 77
​ 472 77
​ 473 77
​ 474 77
​ 475 77
​ 476 77
​ 478 77
​ 479 77
​ 480 77
​ 445 78
​ 450 78
​ 451 78
​ 454 78
​ 455 78
​ 456 78
​ 457 78
​ 458 78
​ 459 78
​ 460 78
​ 461 78
​ 462 78
​ 463 78
​ 464 78
​ 465 78
​ 466 78
​ 467 78
​ 468 78
​ 469 78
​ 470 78
​ 471 78
​ 472 78
​ 473 78
​ 474 78
​ 475 78
​ 476 78
​ 477 78
​ 478 78
​ 71 79
​ 322 79
​ 435 79
​ 445 79
​ 447 79
​ 448 79
​ 451 79
​ 454 79
​ 455 79
​ 456 79
​ 457 79
​ 460 79
​ 461 79
​ 462 79
​ 464 79
​ 465 79
​ 466 79
​ 467 79
​ 468 79
​ 469 79
​ 470 79
​ 472 79
​ 473 79
​ 474 79
​ 475 79
​ 476 79
​ 478 79
​ 69 80
​ 70 80
​ 71 80
​ 72 80
​ 73 80
​ 74 80
​ 75 80
​ 76 80
​ 445 80
​ 447 80
​ 451 80
​ 454 80
​ 455 80
​ 456 80
​ 457 80
​ 458 80
​ 460 80
​ 461 80
​ 462 80
​ 463 80
​ 464 80
​ 465 80
​ 466 80
​ 467 80
​ 468 80
​ 469 80
​ 470 80
​ 472 80
​ 473 80
​ 474 80
​ 475 80
​ 476 80
​ 477 80
​ 478 80
​ 479 80
​ 69 81
​ 70 81
​ 71 81
​ 72 81
​ 73 81
​ 74 81
​ 445 81
​ 454 81
​ 455 81
​ 457 81
​ 458 81
​ 459 81
​ 460 81
​ 461 81
​ 462 81
​ 463 81
​ 464 81
​ 465 81
​ 466 81
​ 467 81
​ 468 81
​ 469 81
​ 470 81
​ 471 81
​ 472 81
​ 473 81
​ 474 81
​ 475 81
​ 476 81
​ 477 81
​ 478 81
​ 481 81
​ 482 81
​ 499 81
​ 67 82
​ 68 82
​ 69 82
​ 70 82
​ 71 82
​ 72 82
​ 73 82
​ 213 82
​ 446 82
​ 448 82
​ 452 82
​ 455 82
​ 456 82
​ 458 82
​ 459 82
​ 460 82
​ 461 82
​ 462 82
​ 463 82
​ 464 82
​ 465 82
​ 466 82
​ 467 82
​ 468 82
​ 469 82
​ 470 82
​ 471 82
​ 472 82
​ 473 82
​ 474 82
​ 475 82
​ 476 82
​ 477 82
​ 478 82
​ 479 82
​ 481 82
​ 482 82
​ 493 82
​ 68 83
​ 70 83
​ 71 83
​ 72 83
​ 73 83
​ 74 83
​ 212 83
​ 453 83
​ 455 83
​ 458 83
​ 459 83
​ 461 83
​ 462 83
​ 463 83
​ 465 83
​ 466 83
​ 467 83
​ 468 83
​ 469 83
​ 470 83
​ 471 83
​ 472 83
​ 473 83
​ 474 83
​ 475 83
​ 476 83
​ 477 83
​ 479 83
​ 480 83
​ 481 83
​ 482 83
​ 483 83
​ 484 83
​ 70 84
​ 71 84
​ 72 84
​ 73 84
​ 74 84
​ 75 84
​ 76 84
​ 77 84
​ 81 84
​ 82 84
​ 83 84
​ 84 84
​ 85 84
​ 86 84
​ 87 84
​ 88 84
​ 92 84
​ 93 84
​ 94 84
​ 103 84
​ 211 84
​ 443 84
​ 455 84
​ 457 84
​ 458 84
​ 459 84
​ 460 84
​ 461 84
​ 462 84
​ 463 84
​ 464 84
​ 465 84
​ 466 84
​ 467 84
​ 468 84
​ 469 84
​ 470 84
​ 471 84
​ 472 84
​ 473 84
​ 474 84
​ 475 84
​ 476 84
​ 477 84
​ 478 84
​ 479 84
​ 480 84
​ 481 84
​ 482 84
​ 483 84
​ 484 84
​ 493 84
​ 496 84
​ 69 85
​ 70 85
​ 72 85
​ 73 85
​ 74 85
​ 75 85
​ 76 85
​ 77 85
​ 78 85
​ 79 85
​ 80 85
​ 81 85
​ 82 85
​ 83 85
​ 84 85
​ 85 85
​ 86 85
​ 87 85
​ 88 85
​ 89 85
​ 90 85
​ 91 85
​ 92 85
​ 93 85
​ 94 85
​ 95 85
​ 96 85
​ 97 85
​ 98 85
​ 100 85
​ 101 85
​ 328 85
​ 443 85
​ 456 85
​ 457 85
​ 458 85
​ 459 85
​ 461 85
​ 462 85
​ 463 85
​ 464 85
​ 465 85
​ 466 85
​ 467 85
​ 468 85
​ 469 85
​ 470 85
​ 471 85
​ 472 85
​ 473 85
​ 474 85
​ 475 85
​ 476 85
​ 477 85
​ 478 85
​ 479 85
​ 480 85
​ 481 85
​ 482 85
​ 484 85
​ 485 85
​ 487 85
​ 488 85
​ 492 85
​ 493 85
​ 68 86
​ 69 86
​ 70 86
​ 71 86
​ 72 86
​ 73 86
​ 74 86
​ 75 86
​ 78 86
​ 79 86
​ 80 86
​ 81 86
​ 82 86
​ 83 86
​ 84 86
​ 85 86
​ 86 86
​ 87 86
​ 88 86
​ 89 86
​ 90 86
​ 91 86
​ 92 86
​ 93 86
​ 94 86
​ 95 86
​ 96 86
​ 97 86
​ 98 86
​ 443 86
​ 455 86
​ 458 86
​ 460 86
​ 461 86
​ 462 86
​ 463 86
​ 464 86
​ 465 86
​ 468 86
​ 469 86
​ 470 86
​ 471 86
​ 472 86
​ 473 86
​ 474 86
​ 475 86
​ 476 86
​ 477 86
​ 478 86
​ 479 86
​ 480 86
​ 481 86
​ 482 86
​ 483 86
​ 484 86
​ 485 86
​ 487 86
​ 488 86
​ 490 86
​ 493 86
​ 498 86
​ 499 86
​ 68 87
​ 69 87
​ 70 87
​ 71 87
​ 72 87
​ 73 87
​ 74 87
​ 75 87
​ 77 87
​ 78 87
​ 79 87
​ 80 87
​ 81 87
​ 82 87
​ 83 87
​ 84 87
​ 85 87
​ 86 87
​ 87 87
​ 88 87
​ 89 87
​ 90 87
​ 91 87
​ 92 87
​ 93 87
​ 94 87
​ 95 87
​ 96 87
​ 97 87
​ 329 87
​ 448 87
​ 455 87
​ 457 87
​ 458 87
​ 463 87
​ 464 87
​ 465 87
​ 466 87
​ 469 87
​ 470 87
​ 471 87
​ 472 87
​ 473 87
​ 474 87
​ 475 87
​ 476 87
​ 477 87
​ 478 87
​ 479 87
​ 480 87
​ 481 87
​ 482 87
​ 483 87
​ 484 87
​ 486 87
​ 487 87
​ 488 87
​ 489 87
​ 493 87
​ 498 87
​ 499 87
​ 69 88
​ 70 88
​ 71 88
​ 72 88
​ 73 88
​ 74 88
​ 75 88
​ 76 88
​ 77 88
​ 78 88
​ 79 88
​ 80 88
​ 81 88
​ 82 88
​ 83 88
​ 84 88
​ 85 88
​ 86 88
​ 87 88
​ 88 88
​ 89 88
​ 90 88
​ 91 88
​ 92 88
​ 93 88
​ 94 88
​ 95 88
​ 96 88
​ 330 88
​ 446 88
​ 457 88
​ 463 88
​ 464 88
​ 465 88
​ 466 88
​ 467 88
​ 468 88
​ 469 88
​ 470 88
​ 471 88
​ 472 88
​ 473 88
​ 474 88
​ 475 88
​ 476 88
​ 477 88
​ 478 88
​ 479 88
​ 480 88
​ 481 88
​ 482 88
​ 483 88
​ 488 88
​ 489 88
​ 490 88
​ 492 88
​ 495 88
​ 70 89
​ 71 89
​ 72 89
​ 73 89
​ 74 89
​ 75 89
​ 77 89
​ 78 89
​ 79 89
​ 80 89
​ 81 89
​ 82 89
​ 83 89
​ 84 89
​ 85 89
​ 86 89
​ 87 89
​ 88 89
​ 89 89
​ 90 89
​ 91 89
​ 92 89
​ 93 89
​ 94 89
​ 95 89
​ 96 89
​ 464 89
​ 465 89
​ 467 89
​ 468 89
​ 469 89
​ 470 89
​ 471 89
​ 472 89
​ 473 89
​ 474 89
​ 475 89
​ 476 89
​ 477 89
​ 478 89
​ 479 89
​ 480 89
​ 481 89
​ 482 89
​ 483 89
​ 489 89
​ 490 89
​ 491 89
​ 492 89
​ 493 89
​ 494 89
​ 495 89
​ 497 89
​ 498 89
​ 69 90
​ 70 90
​ 71 90
​ 72 90
​ 73 90
​ 74 90
​ 75 90
​ 76 90
​ 77 90
​ 78 90
​ 79 90
​ 80 90
​ 81 90
​ 83 90
​ 84 90
​ 85 90
​ 86 90
​ 87 90
​ 88 90
​ 89 90
​ 90 90
​ 91 90
​ 92 90
​ 93 90
​ 94 90
​ 95 90
​ 96 90
​ 97 90
​ 465 90
​ 466 90
​ 467 90
​ 468 90
​ 469 90
​ 470 90
​ 471 90
​ 472 90
​ 473 90
​ 474 90
​ 475 90
​ 477 90
​ 478 90
​ 479 90
​ 480 90
​ 481 90
​ 482 90
​ 490 90
​ 491 90
​ 492 90
​ 493 90
​ 496 90
​ 497 90
​ 498 90
​ 499 90
​ 69 91
​ 70 91
​ 71 91
​ 72 91
​ 73 91
​ 74 91
​ 75 91
​ 76 91
​ 77 91
​ 78 91
​ 79 91
​ 80 91
​ 81 91
​ 82 91
​ 83 91
​ 84 91
​ 85 91
​ 88 91
​ 89 91
​ 90 91
​ 92 91
​ 94 91
​ 99 91
​ 100 91
​ 332 91
​ 414 91
​ 415 91
​ 416 91
​ 417 91
​ 455 91
​ 456 91
​ 467 91
​ 468 91
​ 469 91
​ 470 91
​ 471 91
​ 472 91
​ 473 91
​ 474 91
​ 475 91
​ 476 91
​ 477 91
​ 478 91
​ 479 91
​ 480 91
​ 481 91
​ 482 91
​ 483 91
​ 484 91
​ 485 91
​ 486 91
​ 487 91
​ 488 91
​ 489 91
​ 490 91
​ 491 91
​ 492 91
​ 493 91
​ 494 91
​ 495 91
​ 496 91
​ 497 91
​ 498 91
​ 499 91
​ 69 92
​ 70 92
​ 71 92
​ 73 92
​ 74 92
​ 75 92
​ 76 92
​ 77 92
​ 78 92
​ 79 92
​ 81 92
​ 82 92
​ 83 92
​ 85 92
​ 87 92
​ 88 92
​ 89 92
​ 92 92
​ 98 92
​ 333 92
​ 409 92
​ 410 92
​ 411 92
​ 412 92
​ 413 92
​ 414 92
​ 415 92
​ 416 92
​ 418 92
​ 419 92
​ 457 92
​ 460 92
​ 468 92
​ 469 92
​ 470 92
​ 471 92
​ 472 92
​ 473 92
​ 474 92
​ 476 92
​ 477 92
​ 478 92
​ 479 92
​ 480 92
​ 482 92
​ 483 92
​ 484 92
​ 485 92
​ 486 92
​ 487 92
​ 488 92
​ 492 92
​ 493 92
​ 494 92
​ 496 92
​ 497 92
​ 498 92
​ 499 92
​ 69 93
​ 70 93
​ 71 93
​ 73 93
​ 74 93
​ 75 93
​ 76 93
​ 77 93
​ 78 93
​ 79 93
​ 82 93
​ 83 93
​ 84 93
​ 85 93
​ 86 93
​ 87 93
​ 88 93
​ 91 93
​ 92 93
​ 334 93
​ 407 93
​ 408 93
​ 409 93
​ 410 93
​ 411 93
​ 412 93
​ 413 93
​ 414 93
​ 415 93
​ 418 93
​ 460 93
​ 467 93
​ 468 93
​ 469 93
​ 470 93
​ 471 93
​ 472 93
​ 473 93
​ 474 93
​ 475 93
​ 476 93
​ 477 93
​ 480 93
​ 481 93
​ 482 93
​ 483 93
​ 484 93
​ 485 93
​ 486 93
​ 487 93
​ 488 93
​ 489 93
​ 491 93
​ 492 93
​ 493 93
​ 494 93
​ 496 93
​ 497 93
​ 498 93
​ 499 93
​ 69 94
​ 70 94
​ 71 94
​ 73 94
​ 74 94
​ 75 94
​ 76 94
​ 77 94
​ 78 94
​ 79 94
​ 80 94
​ 82 94
​ 85 94
​ 86 94
​ 335 94
​ 372 94
​ 373 94
​ 414 94
​ 415 94
​ 416 94
​ 417 94
​ 418 94
​ 468 94
​ 469 94
​ 471 94
​ 472 94
​ 475 94
​ 479 94
​ 480 94
​ 481 94
​ 482 94
​ 483 94
​ 484 94
​ 485 94
​ 486 94
​ 487 94
​ 488 94
​ 489 94
​ 490 94
​ 491 94
​ 492 94
​ 493 94
​ 494 94
​ 495 94
​ 496 94
​ 497 94
​ 498 94
​ 499 94
​ 69 95
​ 70 95
​ 71 95
​ 72 95
​ 73 95
​ 74 95
​ 75 95
​ 76 95
​ 77 95
​ 78 95
​ 79 95
​ 80 95
​ 82 95
​ 87 95
​ 372 95
​ 373 95
​ 463 95
​ 464 95
​ 465 95
​ 466 95
​ 468 95
​ 475 95
​ 476 95
​ 477 95
​ 478 95
​ 480 95
​ 481 95
​ 482 95
​ 483 95
​ 484 95
​ 485 95
​ 486 95
​ 487 95
​ 488 95
​ 489 95
​ 490 95
​ 491 95
​ 492 95
​ 493 95
​ 494 95
​ 495 95
​ 496 95
​ 497 95
​ 498 95
​ 499 95
​ 69 96
​ 70 96
​ 71 96
​ 75 96
​ 76 96
​ 77 96
​ 78 96
​ 80 96
​ 81 96
​ 82 96
​ 88 96
​ 336 96
​ 372 96
​ 373 96
​ 464 96
​ 465 96
​ 466 96
​ 467 96
​ 468 96
​ 471 96
​ 472 96
​ 478 96
​ 479 96
​ 480 96
​ 481 96
​ 482 96
​ 483 96
​ 484 96
​ 485 96
​ 486 96
​ 487 96
​ 488 96
​ 489 96
​ 490 96
​ 492 96
​ 493 96
​ 494 96
​ 496 96
​ 497 96
​ 498 96
​ 499 96
​ 70 97
​ 71 97
​ 72 97
​ 75 97
​ 76 97
​ 77 97
​ 81 97
​ 82 97
​ 83 97
​ 372 97
​ 466 97
​ 467 97
​ 472 97
​ 473 97
​ 474 97
​ 475 97
​ 477 97
​ 478 97
​ 479 97
​ 480 97
​ 481 97
​ 482 97
​ 483 97
​ 484 97
​ 485 97
​ 486 97
​ 487 97
​ 488 97
​ 489 97
​ 490 97
​ 491 97
​ 492 97
​ 493 97
​ 495 97
​ 496 97
​ 497 97
​ 72 98
​ 73 98
​ 74 98
​ 75 98
​ 76 98
​ 77 98
​ 81 98
​ 82 98
​ 83 98
​ 84 98
​ 85 98
​ 86 98
​ 87 98
​ 88 98
​ 89 98
​ 90 98
​ 91 98
​ 463 98
​ 466 98
​ 467 98
​ 468 98
​ 469 98
​ 474 98
​ 475 98
​ 476 98
​ 478 98
​ 479 98
​ 480 98
​ 481 98
​ 482 98
​ 483 98
​ 484 98
​ 485 98
​ 486 98
​ 487 98
​ 488 98
​ 489 98
​ 490 98
​ 491 98
​ 492 98
​ 493 98
​ 494 98
​ 495 98
​ 496 98
​ 497 98
​ 498 98
​ 71 99
​ 72 99
​ 73 99
​ 74 99
​ 75 99
​ 77 99
​ 78 99
​ 79 99
​ 80 99
​ 81 99
​ 82 99
​ 83 99
​ 84 99
​ 85 99
​ 86 99
​ 87 99
​ 88 99
​ 89 99
​ 90 99
​ 91 99
​ 92 99
​ 93 99
​ 338 99
​ 461 99
​ 462 99
​ 463 99
​ 465 99
​ 466 99
​ 467 99
​ 468 99
​ 469 99
​ 477 99
​ 478 99
​ 479 99
​ 480 99
​ 482 99
​ 483 99
​ 484 99
​ 486 99
​ 487 99
​ 488 99
​ 489 99
​ 490 99
​ 491 99
​ 492 99
​ 493 99
​ 494 99
​ 495 99
​ 497 99
​ 498 99
​ 499 99
​ 73 100
​ 74 100
​ 77 100
​ 78 100
​ 79 100
​ 80 100
​ 81 100
​ 82 100
​ 83 100
​ 84 100
​ 85 100
​ 86 100
​ 87 100
​ 88 100
​ 90 100
​ 339 100
​ 463 100
​ 472 100
​ 473 100
​ 476 100
​ 477 100
​ 478 100
​ 479 100
​ 480 100
​ 483 100
​ 485 100
​ 486 100
​ 488 100
​ 489 100
​ 490 100
​ 491 100
​ 492 100
​ 495 100
​ 496 100
​ 497 100
​ 498 100
​ 71 101
​ 72 101
​ 73 101
​ 74 101
​ 79 101
​ 80 101
​ 81 101
​ 82 101
​ 83 101
​ 84 101
​ 85 101
​ 86 101
​ 87 101
​ 88 101
  471 101
  473 101
  474 101
  476 101
  477 101
  478 101
  479 101
  480 101
  481 101
  482 101
  483 101
  484 101
  485 101
  488 101
  489 101
  490 101
  491 101
  492 101
  493 101
  494 101
  495 101
  496 101
  497 101
  499 101
  73 102
  77 102
  81 102
  82 102
  83 102
  340 102
  471 102
  473 102
  474 102
  475 102
  476 102
  477 102
  479 102
  480 102
  481 102
  482 102
  485 102
  486 102
  487 102
  488 102
  489 102
  490 102
  491 102
  492 102
  493 102
  494 102
  495 102
  496 102
  497 102
  498 102
  499 102
  73 103
  74 103
  76 103
  77 103
  78 103
  79 103
  80 103
  81 103
  82 103
  83 103
  84 103
  341 103
  479 103
  480 103
  481 103
  482 103
  485 103
  486 103
  487 103
  488 103
  489 103
  490 103
  491 103
  492 103
  493 103
  494 103
  495 103
  496 103
  497 103
  498 103
  499 103
​ 76 104
​ 77 104
​ 78 104
​ 79 104
​ 80 104
​ 81 104
​ 82 104
​ 83 104
​ 84 104
​ 341 104
​ 472 104
​ 479 104
​ 480 104
​ 481 104
​ 485 104
​ 486 104
​ 487 104
​ 488 104
​ 489 104
​ 490 104
​ 491 104
​ 492 104
​ 493 104
​ 494 104
​ 495 104
​ 496 104
​ 497 104
​ 498 104
​ 499 104
​ 75 105
​ 76 105
​ 77 105
​ 78 105
​ 79 105
​ 80 105
​ 81 105
​ 82 105
​ 83 105
​ 342 105
​ 476 105
​ 479 105
​ 482 105
​ 483 105
​ 484 105
​ 485 105
​ 486 105
​ 487 105
​ 488 105
​ 489 105
​ 490 105
​ 491 105
​ 492 105
​ 493 105
​ 494 105
​ 495 105
​ 496 105
​ 497 105
​ 498 105
​ 499 105
​ 73 106
​ 76 106
​ 77 106
​ 78 106
​ 79 106
​ 80 106
​ 81 106
​ 320 106
​ 321 106
​ 322 106
​ 484 106
​ 485 106
​ 486 106
​ 487 106
​ 490 106
​ 491 106
​ 492 106
​ 493 106
​ 494 106
​ 495 106
​ 496 106
​ 497 106
​ 498 106
​ 499 106
​ 73 107
​ 79 107
​ 80 107
​ 285 107
​ 286 107
​ 297 107
​ 298 107
​ 306 107
​ 307 107
​ 308 107
​ 311 107
​ 313 107
​ 320 107
​ 323 107
​ 337 107
​ 343 107
​ 468 107
​ 477 107
​ 484 107
​ 485 107
​ 486 107
​ 487 107
​ 489 107
​ 490 107
​ 491 107
​ 492 107
​ 493 107
​ 494 107
​ 495 107
​ 496 107
​ 497 107
​ 498 107
​ 499 107
​ 75 108
​ 77 108
​ 78 108
​ 290 108
​ 295 108
​ 296 108
​ 298 108
​ 305 108
​ 306 108
​ 307 108
​ 309 108
​ 313 108
​ 314 108
​ 316 108
​ 320 108
​ 321 108
​ 323 108
​ 471 108
​ 481 108
​ 483 108
​ 484 108
​ 485 108
​ 486 108
​ 487 108
​ 488 108
​ 489 108
​ 490 108
​ 491 108
​ 492 108
​ 493 108
​ 494 108
​ 495 108
​ 497 108
​ 498 108
​ 499 108
​ 280 109
​ 284 109
​ 285 109
​ 298 109
​ 305 109
​ 314 109
​ 320 109
​ 321 109
​ 323 109
​ 338 109
​ 339 109
​ 344 109
​ 471 109
​ 485 109
​ 486 109
​ 487 109
​ 488 109
​ 489 109
​ 490 109
​ 491 109
​ 492 109
​ 493 109
​ 494 109
​ 495 109
​ 496 109
​ 497 109
​ 498 109
​ 499 109
​ 280 110
​ 281 110
​ 284 110
​ 285 110
​ 286 110
​ 298 110
​ 299 110
​ 302 110
​ 320 110
​ 321 110
​ 323 110
​ 486 110
​ 488 110
​ 489 110
​ 490 110
​ 491 110
​ 492 110
​ 493 110
​ 494 110
​ 495 110
​ 496 110
​ 497 110
​ 498 110
​ 499 110
​ 283 111
​ 284 111
​ 285 111
​ 286 111
​ 287 111
​ 290 111
​ 293 111
​ 296 111
​ 297 111
​ 298 111
​ 299 111
​ 305 111
​ 306 111
​ 321 111
​ 323 111
​ 342 111
​ 343 111
​ 345 111
​ 485 111
​ 490 111
​ 491 111
​ 492 111
​ 493 111
​ 494 111
​ 495 111
​ 496 111
​ 497 111
​ 498 111
​ 499 111
​ 269 112
​ 270 112
​ 273 112
​ 282 112
​ 283 112
​ 284 112
​ 290 112
​ 293 112
​ 294 112
​ 295 112
​ 296 112
​ 297 112
​ 301 112
​ 306 112
​ 307 112
​ 310 112
​ 321 112
​ 323 112
​ 338 112
​ 342 112
​ 343 112
​ 490 112
​ 491 112
​ 492 112
​ 493 112
​ 494 112
​ 495 112
​ 496 112
​ 497 112
​ 498 112
​ 499 112
​ 49 113
​ 258 113
​ 263 113
​ 264 113
​ 272 113
​ 273 113
​ 275 113
​ 276 113
​ 277 113
​ 278 113
​ 279 113
​ 280 113
​ 285 113
​ 286 113
​ 288 113
​ 291 113
​ 292 113
​ 293 113
​ 294 113
​ 295 113
​ 296 113
​ 297 113
​ 301 113
​ 304 113
​ 305 113
​ 308 113
​ 311 113
​ 313 113
​ 321 113
​ 323 113
​ 338 113
​ 343 113
​ 344 113
​ 346 113
​ 490 113
​ 491 113
​ 492 113
​ 493 113
​ 494 113
​ 495 113
​ 496 113
​ 497 113
​ 498 113
​ 499 113
​ 50 114
​ 266 114
​ 273 114
​ 274 114
​ 276 114
​ 277 114
​ 278 114
​ 279 114
​ 280 114
​ 281 114
​ 284 114
​ 285 114
​ 286 114
​ 287 114
​ 288 114
​ 289 114
​ 290 114
​ 291 114
​ 292 114
​ 293 114
​ 294 114
​ 295 114
​ 296 114
​ 305 114
​ 310 114
​ 321 114
​ 322 114
​ 323 114
​ 338 114
​ 343 114
​ 344 114
​ 345 114
​ 487 114
​ 489 114
​ 490 114
​ 491 114
​ 492 114
​ 493 114
​ 494 114
​ 495 114
​ 496 114
​ 497 114
​ 498 114
​ 499 114
​ 49 115
​ 50 115
​ 51 115
​ 52 115
​ 265 115
​ 271 115
​ 274 115
​ 275 115
​ 279 115
​ 280 115
​ 281 115
​ 282 115
​ 283 115
​ 284 115
​ 285 115
​ 286 115
​ 289 115
​ 290 115
​ 291 115
​ 292 115
​ 293 115
​ 294 115
​ 295 115
​ 296 115
​ 297 115
​ 302 115
​ 303 115
​ 304 115
​ 308 115
​ 321 115
​ 322 115
​ 323 115
​ 344 115
​ 345 115
​ 347 115
​ 487 115
​ 488 115
​ 489 115
​ 491 115
​ 493 115
​ 494 115
​ 495 115
​ 496 115
​ 497 115
​ 498 115
​ 499 115
​ 50 116
​ 51 116
​ 52 116
​ 258 116
​ 265 116
​ 274 116
​ 275 116
​ 282 116
​ 283 116
​ 284 116
​ 285 116
​ 286 116
​ 287 116
​ 288 116
​ 289 116
​ 290 116
​ 291 116
​ 292 116
​ 293 116
​ 294 116
​ 295 116
​ 296 116
​ 297 116
​ 303 116
​ 304 116
​ 321 116
​ 322 116
​ 323 116
​ 324 116
​ 344 116
​ 345 116
​ 346 116
​ 487 116
​ 488 116
​ 490 116
​ 491 116
​ 492 116
​ 493 116
​ 494 116
​ 495 116
​ 496 116
​ 497 116
​ 498 116
​ 499 116
​ 257 117
​ 258 117
​ 261 117
​ 262 117
​ 265 117
​ 274 117
​ 275 117
​ 276 117
​ 277 117
​ 279 117
​ 280 117
​ 282 117
​ 283 117
​ 284 117
​ 285 117
​ 286 117
​ 287 117
​ 288 117
​ 289 117
​ 290 117
​ 291 117
​ 293 117
​ 294 117
​ 295 117
​ 303 117
​ 304 117
​ 307 117
​ 321 117
​ 322 117
​ 323 117
​ 324 117
​ 345 117
​ 483 117
​ 484 117
​ 487 117
​ 488 117
​ 491 117
​ 492 117
​ 493 117
​ 494 117
​ 495 117
​ 496 117
​ 497 117
​ 498 117
​ 499 117
​ 257 118
​ 261 118
​ 268 118
​ 274 118
​ 275 118
​ 276 118
​ 277 118
​ 278 118
​ 279 118
​ 280 118
​ 281 118
​ 282 118
​ 283 118
​ 284 118
​ 285 118
​ 286 118
​ 287 118
​ 288 118
​ 289 118
​ 290 118
​ 291 118
​ 292 118
​ 293 118
​ 294 118
​ 295 118
​ 298 118
​ 300 118
​ 303 118
​ 304 118
​ 307 118
​ 310 118
​ 322 118
​ 323 118
​ 324 118
​ 345 118
​ 347 118
​ 484 118
​ 488 118
​ 489 118
​ 490 118
​ 491 118
​ 493 118
​ 494 118
​ 495 118
​ 496 118
​ 497 118
​ 498 118
​ 499 118
​ 257 119
​ 259 119
​ 264 119
​ 269 119
​ 270 119
​ 271 119
​ 273 119
​ 274 119
​ 275 119
​ 276 119
​ 277 119
​ 278 119
​ 280 119
​ 281 119
​ 282 119
​ 283 119
​ 284 119
​ 285 119
​ 286 119
​ 287 119
​ 288 119
​ 289 119
​ 290 119
​ 291 119
​ 292 119
​ 293 119
​ 294 119
​ 295 119
​ 296 119
​ 297 119
​ 298 119
​ 299 119
​ 302 119
​ 308 119
​ 309 119
​ 310 119
​ 311 119
​ 322 119
​ 323 119
​ 324 119
​ 338 119
​ 348 119
​ 490 119
​ 491 119
​ 493 119
​ 494 119
​ 495 119
​ 496 119
​ 497 119
​ 498 119
​ 499 119
​ 254 120
​ 255 120
​ 256 120
​ 257 120
​ 258 120
​ 259 120
​ 264 120
​ 265 120
​ 270 120
​ 271 120
​ 272 120
​ 273 120
​ 274 120
​ 275 120
​ 276 120
​ 278 120
​ 280 120
​ 281 120
​ 282 120
​ 283 120
​ 284 120
​ 285 120
​ 286 120
​ 287 120
​ 288 120
​ 290 120
​ 291 120
​ 292 120
​ 293 120
​ 294 120
​ 295 120
​ 296 120
​ 299 120
​ 303 120
​ 304 120
​ 322 120
​ 323 120
​ 324 120
​ 338 120
​ 348 120
​ 488 120
​ 490 120
​ 493 120
​ 494 120
​ 495 120
​ 496 120
​ 254 121
​ 255 121
​ 256 121
​ 257 121
​ 258 121
​ 259 121
​ 260 121
​ 266 121
​ 267 121
​ 274 121
​ 277 121
​ 279 121
​ 280 121
​ 281 121
​ 282 121
​ 283 121
​ 284 121
​ 285 121
​ 286 121
​ 287 121
​ 288 121
​ 290 121
​ 291 121
​ 292 121
​ 293 121
​ 294 121
​ 296 121
​ 300 121
​ 301 121
​ 303 121
​ 310 121
​ 312 121
​ 314 121
​ 322 121
​ 323 121
​ 324 121
​ 338 121
​ 346 121
​ 348 121
​ 487 121
​ 494 121
​ 495 121
​ 254 122
​ 255 122
​ 256 122
​ 258 122
​ 259 122
​ 260 122
​ 270 122
​ 273 122
​ 274 122
​ 277 122
​ 278 122
​ 279 122
​ 280 122
​ 281 122
​ 283 122
​ 284 122
​ 286 122
​ 290 122
​ 291 122
​ 292 122
​ 293 122
​ 294 122
​ 295 122
​ 296 122
​ 297 122
​ 300 122
​ 301 122
​ 304 122
​ 307 122
​ 310 122
​ 313 122
​ 322 122
​ 323 122
​ 324 122
​ 325 122
​ 349 122
​ 489 122
​ 492 122
​ 254 123
​ 255 123
​ 259 123
​ 263 123
​ 264 123
​ 265 123
​ 266 123
​ 267 123
​ 268 123
​ 269 123
​ 270 123
​ 272 123
​ 273 123
​ 274 123
​ 276 123
​ 277 123
​ 278 123
​ 279 123
​ 280 123
​ 281 123
​ 282 123
​ 283 123
​ 284 123
​ 285 123
​ 286 123
​ 287 123
​ 289 123
​ 293 123
​ 294 123
​ 295 123
​ 296 123
​ 300 123
​ 301 123
​ 304 123
​ 307 123
​ 319 123
​ 320 123
​ 322 123
​ 323 123
​ 324 123
​ 325 123
​ 339 123
​ 349 123
​ 496 123
​ 497 123
​ 253 124
​ 254 124
​ 255 124
​ 256 124
​ 262 124
​ 263 124
​ 264 124
​ 265 124
​ 268 124
​ 269 124
​ 273 124
​ 276 124
​ 277 124
​ 278 124
​ 279 124
​ 283 124
​ 284 124
​ 285 124
​ 286 124
​ 287 124
​ 288 124
​ 289 124
​ 290 124
​ 291 124
​ 292 124
​ 293 124
​ 294 124
​ 295 124
​ 297 124
​ 298 124
​ 301 124
​ 302 124
​ 307 124
​ 308 124
​ 313 124
​ 322 124
​ 323 124
​ 324 124
​ 325 124
​ 339 124
​ 349 124
​ 350 124
​ 499 124
​ 252 125
​ 253 125
​ 254 125
​ 255 125
​ 256 125
​ 257 125
​ 258 125
​ 262 125
​ 263 125
​ 264 125
​ 265 125
​ 267 125
​ 268 125
​ 275 125
​ 276 125
​ 277 125
​ 278 125
​ 279 125
​ 280 125
​ 281 125
​ 282 125
​ 285 125
​ 286 125
​ 287 125
​ 288 125
​ 289 125
​ 290 125
​ 291 125
​ 292 125
​ 293 125
​ 294 125
​ 296 125
​ 297 125
​ 298 125
​ 302 125
​ 305 125
​ 306 125
​ 307 125
​ 308 125
​ 312 125
​ 320 125
​ 322 125
​ 323 125
​ 324 125
​ 325 125
​ 339 125
​ 349 125
​ 350 125
​ 253 126
​ 254 126
​ 257 126
​ 259 126
​ 262 126
​ 263 126
​ 264 126
​ 265 126
​ 267 126
​ 276 126
​ 279 126
​ 281 126
​ 282 126
​ 283 126
​ 284 126
​ 285 126
​ 286 126
​ 287 126
​ 288 126
​ 289 126
​ 290 126
​ 292 126
​ 293 126
​ 294 126
​ 295 126
​ 297 126
​ 298 126
​ 299 126
​ 302 126
​ 303 126
​ 308 126
​ 309 126
​ 310 126
​ 319 126
​ 320 126
​ 323 126
​ 324 126
​ 325 126
​ 339 126
​ 252 127
​ 253 127
​ 254 127
​ 255 127
​ 257 127
​ 259 127
​ 260 127
​ 261 127
​ 262 127
​ 263 127
​ 264 127
​ 265 127
​ 266 127
​ 269 127
​ 272 127
​ 273 127
​ 276 127
​ 277 127
​ 280 127
​ 281 127
​ 282 127
​ 283 127
​ 284 127
​ 285 127
​ 286 127
​ 287 127
​ 288 127
​ 289 127
​ 290 127
​ 291 127
​ 292 127
​ 293 127
​ 294 127
​ 295 127
​ 298 127
​ 299 127
​ 302 127
​ 303 127
​ 307 127
​ 310 127
​ 319 127
​ 320 127
​ 323 127
​ 324 127
​ 325 127
​ 339 127
​ 494 127
​ 495 127
​ 498 127
​ 499 127
​ 252 128
​ 255 128
​ 256 128
​ 257 128
​ 258 128
​ 259 128
​ 260 128
​ 261 128
​ 262 128
​ 263 128
​ 264 128
​ 265 128
​ 266 128
​ 267 128
​ 270 128
​ 271 128
​ 272 128
​ 273 128
​ 274 128
​ 275 128
​ 277 128
​ 283 128
​ 284 128
​ 285 128
​ 286 128
​ 287 128
​ 288 128
​ 289 128
​ 290 128
​ 291 128
​ 292 128
​ 295 128
​ 296 128
​ 297 128
​ 298 128
​ 300 128
​ 308 128
​ 309 128
​ 310 128
​ 311 128
​ 323 128
​ 324 128
​ 325 128
​ 350 128
​ 486 128
​ 490 128
​ 499 128
​ 258 129
​ 259 129
​ 260 129
​ 261 129
​ 262 129
​ 263 129
​ 264 129
​ 265 129
​ 266 129
​ 267 129
​ 268 129
​ 269 129
​ 270 129
​ 271 129
​ 272 129
​ 273 129
​ 274 129
​ 275 129
​ 276 129
​ 277 129
​ 281 129
​ 282 129
​ 283 129
​ 284 129
​ 285 129
​ 286 129
​ 287 129
​ 289 129
​ 290 129
​ 291 129
​ 295 129
​ 296 129
​ 318 129
​ 323 129
​ 324 129
​ 325 129
​ 350 129
​ 351 129
​ 496 129
​ 497 129
​ 498 129
​ 253 130
​ 257 130
​ 258 130
​ 259 130
​ 260 130
​ 261 130
​ 265 130
​ 266 130
​ 267 130
​ 268 130
​ 269 130
​ 270 130
​ 271 130
​ 272 130
​ 273 130
​ 274 130
​ 275 130
​ 276 130
​ 277 130
​ 278 130
​ 279 130
​ 280 130
​ 281 130
​ 282 130
​ 283 130
  285 130
  286 130
  287 130
  288 130
  289 130
  290 130
  291 130
  292 130
  293 130
  295 130
  296 130
  297 130
  300 130
  301 130
  323 130
  324 130
  325 130
  340 130
  351 130
  497 130
  499 130
  252 131
  256 131
  257 131
  258 131
  259 131
  260 131
  261 131
  263 131
  264 131
  266 131
  267 131
  268 131
  269 131
  270 131
  272 131
  274 131
  275 131
  276 131
  277 131
  278 131
  279 131
  280 131
  281 131
  282 131
  284 131
  285 131
  286 131
  287 131
  288 131
  289 131
  290 131
  291 131
  292 131
  293 131
  295 131
  296 131
  297 131
  300 131
  304 131
  307 131
  323 131
  324 131
  325 131
  257 132
  258 132
  261 132
  262 132
  263 132
  264 132
  265 132
  266 132
  267 132
  268 132
  269 132
  270 132
  272 132
  274 132
  275 132
  276 132
  277 132
  279 132
  280 132
  281 132
  284 132
  285 132
​ 286 132
​ 287 132
​ 288 132
​ 289 132
​ 290 132
​ 291 132
​ 292 132
​ 293 132
​ 294 132
​ 295 132
​ 298 132
​ 299 132
​ 304 132
​ 305 132
​ 323 132
​ 324 132
​ 325 132
​ 339 132
​ 341 132
​ 250 133
​ 251 133
​ 252 133
​ 254 133
​ 255 133
​ 256 133
​ 257 133
​ 258 133
​ 261 133
​ 263 133
​ 264 133
​ 265 133
​ 268 133
​ 269 133
​ 270 133
​ 271 133
​ 274 133
​ 275 133
​ 276 133
​ 279 133
​ 280 133
​ 283 133
​ 284 133
​ 285 133
​ 286 133
​ 287 133
​ 288 133
​ 289 133
​ 290 133
​ 291 133
​ 292 133
​ 293 133
​ 294 133
​ 295 133
​ 296 133
​ 298 133
​ 323 133
​ 324 133
​ 325 133
​ 338 133
​ 339 133
​ 340 133
​ 251 134
​ 252 134
​ 255 134
​ 256 134
​ 257 134
​ 258 134
​ 259 134
​ 260 134
​ 261 134
​ 262 134
​ 263 134
​ 265 134
​ 268 134
​ 270 134
​ 271 134
​ 272 134
​ 273 134
​ 274 134
​ 275 134
​ 276 134
​ 278 134
​ 279 134
​ 280 134
​ 281 134
​ 283 134
​ 284 134
​ 285 134
​ 286 134
​ 287 134
​ 288 134
​ 289 134
​ 290 134
​ 291 134
​ 292 134
​ 293 134
​ 294 134
​ 296 134
​ 297 134
​ 298 134
​ 310 134
​ 323 134
​ 324 134
​ 325 134
​ 499 134
​ 251 135
​ 255 135
​ 256 135
​ 258 135
​ 259 135
​ 260 135
​ 261 135
​ 263 135
​ 264 135
​ 265 135
​ 266 135
​ 267 135
​ 268 135
​ 269 135
​ 270 135
​ 271 135
​ 272 135
​ 273 135
​ 274 135
​ 275 135
​ 276 135
​ 277 135
​ 278 135
​ 280 135
​ 281 135
​ 282 135
​ 283 135
​ 284 135
​ 285 135
​ 286 135
​ 287 135
​ 290 135
​ 291 135
​ 292 135
​ 293 135
​ 294 135
​ 295 135
​ 296 135
​ 297 135
​ 300 135
​ 301 135
​ 304 135
​ 323 135
​ 324 135
​ 325 135
​ 337 135
​ 351 135
​ 352 135
​ 250 136
​ 251 136
​ 253 136
​ 254 136
​ 255 136
​ 256 136
​ 257 136
​ 258 136
​ 259 136
​ 260 136
​ 261 136
​ 262 136
​ 263 136
​ 264 136
​ 265 136
​ 266 136
​ 267 136
​ 268 136
​ 269 136
​ 270 136
​ 271 136
​ 272 136
​ 273 136
​ 274 136
​ 276 136
​ 277 136
​ 278 136
​ 279 136
​ 280 136
​ 281 136
​ 282 136
​ 283 136
​ 284 136
​ 285 136
​ 286 136
​ 287 136
​ 289 136
​ 290 136
​ 291 136
​ 292 136
​ 293 136
​ 294 136
​ 295 136
​ 296 136
​ 297 136
​ 301 136
​ 324 136
​ 325 136
​ 351 136
​ 352 136
​ 192 137
​ 249 137
​ 250 137
​ 251 137
​ 252 137
​ 253 137
​ 254 137
​ 256 137
​ 257 137
​ 258 137
​ 259 137
​ 260 137
​ 261 137
​ 263 137
​ 264 137
​ 265 137
​ 266 137
​ 267 137
​ 268 137
​ 269 137
​ 270 137
​ 271 137
​ 272 137
​ 273 137
​ 274 137
​ 275 137
​ 276 137
​ 278 137
​ 279 137
​ 280 137
​ 281 137
​ 282 137
​ 283 137
​ 284 137
​ 285 137
​ 286 137
​ 287 137
​ 288 137
​ 289 137
​ 290 137
​ 291 137
​ 293 137
​ 294 137
​ 295 137
​ 296 137
​ 297 137
​ 298 137
​ 299 137
​ 300 137
​ 301 137
​ 303 137
​ 310 137
​ 324 137
​ 325 137
​ 352 137
​ 491 137
​ 192 138
​ 196 138
​ 201 138
​ 250 138
​ 251 138
​ 252 138
​ 253 138
​ 254 138
​ 255 138
​ 258 138
​ 260 138
​ 261 138
​ 262 138
​ 263 138
​ 264 138
​ 265 138
​ 266 138
​ 267 138
​ 268 138
​ 269 138
​ 270 138
​ 271 138
​ 272 138
​ 273 138
​ 274 138
​ 275 138
​ 276 138
​ 279 138
​ 280 138
​ 281 138
​ 282 138
​ 283 138
​ 284 138
​ 285 138
​ 286 138
​ 287 138
​ 288 138
​ 289 138
​ 290 138
​ 291 138
​ 292 138
​ 293 138
​ 294 138
​ 295 138
​ 296 138
​ 297 138
​ 298 138
​ 299 138
​ 300 138
​ 301 138
​ 302 138
​ 309 138
​ 315 138
​ 324 138
​ 325 138
​ 478 138
​ 192 139
​ 193 139
​ 201 139
​ 250 139
​ 251 139
​ 252 139
​ 253 139
​ 254 139
​ 255 139
​ 258 139
​ 259 139
​ 260 139
​ 261 139
​ 262 139
​ 263 139
​ 264 139
​ 265 139
​ 266 139
​ 267 139
​ 268 139
​ 269 139
​ 270 139
​ 271 139
​ 272 139
​ 273 139
​ 274 139
​ 275 139
​ 276 139
​ 277 139
​ 278 139
​ 279 139
​ 280 139
​ 281 139
​ 282 139
​ 283 139
​ 284 139
​ 285 139
​ 286 139
​ 287 139
​ 288 139
​ 289 139
​ 290 139
​ 291 139
​ 292 139
​ 293 139
​ 295 139
​ 296 139
​ 297 139
​ 298 139
​ 300 139
​ 301 139
​ 324 139
​ 325 139
​ 342 139
​ 192 140
​ 193 140
​ 250 140
​ 251 140
​ 252 140
​ 253 140
​ 254 140
​ 255 140
​ 256 140
​ 257 140
​ 258 140
​ 259 140
​ 260 140
​ 261 140
​ 262 140
​ 263 140
​ 264 140
​ 265 140
​ 266 140
​ 267 140
​ 268 140
​ 269 140
​ 270 140
​ 271 140
​ 272 140
​ 273 140
​ 274 140
​ 275 140
​ 276 140
​ 277 140
​ 278 140
​ 279 140
​ 280 140
​ 281 140
​ 282 140
​ 283 140
​ 284 140
​ 285 140
​ 286 140
​ 287 140
​ 288 140
​ 289 140
​ 290 140
​ 291 140
​ 292 140
​ 293 140
​ 294 140
​ 295 140
​ 296 140
​ 297 140
​ 298 140
​ 299 140
​ 300 140
​ 301 140
​ 302 140
​ 303 140
​ 323 140
​ 324 140
​ 325 140
​ 345 140
​ 351 140
​ 192 141
​ 193 141
​ 196 141
​ 251 141
​ 252 141
​ 253 141
​ 254 141
​ 256 141
​ 257 141
​ 258 141
​ 259 141
​ 260 141
​ 261 141
​ 262 141
​ 263 141
​ 264 141
​ 265 141
​ 266 141
​ 267 141
​ 268 141
​ 269 141
​ 270 141
​ 271 141
​ 272 141
​ 273 141
​ 274 141
​ 275 141
​ 276 141
​ 277 141
​ 278 141
​ 279 141
​ 280 141
​ 281 141
​ 282 141
​ 283 141
​ 285 141
​ 286 141
​ 287 141
​ 288 141
​ 289 141
​ 290 141
​ 291 141
​ 292 141
​ 293 141
​ 294 141
​ 295 141
​ 296 141
​ 297 141
​ 298 141
​ 299 141
​ 300 141
​ 301 141
​ 302 141
​ 303 141
​ 324 141
​ 325 141
​ 351 141
​ 353 141
​ 193 142
​ 197 142
​ 198 142
​ 252 142
​ 253 142
​ 254 142
​ 258 142
​ 259 142
​ 260 142
​ 261 142
​ 262 142
​ 263 142
​ 264 142
​ 265 142
​ 266 142
​ 267 142
​ 268 142
​ 269 142
​ 270 142
​ 271 142
​ 272 142
​ 273 142
​ 274 142
​ 275 142
​ 276 142
​ 277 142
​ 278 142
​ 279 142
​ 280 142
​ 281 142
​ 282 142
​ 283 142
​ 284 142
​ 285 142
​ 286 142
​ 287 142
​ 288 142
​ 289 142
​ 290 142
​ 291 142
​ 292 142
​ 293 142
​ 294 142
​ 295 142
​ 296 142
​ 297 142
​ 298 142
​ 299 142
​ 300 142
​ 301 142
​ 302 142
​ 303 142
​ 304 142
​ 323 142
​ 324 142
​ 325 142
​ 348 142
​ 349 142
​ 250 143
​ 252 143
​ 253 143
​ 254 143
​ 255 143
​ 256 143
​ 257 143
​ 258 143
​ 259 143
​ 260 143
​ 261 143
​ 262 143
​ 263 143
​ 264 143
​ 265 143
​ 266 143
​ 267 143
​ 268 143
​ 269 143
​ 270 143
​ 271 143
​ 272 143
​ 273 143
​ 274 143
​ 275 143
​ 276 143
​ 277 143
​ 278 143
​ 279 143
​ 280 143
​ 281 143
​ 282 143
​ 283 143
​ 284 143
​ 285 143
​ 286 143
​ 287 143
​ 288 143
​ 289 143
​ 290 143
​ 291 143
​ 292 143
​ 294 143
​ 295 143
​ 296 143
​ 298 143
​ 299 143
​ 302 143
​ 303 143
​ 304 143
​ 324 143
​ 325 143
​ 193 144
​ 250 144
​ 251 144
​ 252 144
​ 253 144
​ 254 144
​ 255 144
​ 256 144
​ 257 144
​ 258 144
​ 259 144
​ 260 144
​ 261 144
​ 262 144
​ 263 144
​ 264 144
​ 265 144
​ 266 144
​ 267 144
​ 268 144
​ 269 144
​ 270 144
​ 271 144
​ 272 144
​ 273 144
​ 274 144
​ 275 144
​ 276 144
​ 277 144
​ 278 144
​ 279 144
​ 280 144
​ 281 144
​ 282 144
​ 283 144
​ 284 144
​ 285 144
​ 286 144
​ 287 144
​ 288 144
​ 289 144
​ 290 144
​ 291 144
​ 292 144
​ 293 144
​ 294 144
​ 295 144
​ 296 144
​ 297 144
​ 298 144
​ 299 144
​ 301 144
​ 302 144
​ 303 144
​ 304 144
​ 306 144
​ 307 144
​ 323 144
​ 324 144
​ 325 144
​ 193 145
​ 251 145
​ 252 145
​ 253 145
​ 254 145
​ 255 145
​ 256 145
​ 257 145
​ 258 145
​ 259 145
​ 260 145
​ 261 145
​ 262 145
​ 263 145
​ 264 145
​ 265 145
​ 266 145
​ 267 145
​ 268 145
​ 269 145
​ 270 145
​ 271 145
​ 272 145
​ 273 145
​ 274 145
​ 275 145
​ 276 145
​ 277 145
​ 278 145
​ 279 145
​ 280 145
​ 281 145
​ 282 145
​ 283 145
​ 284 145
​ 285 145
​ 286 145
​ 287 145
​ 288 145
​ 289 145
​ 290 145
​ 291 145
​ 292 145
​ 293 145
​ 294 145
​ 295 145
​ 299 145
​ 300 145
​ 301 145
​ 302 145
​ 303 145
​ 304 145
​ 306 145
​ 307 145
​ 308 145
​ 309 145
​ 310 145
​ 324 145
​ 350 145
​ 191 146
​ 192 146
​ 193 146
​ 250 146
​ 251 146
​ 252 146
​ 253 146
​ 254 146
​ 255 146
​ 256 146
​ 257 146
​ 258 146
​ 259 146
​ 260 146
​ 261 146
​ 262 146
​ 263 146
​ 264 146
​ 265 146
​ 266 146
​ 267 146
​ 268 146
​ 269 146
​ 270 146
​ 271 146
​ 272 146
​ 273 146
​ 274 146
​ 275 146
​ 276 146
​ 277 146
​ 278 146
​ 279 146
​ 280 146
​ 281 146
​ 282 146
​ 283 146
​ 284 146
​ 285 146
​ 286 146
​ 287 146
​ 288 146
​ 289 146
​ 290 146
​ 291 146
​ 292 146
​ 293 146
​ 294 146
​ 295 146
​ 300 146
​ 301 146
​ 302 146
​ 303 146
​ 304 146
​ 307 146
​ 308 146
​ 309 146
​ 315 146
​ 316 146
​ 325 146
​ 326 146
​ 350 146
​ 354 146
​ 191 147
​ 192 147
​ 249 147
​ 250 147
​ 251 147
​ 252 147
​ 253 147
​ 254 147
​ 255 147
​ 256 147
​ 257 147
​ 258 147
​ 259 147
​ 260 147
​ 261 147
​ 262 147
​ 263 147
​ 264 147
​ 265 147
​ 266 147
​ 267 147
​ 268 147
​ 269 147
​ 270 147
​ 271 147
​ 272 147
​ 273 147
​ 274 147
​ 275 147
​ 276 147
​ 277 147
​ 278 147
​ 279 147
​ 280 147
​ 281 147
​ 282 147
​ 283 147
​ 284 147
​ 285 147
​ 286 147
​ 287 147
​ 288 147
​ 289 147
​ 290 147
​ 291 147
​ 292 147
​ 293 147
​ 294 147
​ 297 147
​ 299 147
​ 300 147
​ 301 147
​ 302 147
​ 303 147
​ 304 147
​ 305 147
​ 306 147
​ 314 147
​ 315 147
​ 316 147
​ 317 147
​ 325 147
​ 326 147
​ 350 147
​ 191 148
​ 216 148
​ 249 148
​ 250 148
​ 251 148
​ 252 148
​ 253 148
​ 254 148
​ 255 148
​ 256 148
​ 257 148
​ 258 148
​ 259 148
​ 260 148
​ 261 148
​ 262 148
​ 263 148
​ 264 148
​ 265 148
​ 266 148
​ 267 148
​ 268 148
​ 269 148
​ 270 148
​ 271 148
​ 272 148
​ 273 148
​ 274 148
​ 275 148
​ 276 148
​ 277 148
​ 278 148
​ 279 148
​ 280 148
​ 281 148
​ 282 148
​ 283 148
​ 284 148
​ 285 148
​ 286 148
​ 287 148
​ 288 148
​ 289 148
​ 290 148
​ 291 148
​ 292 148
​ 293 148
​ 294 148
​ 297 148
​ 301 148
​ 302 148
​ 303 148
​ 304 148
​ 305 148
​ 306 148
​ 307 148
​ 310 148
​ 315 148
​ 316 148
​ 325 148
​ 350 148
​ 191 149
​ 209 149
​ 249 149
​ 250 149
​ 251 149
​ 252 149
​ 253 149
​ 254 149
​ 255 149
​ 256 149
​ 257 149
​ 258 149
​ 259 149
​ 260 149
​ 261 149
​ 262 149
​ 263 149
​ 264 149
​ 265 149
​ 266 149
​ 267 149
​ 268 149
​ 269 149
​ 270 149
​ 271 149
​ 272 149
​ 273 149
​ 274 149
​ 275 149
​ 276 149
​ 277 149
​ 278 149
​ 279 149
​ 280 149
​ 281 149
​ 282 149
​ 283 149
​ 284 149
​ 285 149
​ 286 149
​ 287 149
​ 288 149
​ 289 149
​ 290 149
​ 291 149
​ 292 149
​ 293 149
​ 294 149
​ 295 149
​ 296 149
​ 297 149
​ 298 149
​ 300 149
​ 301 149
​ 302 149
​ 304 149
​ 305 149
​ 307 149
​ 308 149
​ 309 149
​ 350 149
​ 190 150
​ 250 150
​ 251 150
​ 252 150
​ 253 150
​ 254 150
​ 255 150
​ 256 150
​ 257 150
​ 258 150
​ 259 150
​ 260 150
​ 261 150
​ 262 150
​ 263 150
​ 264 150
​ 265 150
​ 266 150
​ 267 150
​ 268 150
​ 269 150
​ 270 150
​ 271 150
​ 272 150
​ 273 150
​ 274 150
​ 275 150
​ 276 150
​ 277 150
​ 278 150
​ 279 150
​ 280 150
​ 281 150
​ 282 150
​ 283 150
​ 284 150
​ 285 150
​ 286 150
​ 287 150
​ 288 150
​ 289 150
​ 290 150
​ 291 150
​ 292 150
​ 293 150
​ 294 150
​ 295 150
​ 296 150
​ 297 150
​ 298 150
​ 299 150
​ 300 150
​ 301 150
​ 302 150
​ 303 150
​ 304 150
​ 307 150
​ 308 150
​ 309 150
​ 310 150
​ 311 150
​ 313 150
​ 315 150
​ 326 150
​ 349 150
​ 350 150
​ 355 150
​ 250 151
​ 251 151
​ 252 151
​ 253 151
​ 254 151
​ 255 151
​ 256 151
​ 257 151
​ 258 151
​ 259 151
​ 260 151
​ 261 151
​ 262 151
​ 263 151
​ 264 151
​ 265 151
​ 266 151
​ 267 151
​ 268 151
​ 269 151
​ 270 151
​ 271 151
​ 272 151
​ 273 151
​ 274 151
​ 275 151
​ 276 151
​ 277 151
​ 278 151
​ 279 151
​ 280 151
​ 281 151
​ 282 151
​ 283 151
​ 284 151
​ 285 151
​ 286 151
​ 287 151
​ 288 151
​ 289 151
​ 290 151
​ 291 151
​ 292 151
​ 293 151
​ 294 151
​ 295 151
​ 296 151
​ 297 151
​ 298 151
​ 299 151
​ 300 151
​ 301 151
​ 302 151
​ 303 151
​ 307 151
​ 308 151
​ 309 151
​ 310 151
​ 311 151
​ 312 151
​ 314 151
​ 315 151
​ 325 151
​ 326 151
​ 349 151
​ 350 151
​ 355 151
​ 189 152
​ 250 152
​ 251 152
​ 252 152
​ 253 152
​ 254 152
​ 255 152
​ 256 152
​ 257 152
​ 258 152
​ 259 152
​ 260 152
​ 261 152
​ 262 152
​ 263 152
​ 264 152
​ 265 152
​ 266 152
​ 267 152
​ 268 152
​ 269 152
​ 270 152
​ 271 152
​ 272 152
​ 273 152
​ 274 152
​ 275 152
​ 276 152
​ 277 152
​ 278 152
​ 279 152
​ 280 152
​ 281 152
​ 282 152
​ 283 152
​ 284 152
​ 285 152
​ 286 152
​ 287 152
​ 288 152
​ 289 152
​ 290 152
​ 291 152
​ 292 152
​ 293 152
​ 294 152
​ 295 152
​ 296 152
​ 297 152
​ 298 152
​ 299 152
​ 300 152
​ 301 152
​ 302 152
​ 303 152
​ 304 152
​ 305 152
​ 306 152
​ 307 152
​ 308 152
​ 311 152
​ 312 152
​ 315 152
​ 325 152
​ 326 152
​ 349 152
​ 350 152
​ 355 152
​ 189 153
​ 250 153
​ 251 153
​ 252 153
​ 253 153
​ 254 153
​ 255 153
​ 256 153
​ 257 153
​ 258 153
​ 259 153
​ 260 153
​ 261 153
​ 262 153
​ 263 153
​ 264 153
​ 265 153
​ 266 153
​ 267 153
​ 268 153
​ 269 153
​ 270 153
​ 271 153
​ 272 153
​ 273 153
​ 274 153
​ 275 153
​ 276 153
​ 277 153
​ 278 153
​ 279 153
​ 280 153
​ 281 153
​ 282 153
​ 283 153
​ 284 153
​ 285 153
​ 286 153
​ 287 153
​ 288 153
​ 289 153
​ 290 153
​ 291 153
​ 292 153
​ 293 153
​ 294 153
​ 295 153
​ 296 153
​ 297 153
​ 298 153
​ 299 153
​ 300 153
​ 301 153
​ 302 153
​ 303 153
​ 304 153
​ 305 153
​ 306 153
​ 307 153
​ 308 153
​ 310 153
​ 311 153
​ 312 153
​ 313 153
​ 315 153
​ 325 153
​ 326 153
​ 327 153
​ 349 153
​ 350 153
​ 355 153
​ 249 154
​ 250 154
​ 251 154
​ 252 154
​ 253 154
​ 254 154
​ 255 154
​ 256 154
​ 257 154
​ 258 154
​ 259 154
​ 260 154
​ 261 154
​ 262 154
​ 263 154
​ 264 154
​ 265 154
​ 266 154
​ 267 154
​ 268 154
​ 269 154
​ 270 154
​ 271 154
​ 272 154
​ 273 154
​ 274 154
​ 275 154
​ 276 154
​ 277 154
​ 278 154
​ 279 154
​ 280 154
​ 281 154
​ 282 154
​ 283 154
​ 284 154
​ 285 154
​ 286 154
​ 287 154
​ 288 154
​ 289 154
​ 290 154
​ 291 154
​ 292 154
​ 293 154
​ 294 154
​ 295 154
​ 296 154
​ 297 154
​ 298 154
​ 299 154
​ 300 154
​ 301 154
​ 302 154
​ 303 154
​ 304 154
​ 305 154
​ 306 154
​ 307 154
​ 308 154
​ 309 154
​ 310 154
​ 311 154
​ 312 154
​ 313 154
​ 314 154
​ 315 154
​ 327 154
​ 349 154
​ 355 154
​ 189 155
​ 249 155
​ 250 155
​ 251 155
​ 252 155
​ 253 155
​ 254 155
​ 255 155
​ 256 155
​ 257 155
​ 258 155
​ 259 155
​ 260 155
​ 261 155
​ 262 155
​ 263 155
​ 264 155
​ 265 155
​ 266 155
​ 267 155
​ 268 155
​ 269 155
​ 270 155
​ 271 155
​ 272 155
​ 273 155
​ 274 155
​ 275 155
​ 276 155
​ 277 155
​ 278 155
​ 279 155
​ 280 155
​ 281 155
​ 282 155
​ 283 155
​ 284 155
​ 285 155
​ 286 155
​ 287 155
​ 288 155
​ 289 155
​ 290 155
​ 291 155
​ 292 155
​ 293 155
​ 294 155
​ 295 155
​ 296 155
​ 297 155
​ 298 155
​ 299 155
​ 300 155
​ 301 155
​ 302 155
​ 303 155
​ 304 155
​ 305 155
​ 306 155
​ 307 155
​ 308 155
​ 309 155
​ 311 155
​ 312 155
​ 313 155
​ 314 155
​ 326 155
​ 327 155
​ 328 155
​ 355 155
​ 249 156
​ 250 156
​ 251 156
​ 252 156
​ 253 156
​ 254 156
​ 255 156
​ 256 156
​ 257 156
​ 258 156
​ 259 156
​ 260 156
​ 261 156
​ 262 156
​ 263 156
​ 264 156
​ 265 156
​ 266 156
​ 267 156
​ 268 156
​ 269 156
​ 270 156
​ 271 156
​ 272 156
​ 273 156
​ 274 156
​ 275 156
​ 276 156
​ 277 156
​ 278 156
​ 279 156
​ 280 156
​ 281 156
​ 282 156
​ 283 156
​ 284 156
​ 285 156
​ 286 156
​ 287 156
​ 288 156
​ 289 156
​ 290 156
​ 291 156
​ 292 156
​ 293 156
​ 294 156
​ 295 156
​ 296 156
​ 297 156
​ 298 156
​ 299 156
​ 300 156
​ 301 156
​ 302 156
​ 303 156
​ 304 156
​ 305 156
​ 306 156
​ 307 156
​ 308 156
​ 309 156
​ 310 156
​ 311 156
​ 312 156
​ 313 156
​ 314 156
​ 315 156
​ 326 156
​ 327 156
​ 249 157
​ 250 157
​ 251 157
​ 252 157
​ 253 157
​ 254 157
​ 255 157
​ 256 157
​ 257 157
​ 258 157
​ 259 157
​ 260 157
​ 261 157
​ 262 157
​ 263 157
​ 264 157
​ 265 157
​ 266 157
​ 267 157
​ 268 157
​ 269 157
​ 270 157
​ 271 157
​ 272 157
​ 273 157
​ 274 157
​ 275 157
​ 276 157
​ 277 157
​ 278 157
​ 279 157
​ 280 157
​ 281 157
​ 282 157
​ 283 157
​ 284 157
​ 285 157
​ 286 157
​ 287 157
​ 288 157
​ 289 157
​ 290 157
​ 291 157
​ 292 157
​ 293 157
​ 294 157
​ 295 157
​ 296 157
​ 297 157
​ 298 157
​ 299 157
​ 300 157
​ 301 157
​ 302 157
​ 303 157
​ 304 157
​ 305 157
​ 306 157
​ 307 157
​ 308 157
​ 309 157
​ 310 157
​ 311 157
​ 312 157
​ 313 157
​ 314 157
​ 315 157
​ 316 157
​ 321 157
​ 249 158
​ 250 158
​ 251 158
​ 252 158
​ 253 158
​ 254 158
​ 255 158
​ 256 158
​ 257 158
​ 258 158
​ 259 158
​ 260 158
​ 261 158
​ 262 158
​ 263 158
​ 264 158
​ 265 158
​ 266 158
​ 267 158
​ 268 158
​ 269 158
​ 270 158
​ 271 158
​ 272 158
​ 273 158
​ 274 158
​ 275 158
​ 276 158
​ 277 158
​ 278 158
​ 279 158
​ 280 158
​ 281 158
​ 282 158
​ 283 158
​ 284 158
​ 285 158
​ 286 158
​ 287 158
​ 288 158
​ 289 158
​ 290 158
​ 291 158
​ 292 158
​ 293 158
​ 294 158
​ 295 158
​ 296 158
​ 297 158
​ 298 158
​ 299 158
​ 300 158
​ 301 158
​ 302 158
​ 303 158
​ 304 158
​ 305 158
​ 306 158
​ 307 158
​ 308 158
​ 309 158
​ 310 158
​ 311 158
​ 312 158
​ 313 158
​ 314 158
​ 315 158
​ 316 158
​ 317 158
​ 318 158
​ 321 158
​ 322 158
​ 326 158
​ 348 158
​ 243 159
​ 249 159
​ 250 159
​ 251 159
​ 252 159
​ 253 159
​ 254 159
​ 255 159
​ 256 159
​ 257 159
​ 258 159
​ 259 159
​ 260 159
​ 261 159
​ 262 159
​ 263 159
​ 264 159
​ 265 159
​ 266 159
​ 267 159
​ 268 159
​ 269 159
​ 270 159
​ 271 159
​ 272 159
​ 273 159
​ 274 159
​ 275 159
​ 276 159
​ 277 159
​ 278 159
​ 279 159
​ 280 159
​ 281 159
​ 282 159
​ 283 159
​ 284 159
​ 285 159
​ 286 159
​ 287 159
​ 288 159
​ 289 159
​ 290 159
​ 291 159
​ 292 159
​ 293 159
​ 294 159
​ 295 159
​ 296 159
​ 297 159
​ 298 159
​ 299 159
​ 300 159
​ 301 159
​ 302 159
​ 303 159
​ 304 159
​ 305 159
​ 306 159
​ 307 159
​ 308 159
​ 309 159
​ 310 159
​ 311 159
​ 312 159
​ 313 159
​ 314 159
​ 315 159
​ 316 159
​ 317 159
​ 325 159
​ 326 159
​ 190 160
​ 235 160
​ 248 160
​ 249 160
​ 250 160
​ 251 160
​ 252 160
​ 253 160
​ 254 160
​ 255 160
​ 256 160
​ 257 160
​ 258 160
​ 259 160
​ 260 160
​ 261 160
​ 262 160
​ 263 160
​ 264 160
​ 265 160
​ 266 160
​ 267 160
​ 268 160
​ 269 160
​ 270 160
​ 271 160
​ 272 160
​ 273 160
​ 274 160
​ 275 160
​ 276 160
​ 277 160
​ 278 160
​ 279 160
​ 280 160
​ 281 160
​ 282 160
​ 283 160
​ 284 160
​ 285 160
​ 286 160
​ 287 160
​ 288 160
​ 289 160
​ 290 160
​ 291 160
​ 292 160
​ 293 160
​ 294 160
​ 295 160
​ 296 160
​ 297 160
​ 298 160
​ 299 160
​ 300 160
​ 301 160
​ 302 160
​ 303 160
​ 304 160
​ 305 160
​ 306 160
​ 307 160
​ 308 160
​ 309 160
​ 310 160
​ 311 160
​ 312 160
​ 313 160
​ 314 160
​ 315 160
​ 316 160
​ 317 160
​ 318 160
​ 322 160
​ 325 160
​ 326 160
​ 190 161
​ 243 161
​ 249 161
​ 250 161
​ 251 161
​ 252 161
​ 253 161
​ 254 161
​ 255 161
​ 256 161
​ 257 161
​ 258 161
​ 259 161
​ 260 161
​ 261 161
​ 262 161
​ 263 161
​ 264 161
​ 265 161
​ 266 161
​ 267 161
​ 268 161
​ 269 161
​ 270 161
​ 271 161
​ 272 161
​ 273 161
​ 274 161
​ 275 161
​ 276 161
​ 277 161
​ 278 161
​ 279 161
​ 280 161
​ 281 161
​ 282 161
​ 283 161
​ 284 161
​ 285 161
​ 286 161
​ 287 161
​ 288 161
​ 289 161
​ 290 161
​ 291 161
​ 292 161
​ 293 161
​ 294 161
​ 295 161
​ 296 161
​ 297 161
​ 298 161
​ 299 161
​ 300 161
​ 301 161
​ 302 161
​ 303 161
​ 304 161
​ 305 161
​ 306 161
​ 307 161
​ 308 161
​ 309 161
​ 310 161
​ 311 161
​ 312 161
​ 313 161
​ 314 161
​ 315 161
​ 316 161
​ 317 161
​ 321 161
​ 322 161
​ 323 161
​ 324 161
​ 325 161
​ 326 161
​ 327 161
​ 243 162
​ 250 162
​ 251 162
​ 252 162
​ 253 162
​ 254 162
​ 255 162
​ 256 162
​ 257 162
​ 258 162
​ 259 162
​ 260 162
​ 261 162
​ 262 162
​ 263 162
​ 264 162
​ 265 162
​ 266 162
​ 267 162
​ 268 162
​ 269 162
​ 270 162
​ 271 162
​ 272 162
​ 273 162
​ 274 162
​ 275 162
​ 276 162
​ 277 162
​ 278 162
​ 279 162
​ 280 162
​ 281 162
​ 282 162
​ 283 162
​ 284 162
​ 285 162
​ 286 162
​ 287 162
​ 288 162
​ 289 162
​ 290 162
​ 291 162
​ 292 162
​ 293 162
​ 294 162
​ 295 162
​ 296 162
​ 297 162
​ 298 162
​ 299 162
​ 300 162
​ 301 162
​ 302 162
​ 303 162
​ 304 162
​ 305 162
​ 306 162
​ 307 162
​ 308 162
​ 309 162
​ 310 162
​ 311 162
​ 312 162
​ 313 162
​ 314 162
​ 315 162
​ 316 162
​ 317 162
​ 318 162
​ 320 162
​ 321 162
​ 322 162
​ 323 162
​ 324 162
​ 327 162
​ 355 162
​ 243 163
​ 248 163
​ 249 163
​ 250 163
​ 251 163
​ 252 163
​ 253 163
​ 254 163
​ 255 163
​ 256 163
​ 257 163
​ 258 163
​ 259 163
​ 260 163
​ 261 163
​ 262 163
​ 263 163
​ 264 163
​ 265 163
​ 266 163
​ 267 163
​ 268 163
​ 269 163
​ 270 163
​ 271 163
​ 272 163
​ 273 163
​ 274 163
​ 275 163
​ 276 163
​ 277 163
​ 278 163
​ 279 163
​ 280 163
​ 281 163
​ 282 163
​ 283 163
​ 284 163
​ 285 163
​ 286 163
​ 287 163
​ 288 163
​ 289 163
​ 290 163
​ 291 163
​ 292 163
​ 293 163
​ 294 163
​ 295 163
​ 296 163
​ 297 163
​ 298 163
​ 299 163
​ 300 163
​ 301 163
​ 302 163
​ 303 163
​ 304 163
​ 305 163
​ 306 163
​ 307 163
​ 308 163
​ 309 163
​ 310 163
​ 311 163
​ 312 163
​ 313 163
​ 314 163
​ 315 163
​ 316 163
​ 317 163
​ 318 163
​ 319 163
​ 320 163
​ 321 163
​ 322 163
​ 323 163
​ 324 163
​ 325 163
​ 326 163
​ 355 163
​ 191 164
​ 210 164
​ 242 164
​ 243 164
​ 250 164
​ 251 164
​ 252 164
​ 253 164
​ 254 164
​ 255 164
​ 256 164
​ 257 164
​ 258 164
​ 259 164
​ 260 164
​ 261 164
​ 262 164
​ 263 164
​ 264 164
​ 265 164
​ 266 164
​ 267 164
​ 268 164
​ 269 164
​ 270 164
​ 271 164
​ 272 164
​ 273 164
​ 274 164
​ 275 164
​ 276 164
​ 277 164
​ 278 164
​ 279 164
​ 280 164
​ 281 164
​ 282 164
​ 283 164
​ 284 164
​ 285 164
​ 286 164
​ 287 164
​ 288 164
​ 289 164
​ 290 164
​ 291 164
​ 292 164
​ 293 164
​ 294 164
​ 295 164
​ 296 164
​ 297 164
​ 298 164
​ 299 164
​ 300 164
​ 301 164
​ 302 164
​ 303 164
​ 304 164
​ 305 164
​ 306 164
​ 307 164
​ 308 164
​ 309 164
​ 310 164
​ 311 164
​ 312 164
​ 313 164
​ 315 164
​ 316 164
​ 317 164
​ 319 164
​ 320 164
​ 321 164
​ 322 164
​ 324 164
​ 325 164
​ 326 164
​ 191 165
​ 243 165
​ 249 165
​ 250 165
​ 251 165
​ 252 165
​ 253 165
​ 254 165
​ 255 165
​ 256 165
​ 257 165
​ 258 165
​ 259 165
​ 260 165
​ 261 165
​ 262 165
​ 263 165
​ 264 165
​ 265 165
​ 266 165
​ 267 165
​ 268 165
​ 269 165
​ 270 165
​ 271 165
​ 272 165
​ 273 165
​ 274 165
​ 275 165
​ 276 165
​ 277 165
​ 278 165
​ 279 165
​ 280 165
​ 281 165
​ 282 165
​ 283 165
​ 284 165
​ 285 165
​ 286 165
​ 287 165
​ 288 165
​ 289 165
​ 290 165
​ 291 165
​ 292 165
​ 293 165
​ 294 165
​ 295 165
​ 296 165
​ 297 165
​ 298 165
​ 299 165
​ 300 165
​ 301 165
​ 302 165
​ 303 165
​ 304 165
​ 305 165
​ 306 165
​ 307 165
​ 308 165
​ 309 165
​ 310 165
​ 311 165
​ 312 165
​ 313 165
​ 314 165
​ 315 165
​ 316 165
​ 317 165
​ 318 165
​ 319 165
​ 320 165
​ 321 165
​ 323 165
​ 324 165
​ 191 166
​ 243 166
​ 250 166
​ 251 166
​ 252 166
​ 253 166
​ 254 166
​ 255 166
​ 256 166
​ 257 166
​ 258 166
​ 259 166
​ 260 166
​ 261 166
​ 262 166
​ 263 166
​ 264 166
​ 265 166
​ 266 166
​ 267 166
​ 268 166
​ 269 166
​ 270 166
​ 271 166
​ 272 166
​ 273 166
​ 274 166
​ 275 166
​ 276 166
​ 277 166
​ 278 166
​ 279 166
​ 280 166
​ 281 166
​ 282 166
​ 283 166
​ 284 166
​ 285 166
​ 286 166
​ 287 166
​ 288 166
​ 289 166
​ 290 166
​ 291 166
​ 292 166
​ 293 166
​ 294 166
​ 295 166
​ 296 166
​ 297 166
​ 298 166
​ 299 166
​ 300 166
​ 301 166
​ 302 166
​ 303 166
​ 304 166
​ 305 166
​ 306 166
​ 307 166
​ 308 166
​ 309 166
​ 310 166
​ 311 166
​ 312 166
​ 313 166
​ 314 166
​ 315 166
​ 316 166
​ 317 166
​ 318 166
​ 319 166
​ 320 166
​ 321 166
​ 322 166
​ 323 166
​ 324 166
​ 349 166
​ 191 167
​ 251 167
​ 252 167
​ 253 167
​ 254 167
​ 255 167
​ 256 167
​ 257 167
​ 258 167
​ 259 167
​ 260 167
​ 261 167
​ 262 167
​ 263 167
​ 264 167
​ 265 167
​ 266 167
​ 267 167
​ 268 167
​ 269 167
​ 270 167
​ 271 167
​ 272 167
​ 273 167
​ 274 167
​ 275 167
​ 276 167
​ 277 167
​ 278 167
​ 279 167
​ 280 167
​ 281 167
​ 282 167
​ 283 167
​ 284 167
​ 285 167
​ 286 167
​ 287 167
​ 288 167
​ 289 167
​ 290 167
​ 291 167
​ 292 167
​ 293 167
​ 294 167
​ 295 167
​ 296 167
​ 297 167
​ 298 167
​ 299 167
​ 300 167
​ 301 167
​ 302 167
​ 303 167
​ 304 167
​ 305 167
​ 306 167
​ 307 167
​ 308 167
​ 309 167
​ 310 167
​ 311 167
​ 312 167
​ 313 167
​ 314 167
​ 315 167
​ 316 167
​ 317 167
​ 318 167
​ 319 167
​ 320 167
​ 321 167
​ 322 167
​ 323 167
​ 347 167
​ 349 167
​ 209 168
​ 251 168
​ 252 168
​ 253 168
​ 254 168
​ 255 168
​ 256 168
​ 257 168
​ 258 168
​ 259 168
​ 260 168
​ 261 168
​ 262 168
​ 263 168
​ 264 168
​ 265 168
​ 266 168
​ 267 168
​ 268 168
​ 269 168
​ 270 168
​ 271 168
​ 272 168
​ 273 168
​ 274 168
​ 275 168
​ 276 168
​ 277 168
​ 278 168
​ 279 168
​ 280 168
​ 281 168
​ 282 168
​ 283 168
​ 284 168
​ 285 168
​ 286 168
​ 287 168
​ 288 168
​ 289 168
​ 290 168
​ 291 168
​ 292 168
​ 293 168
​ 294 168
​ 295 168
​ 296 168
​ 297 168
​ 298 168
​ 299 168
​ 300 168
​ 301 168
​ 302 168
​ 303 168
​ 304 168
​ 305 168
​ 306 168
​ 307 168
​ 308 168
​ 309 168
​ 310 168
​ 311 168
​ 312 168
​ 313 168
​ 314 168
​ 315 168
​ 316 168
​ 317 168
​ 318 168
​ 320 168
​ 321 168
​ 322 168
​ 323 168
​ 325 168
​ 326 168
​ 327 168
​ 328 168
​ 347 168
​ 209 169
​ 251 169
​ 252 169
​ 253 169
​ 254 169
​ 255 169
​ 256 169
​ 257 169
​ 258 169
​ 259 169
​ 260 169
​ 261 169
​ 262 169
​ 263 169
​ 264 169
​ 265 169
​ 266 169
​ 267 169
​ 268 169
​ 269 169
​ 270 169
​ 271 169
​ 272 169
​ 273 169
​ 274 169
​ 275 169
​ 276 169
​ 277 169
​ 278 169
​ 279 169
​ 280 169
​ 281 169
​ 282 169
​ 283 169
​ 284 169
​ 285 169
​ 286 169
​ 287 169
​ 288 169
​ 289 169
​ 290 169
​ 291 169
​ 292 169
​ 293 169
​ 294 169
​ 295 169
​ 296 169
​ 297 169
​ 298 169
​ 299 169
​ 300 169
​ 301 169
​ 302 169
​ 303 169
​ 304 169
​ 305 169
​ 306 169
​ 307 169
​ 308 169
​ 309 169
​ 310 169
​ 311 169
​ 312 169
​ 313 169
​ 314 169
​ 315 169
​ 316 169
​ 317 169
​ 318 169
​ 320 169
​ 321 169
​ 322 169
​ 323 169
​ 347 169
​ 192 170
​ 251 170
​ 252 170
​ 253 170
​ 254 170
​ 255 170
​ 256 170
​ 257 170
​ 258 170
​ 259 170
​ 260 170
​ 261 170
​ 262 170
​ 263 170
​ 264 170
​ 265 170
​ 266 170
​ 267 170
​ 268 170
​ 269 170
​ 270 170
​ 271 170
​ 272 170
​ 273 170
​ 274 170
​ 275 170
​ 276 170
​ 277 170
​ 278 170
​ 279 170
​ 280 170
​ 281 170
​ 282 170
​ 283 170
​ 284 170
​ 285 170
​ 286 170
​ 287 170
​ 288 170
​ 289 170
​ 290 170
​ 291 170
​ 292 170
​ 293 170
​ 294 170
​ 295 170
​ 296 170
​ 297 170
​ 298 170
​ 299 170
​ 300 170
​ 301 170
​ 302 170
​ 303 170
​ 304 170
​ 305 170
​ 306 170
​ 307 170
​ 308 170
​ 309 170
​ 310 170
​ 311 170
​ 312 170
​ 313 170
​ 314 170
​ 315 170
​ 316 170
​ 317 170
​ 318 170
​ 320 170
​ 326 170
​ 327 170
​ 347 170
​ 349 170
​ 192 171
​ 250 171
​ 251 171
​ 252 171
​ 253 171
​ 254 171
​ 255 171
​ 256 171
​ 257 171
​ 258 171
​ 259 171
​ 260 171
​ 261 171
​ 262 171
​ 263 171
​ 264 171
​ 265 171
​ 266 171
​ 267 171
​ 268 171
​ 269 171
​ 270 171
​ 271 171
​ 272 171
​ 273 171
​ 274 171
​ 275 171
​ 276 171
​ 277 171
​ 278 171
​ 279 171
​ 280 171
​ 281 171
​ 282 171
​ 283 171
​ 284 171
​ 285 171
​ 286 171
​ 287 171
​ 288 171
​ 289 171
​ 290 171
​ 291 171
​ 292 171
​ 293 171
​ 294 171
​ 295 171
​ 296 171
​ 297 171
​ 298 171
​ 299 171
​ 300 171
​ 301 171
​ 302 171
​ 303 171
​ 304 171
​ 305 171
​ 306 171
​ 307 171
​ 308 171
​ 309 171
​ 310 171
​ 311 171
​ 312 171
​ 313 171
​ 314 171
​ 315 171
​ 316 171
​ 317 171
​ 320 171
​ 321 171
​ 323 171
​ 325 171
​ 326 171
​ 327 171
​ 328 171
​ 354 171
​ 188 172
​ 193 172
​ 244 172
​ 248 172
​ 249 172
​ 250 172
​ 251 172
​ 252 172
​ 253 172
​ 254 172
​ 255 172
​ 256 172
​ 257 172
​ 258 172
​ 259 172
​ 260 172
​ 261 172
​ 262 172
​ 263 172
​ 264 172
​ 265 172
​ 266 172
​ 267 172
​ 268 172
​ 269 172
​ 270 172
​ 271 172
​ 272 172
​ 273 172
​ 274 172
​ 275 172
​ 276 172
​ 277 172
​ 278 172
​ 279 172
​ 280 172
​ 281 172
​ 282 172
​ 283 172
​ 284 172
​ 285 172
​ 286 172
​ 287 172
​ 288 172
​ 289 172
​ 290 172
​ 291 172
​ 292 172
​ 293 172
​ 294 172
​ 295 172
​ 296 172
​ 297 172
​ 298 172
​ 299 172
​ 300 172
​ 301 172
​ 302 172
​ 303 172
​ 304 172
​ 305 172
​ 306 172
​ 307 172
​ 308 172
​ 309 172
​ 310 172
​ 311 172
​ 312 172
​ 313 172
​ 314 172
​ 315 172
​ 316 172
​ 317 172
​ 319 172
​ 320 172
​ 321 172
​ 322 172
​ 323 172
​ 324 172
​ 326 172
​ 327 172
​ 328 172
​ 329 172
​ 349 172
​ 354 172
​ 188 173
​ 189 173
​ 193 173
​ 243 173
​ 244 173
​ 249 173
​ 250 173
​ 251 173
​ 252 173
​ 253 173
​ 254 173
​ 255 173
​ 256 173
​ 257 173
​ 258 173
​ 259 173
​ 260 173
​ 261 173
​ 262 173
​ 263 173
​ 264 173
​ 265 173
​ 266 173
​ 267 173
​ 268 173
​ 269 173
​ 270 173
​ 271 173
​ 272 173
​ 273 173
​ 274 173
​ 275 173
​ 276 173
​ 277 173
​ 278 173
​ 279 173
​ 280 173
​ 281 173
​ 282 173
​ 283 173
​ 284 173
​ 285 173
​ 286 173
​ 287 173
​ 288 173
​ 289 173
​ 290 173
​ 291 173
​ 292 173
​ 293 173
​ 294 173
​ 295 173
​ 296 173
​ 297 173
​ 298 173
​ 299 173
​ 300 173
​ 301 173
​ 302 173
​ 303 173
​ 304 173
​ 305 173
​ 306 173
​ 307 173
​ 308 173
​ 309 173
​ 310 173
​ 311 173
​ 312 173
​ 313 173
​ 314 173
​ 315 173
​ 316 173
​ 317 173
​ 318 173
​ 319 173
​ 320 173
​ 321 173
​ 322 173
​ 323 173
​ 324 173
​ 325 173
​ 326 173
​ 327 173
​ 328 173
​ 329 173
​ 354 173
​ 188 174
​ 193 174
​ 194 174
​ 210 174
​ 249 174
​ 250 174
​ 251 174
​ 252 174
​ 253 174
​ 254 174
​ 255 174
​ 256 174
​ 257 174
​ 258 174
​ 259 174
​ 260 174
​ 261 174
​ 262 174
​ 263 174
​ 264 174
​ 265 174
​ 266 174
​ 267 174
​ 268 174
​ 269 174
​ 270 174
​ 271 174
​ 272 174
​ 273 174
​ 274 174
​ 275 174
​ 276 174
​ 277 174
​ 278 174
​ 279 174
​ 280 174
​ 281 174
​ 282 174
​ 283 174
​ 284 174
​ 285 174
​ 286 174
​ 287 174
​ 288 174
​ 289 174
​ 290 174
​ 291 174
​ 292 174
​ 293 174
​ 294 174
​ 295 174
​ 296 174
​ 297 174
​ 298 174
​ 299 174
​ 300 174
​ 301 174
​ 302 174
​ 303 174
​ 304 174
​ 305 174
​ 306 174
​ 307 174
​ 308 174
​ 309 174
​ 310 174
​ 311 174
​ 312 174
​ 313 174
​ 314 174
​ 315 174
​ 316 174
​ 318 174
​ 319 174
​ 320 174
​ 321 174
​ 322 174
​ 324 174
​ 325 174
​ 326 174
​ 327 174
​ 354 174
​ 193 175
​ 194 175
​ 195 175
​ 198 175
​ 249 175
​ 250 175
​ 251 175
​ 252 175
​ 253 175
​ 254 175
​ 255 175
​ 256 175
​ 257 175
​ 258 175
​ 259 175
​ 260 175
​ 261 175
​ 262 175
​ 263 175
​ 264 175
​ 265 175
​ 266 175
​ 267 175
​ 268 175
​ 269 175
​ 270 175
​ 271 175
​ 272 175
​ 273 175
​ 274 175
​ 275 175
​ 276 175
​ 277 175
​ 278 175
​ 279 175
​ 280 175
​ 281 175
​ 282 175
​ 283 175
​ 284 175
​ 285 175
​ 286 175
​ 287 175
​ 288 175
​ 289 175
​ 290 175
​ 291 175
​ 292 175
​ 293 175
​ 294 175
​ 295 175
​ 296 175
​ 297 175
​ 298 175
​ 299 175
​ 300 175
​ 301 175
​ 302 175
​ 303 175
​ 304 175
​ 305 175
​ 306 175
​ 307 175
​ 308 175
​ 309 175
​ 310 175
​ 311 175
​ 312 175
​ 313 175
​ 314 175
​ 315 175
​ 316 175
​ 319 175
​ 320 175
​ 321 175
​ 322 175
​ 323 175
​ 324 175
​ 325 175
​ 326 175
​ 327 175
​ 193 176
​ 195 176
​ 196 176
​ 197 176
​ 198 176
​ 199 176
​ 249 176
​ 250 176
​ 251 176
​ 252 176
​ 253 176
​ 254 176
​ 255 176
​ 256 176
​ 257 176
​ 258 176
​ 259 176
​ 260 176
​ 261 176
​ 262 176
​ 263 176
​ 264 176
​ 265 176
​ 266 176
​ 267 176
​ 268 176
​ 269 176
​ 270 176
​ 271 176
​ 272 176
​ 273 176
​ 274 176
​ 275 176
​ 276 176
​ 277 176
​ 278 176
​ 279 176
​ 280 176
​ 281 176
​ 282 176
​ 283 176
​ 284 176
​ 285 176
​ 286 176
​ 287 176
​ 288 176
​ 289 176
​ 290 176
​ 291 176
​ 292 176
​ 293 176
​ 294 176
​ 295 176
​ 296 176
​ 297 176
​ 298 176
​ 299 176
​ 300 176
​ 301 176
​ 302 176
​ 303 176
​ 304 176
​ 305 176
​ 306 176
​ 307 176
​ 308 176
​ 309 176
​ 310 176
​ 311 176
​ 312 176
​ 313 176
​ 314 176
​ 315 176
​ 316 176
​ 317 176
​ 318 176
​ 319 176
​ 320 176
​ 321 176
​ 322 176
​ 323 176
​ 324 176
​ 325 176
​ 326 176
​ 327 176
​ 328 176
​ 189 177
​ 194 177
​ 196 177
​ 197 177
​ 198 177
​ 199 177
​ 200 177
​ 211 177
​ 244 177
​ 248 177
​ 250 177
​ 251 177
​ 252 177
​ 253 177
​ 254 177
​ 255 177
​ 256 177
​ 257 177
​ 258 177
​ 259 177
​ 260 177
​ 261 177
​ 262 177
​ 263 177
​ 264 177
​ 265 177
​ 266 177
​ 267 177
​ 268 177
​ 269 177
​ 270 177
​ 271 177
​ 272 177
​ 273 177
​ 274 177
​ 275 177
​ 276 177
​ 277 177
​ 278 177
​ 279 177
​ 280 177
​ 281 177
​ 282 177
​ 283 177
​ 284 177
​ 285 177
​ 286 177
​ 287 177
​ 288 177
​ 289 177
​ 290 177
​ 291 177
​ 292 177
​ 293 177
​ 294 177
​ 295 177
​ 296 177
​ 297 177
​ 298 177
​ 299 177
​ 300 177
​ 301 177
​ 302 177
​ 303 177
​ 304 177
​ 305 177
​ 306 177
​ 307 177
​ 308 177
​ 309 177
​ 310 177
​ 311 177
​ 312 177
​ 313 177
​ 314 177
​ 315 177
​ 316 177
​ 317 177
​ 318 177
​ 319 177
​ 320 177
​ 321 177
​ 322 177
​ 323 177
​ 324 177
  325 177
  326 177
  327 177
  328 177
  329 177
  353 177
  189 178
  194 178
  195 178
  196 178
  197 178
  198 178
  199 178
  200 178
  201 178
  244 178
  248 178
  249 178
  251 178
  252 178
  253 178
  254 178
  255 178
  256 178
  257 178
  258 178
  259 178
  260 178
  261 178
  262 178
  263 178
  264 178
  265 178
  266 178
  267 178
  268 178
  269 178
  270 178
  271 178
  272 178
  273 178
  274 178
  275 178
  276 178
  277 178
  278 178
  279 178
  280 178
  281 178
  282 178
  283 178
  284 178
  285 178
  286 178
  287 178
  288 178
  289 178
  290 178
  291 178
  292 178
  293 178
  294 178
  295 178
  296 178
  297 178
  298 178
  299 178
  300 178
  301 178
  302 178
  303 178
  304 178
  305 178
  306 178
  307 178
  308 178
  309 178
  310 178
  311 178
  312 178
  313 178
  314 178
  315 178
  316 178
  317 178
  318 178
​ 319 178
​ 320 178
​ 321 178
​ 322 178
​ 323 178
​ 324 178
​ 325 178
​ 326 178
​ 327 178
​ 328 178
​ 329 178
​ 330 178
​ 331 178
​ 353 178
​ 195 179
​ 196 179
​ 197 179
​ 198 179
​ 199 179
​ 200 179
​ 201 179
​ 244 179
​ 251 179
​ 252 179
​ 253 179
​ 254 179
​ 255 179
​ 256 179
​ 257 179
​ 258 179
​ 259 179
​ 260 179
​ 261 179
​ 262 179
​ 263 179
​ 264 179
​ 265 179
​ 266 179
​ 267 179
​ 268 179
​ 269 179
​ 270 179
​ 271 179
​ 272 179
​ 273 179
​ 274 179
​ 275 179
​ 276 179
​ 277 179
​ 278 179
​ 279 179
​ 280 179
​ 281 179
​ 282 179
​ 283 179
​ 284 179
​ 285 179
​ 286 179
​ 287 179
​ 288 179
​ 289 179
​ 290 179
​ 291 179
​ 292 179
​ 293 179
​ 294 179
​ 295 179
​ 296 179
​ 297 179
​ 298 179
​ 299 179
​ 300 179
​ 301 179
​ 302 179
​ 303 179
​ 304 179
​ 305 179
​ 306 179
​ 307 179
​ 308 179
​ 309 179
​ 310 179
​ 311 179
​ 312 179
​ 313 179
​ 314 179
​ 315 179
​ 316 179
​ 317 179
​ 318 179
​ 319 179
​ 320 179
​ 321 179
​ 322 179
​ 323 179
​ 324 179
​ 325 179
​ 326 179
​ 327 179
​ 328 179
​ 329 179
​ 330 179
​ 331 179
​ 332 179
​ 349 179
​ 352 179
​ 353 179
​ 195 180
​ 196 180
​ 197 180
​ 198 180
​ 199 180
​ 200 180
​ 201 180
​ 209 180
​ 244 180
​ 251 180
​ 252 180
​ 253 180
​ 254 180
​ 255 180
​ 256 180
​ 257 180
​ 258 180
​ 259 180
​ 260 180
​ 261 180
​ 262 180
​ 263 180
​ 264 180
​ 265 180
​ 266 180
​ 267 180
​ 268 180
​ 269 180
​ 270 180
​ 271 180
​ 272 180
​ 273 180
​ 274 180
​ 275 180
​ 276 180
​ 277 180
​ 278 180
​ 279 180
​ 280 180
​ 281 180
​ 282 180
​ 283 180
​ 284 180
​ 285 180
​ 286 180
​ 287 180
​ 288 180
​ 289 180
​ 290 180
​ 291 180
​ 292 180
​ 293 180
​ 294 180
​ 295 180
​ 296 180
​ 297 180
​ 298 180
​ 299 180
​ 300 180
​ 301 180
​ 302 180
​ 303 180
​ 304 180
​ 305 180
​ 306 180
​ 307 180
​ 308 180
​ 309 180
​ 310 180
​ 311 180
​ 312 180
​ 313 180
​ 314 180
​ 315 180
​ 316 180
​ 317 180
​ 318 180
​ 319 180
​ 320 180
​ 321 180
​ 322 180
​ 323 180
​ 324 180
​ 325 180
​ 326 180
​ 327 180
​ 328 180
​ 329 180
​ 330 180
​ 331 180
​ 332 180
​ 346 180
​ 349 180
​ 351 180
​ 352 180
​ 196 181
​ 197 181
​ 198 181
​ 199 181
​ 200 181
​ 201 181
​ 202 181
​ 207 181
​ 208 181
​ 209 181
​ 212 181
​ 244 181
​ 251 181
​ 252 181
​ 253 181
​ 254 181
​ 255 181
​ 256 181
​ 257 181
​ 258 181
​ 259 181
​ 260 181
​ 261 181
​ 262 181
​ 263 181
​ 264 181
​ 265 181
​ 266 181
​ 267 181
​ 268 181
​ 269 181
​ 270 181
​ 271 181
​ 272 181
​ 273 181
​ 274 181
​ 275 181
​ 276 181
​ 277 181
​ 278 181
​ 279 181
​ 280 181
​ 281 181
​ 282 181
​ 283 181
​ 284 181
​ 285 181
​ 286 181
​ 287 181
​ 288 181
​ 289 181
​ 290 181
​ 291 181
​ 292 181
​ 293 181
​ 294 181
​ 295 181
​ 296 181
​ 297 181
​ 298 181
​ 299 181
​ 300 181
​ 301 181
​ 302 181
​ 303 181
​ 304 181
​ 305 181
​ 306 181
​ 307 181
​ 308 181
​ 309 181
​ 310 181
​ 311 181
​ 312 181
​ 313 181
​ 314 181
​ 315 181
​ 316 181
​ 317 181
​ 318 181
​ 319 181
​ 320 181
​ 321 181
​ 322 181
​ 323 181
​ 324 181
​ 325 181
​ 326 181
​ 327 181
​ 328 181
​ 329 181
​ 330 181
​ 331 181
​ 332 181
​ 350 181
​ 351 181
​ 352 181
​ 196 182
​ 197 182
​ 198 182
​ 199 182
​ 200 182
​ 201 182
​ 202 182
​ 203 182
​ 204 182
​ 205 182
​ 206 182
​ 207 182
​ 208 182
​ 209 182
​ 212 182
​ 252 182
​ 253 182
​ 254 182
​ 255 182
​ 256 182
​ 257 182
​ 258 182
​ 259 182
​ 260 182
​ 261 182
​ 262 182
​ 263 182
​ 264 182
​ 265 182
​ 266 182
​ 267 182
​ 268 182
​ 269 182
​ 270 182
​ 271 182
​ 272 182
​ 273 182
​ 274 182
​ 275 182
​ 276 182
​ 277 182
​ 278 182
​ 279 182
​ 280 182
​ 281 182
​ 282 182
​ 283 182
​ 284 182
​ 285 182
​ 286 182
​ 287 182
​ 288 182
​ 289 182
​ 290 182
​ 291 182
​ 292 182
​ 293 182
​ 294 182
​ 295 182
​ 296 182
​ 297 182
​ 298 182
​ 299 182
​ 300 182
​ 301 182
​ 302 182
​ 303 182
​ 304 182
​ 305 182
​ 306 182
​ 307 182
​ 308 182
​ 309 182
​ 310 182
​ 311 182
​ 312 182
​ 313 182
​ 314 182
​ 315 182
​ 316 182
​ 317 182
​ 318 182
​ 319 182
​ 320 182
​ 321 182
​ 322 182
​ 323 182
​ 324 182
​ 325 182
​ 326 182
​ 327 182
​ 328 182
​ 329 182
​ 330 182
​ 331 182
​ 332 182
​ 333 182
​ 350 182
​ 198 183
​ 199 183
​ 200 183
​ 201 183
​ 202 183
​ 203 183
​ 204 183
​ 205 183
​ 206 183
​ 207 183
​ 208 183
​ 209 183
​ 210 183
​ 212 183
​ 252 183
​ 253 183
​ 254 183
​ 255 183
​ 256 183
​ 257 183
​ 258 183
​ 259 183
​ 260 183
​ 261 183
​ 262 183
​ 263 183
​ 264 183
​ 265 183
​ 266 183
​ 267 183
​ 268 183
​ 269 183
​ 270 183
​ 271 183
​ 272 183
​ 273 183
​ 274 183
​ 275 183
​ 276 183
​ 277 183
​ 278 183
​ 279 183
​ 280 183
​ 281 183
​ 282 183
​ 283 183
​ 284 183
​ 285 183
​ 286 183
​ 287 183
​ 288 183
​ 289 183
​ 290 183
​ 291 183
​ 292 183
​ 293 183
​ 294 183
​ 295 183
​ 296 183
​ 297 183
​ 298 183
​ 299 183
​ 300 183
​ 301 183
​ 302 183
​ 303 183
​ 304 183
​ 305 183
​ 306 183
​ 307 183
​ 308 183
​ 309 183
​ 310 183
​ 311 183
​ 312 183
​ 313 183
​ 314 183
​ 315 183
​ 316 183
​ 317 183
​ 318 183
​ 319 183
​ 320 183
​ 321 183
​ 322 183
​ 323 183
​ 324 183
​ 325 183
​ 326 183
​ 327 183
​ 328 183
​ 329 183
​ 330 183
​ 331 183
​ 332 183
​ 333 183
​ 344 183
​ 198 184
​ 199 184
​ 200 184
​ 201 184
​ 202 184
​ 203 184
​ 204 184
​ 205 184
​ 206 184
​ 207 184
​ 208 184
​ 209 184
​ 210 184
​ 211 184
​ 213 184
​ 249 184
​ 252 184
​ 253 184
​ 254 184
​ 255 184
​ 256 184
​ 257 184
​ 258 184
​ 259 184
​ 260 184
​ 261 184
​ 262 184
​ 263 184
​ 264 184
​ 265 184
​ 266 184
​ 267 184
​ 268 184
​ 269 184
​ 270 184
​ 271 184
​ 272 184
​ 273 184
​ 274 184
​ 275 184
​ 276 184
​ 277 184
​ 278 184
​ 279 184
​ 280 184
​ 281 184
​ 282 184
​ 283 184
​ 284 184
​ 285 184
​ 286 184
​ 287 184
​ 288 184
​ 289 184
​ 290 184
​ 291 184
​ 292 184
​ 293 184
​ 294 184
​ 295 184
​ 296 184
​ 297 184
​ 298 184
​ 299 184
​ 300 184
​ 301 184
​ 302 184
​ 303 184
​ 304 184
​ 305 184
​ 306 184
​ 307 184
​ 308 184
​ 309 184
​ 310 184
​ 311 184
​ 312 184
​ 313 184
​ 314 184
​ 315 184
​ 316 184
​ 317 184
​ 318 184
​ 319 184
​ 320 184
​ 321 184
​ 322 184
​ 323 184
​ 324 184
​ 325 184
​ 326 184
​ 327 184
​ 328 184
​ 329 184
​ 330 184
​ 331 184
​ 332 184
​ 333 184
​ 343 184
​ 200 185
​ 201 185
​ 202 185
​ 203 185
​ 204 185
​ 205 185
​ 206 185
​ 207 185
​ 208 185
​ 209 185
​ 210 185
​ 211 185
​ 212 185
​ 213 185
​ 251 185
​ 252 185
​ 253 185
​ 254 185
​ 255 185
​ 256 185
​ 257 185
​ 258 185
​ 259 185
​ 260 185
​ 261 185
​ 262 185
​ 263 185
​ 264 185
​ 265 185
​ 266 185
​ 267 185
​ 268 185
​ 269 185
​ 270 185
​ 271 185
​ 272 185
​ 273 185
​ 274 185
​ 275 185
​ 276 185
​ 277 185
​ 278 185
​ 279 185
​ 280 185
​ 281 185
​ 282 185
​ 283 185
​ 284 185
​ 285 185
​ 286 185
​ 287 185
​ 288 185
​ 289 185
​ 290 185
​ 291 185
​ 292 185
​ 293 185
​ 294 185
​ 295 185
​ 296 185
​ 297 185
​ 298 185
​ 299 185
​ 300 185
​ 301 185
​ 302 185
​ 303 185
​ 304 185
​ 305 185
​ 306 185
​ 307 185
​ 308 185
​ 309 185
​ 310 185
​ 311 185
​ 312 185
​ 313 185
​ 314 185
​ 315 185
​ 316 185
​ 317 185
​ 318 185
​ 319 185
​ 320 185
​ 321 185
​ 322 185
​ 323 185
​ 324 185
​ 325 185
​ 326 185
​ 327 185
​ 328 185
​ 329 185
​ 330 185
​ 331 185
​ 332 185
​ 333 185
​ 339 185
​ 340 185
​ 341 185
​ 201 186
​ 202 186
​ 203 186
​ 204 186
​ 205 186
​ 206 186
​ 207 186
​ 208 186
​ 209 186
​ 210 186
​ 211 186
​ 212 186
​ 213 186
​ 251 186
​ 252 186
​ 253 186
​ 254 186
​ 255 186
​ 256 186
​ 257 186
​ 258 186
​ 259 186
​ 260 186
​ 261 186
​ 262 186
​ 263 186
​ 264 186
​ 265 186
​ 266 186
​ 267 186
​ 268 186
​ 269 186
​ 270 186
​ 271 186
​ 272 186
​ 273 186
​ 274 186
​ 275 186
​ 276 186
​ 277 186
​ 278 186
​ 279 186
​ 280 186
​ 281 186
​ 282 186
​ 283 186
​ 284 186
​ 285 186
​ 286 186
​ 287 186
​ 288 186
​ 289 186
​ 290 186
​ 291 186
​ 292 186
​ 293 186
​ 294 186
​ 295 186
​ 296 186
​ 297 186
​ 298 186
​ 299 186
​ 300 186
​ 301 186
​ 302 186
​ 303 186
​ 304 186
​ 305 186
​ 306 186
​ 307 186
​ 308 186
​ 309 186
​ 310 186
​ 311 186
​ 312 186
​ 313 186
​ 314 186
​ 315 186
​ 316 186
​ 317 186
​ 318 186
​ 319 186
​ 320 186
​ 321 186
​ 322 186
​ 323 186
​ 324 186
​ 325 186
​ 326 186
​ 327 186
​ 328 186
​ 329 186
​ 330 186
​ 331 186
​ 332 186
​ 333 186
​ 334 186
​ 335 186
​ 337 186
​ 338 186
​ 339 186
​ 202 187
​ 203 187
​ 204 187
​ 205 187
​ 206 187
​ 207 187
​ 208 187
​ 209 187
​ 210 187
​ 211 187
​ 212 187
​ 244 187
​ 251 187
​ 252 187
​ 253 187
​ 254 187
​ 255 187
​ 256 187
​ 257 187
​ 258 187
​ 259 187
​ 260 187
​ 261 187
​ 262 187
​ 263 187
​ 264 187
​ 265 187
​ 266 187
​ 267 187
​ 268 187
​ 269 187
​ 270 187
​ 271 187
​ 272 187
​ 273 187
​ 274 187
​ 275 187
​ 276 187
​ 277 187
​ 278 187
​ 279 187
​ 280 187
​ 281 187
​ 282 187
​ 283 187
​ 284 187
​ 285 187
​ 286 187
​ 287 187
​ 288 187
​ 289 187
​ 290 187
​ 291 187
​ 292 187
​ 293 187
​ 294 187
​ 295 187
​ 296 187
​ 297 187
​ 298 187
​ 299 187
​ 300 187
​ 301 187
​ 302 187
​ 303 187
​ 304 187
​ 305 187
​ 306 187
​ 307 187
​ 308 187
​ 309 187
​ 310 187
​ 311 187
​ 312 187
​ 313 187
​ 314 187
​ 315 187
​ 316 187
​ 317 187
​ 318 187
​ 319 187
​ 320 187
​ 321 187
​ 322 187
​ 323 187
​ 324 187
​ 325 187
​ 326 187
​ 329 187
​ 336 187
​ 337 187
​ 205 188
​ 206 188
​ 207 188
​ 208 188
​ 209 188
​ 210 188
​ 211 188
​ 212 188
​ 250 188
​ 251 188
​ 252 188
​ 253 188
​ 254 188
​ 255 188
​ 256 188
​ 257 188
​ 258 188
​ 259 188
​ 260 188
​ 261 188
​ 262 188
​ 263 188
​ 264 188
​ 265 188
​ 266 188
​ 267 188
​ 268 188
​ 269 188
​ 270 188
​ 271 188
​ 272 188
​ 273 188
​ 274 188
​ 275 188
​ 276 188
​ 277 188
​ 278 188
​ 279 188
​ 280 188
​ 281 188
​ 282 188
​ 283 188
​ 284 188
​ 285 188
​ 286 188
​ 287 188
​ 288 188
​ 289 188
​ 290 188
​ 291 188
​ 292 188
​ 293 188
​ 294 188
​ 295 188
​ 296 188
​ 297 188
​ 298 188
​ 299 188
​ 300 188
​ 301 188
​ 302 188
​ 303 188
​ 304 188
​ 305 188
​ 306 188
​ 307 188
​ 308 188
​ 309 188
​ 310 188
​ 311 188
​ 312 188
​ 313 188
​ 314 188
​ 315 188
​ 316 188
​ 317 188
​ 318 188
​ 319 188
​ 320 188
​ 321 188
​ 322 188
​ 323 188
​ 324 188
​ 325 188
​ 250 189
​ 251 189
​ 252 189
​ 253 189
​ 254 189
​ 255 189
​ 256 189
​ 257 189
​ 258 189
​ 259 189
​ 260 189
​ 261 189
​ 262 189
​ 263 189
​ 264 189
​ 265 189
​ 266 189
​ 267 189
​ 268 189
​ 269 189
​ 270 189
​ 271 189
​ 272 189
​ 273 189
​ 274 189
​ 275 189
​ 276 189
​ 277 189
​ 278 189
​ 279 189
​ 280 189
​ 281 189
​ 282 189
​ 283 189
​ 284 189
​ 285 189
​ 287 189
​ 288 189
​ 289 189
​ 290 189
​ 291 189
​ 292 189
​ 293 189
​ 294 189
​ 295 189
​ 296 189
​ 297 189
​ 298 189
​ 299 189
​ 300 189
​ 301 189
​ 302 189
​ 303 189
​ 304 189
​ 305 189
​ 306 189
​ 307 189
​ 308 189
​ 309 189
​ 310 189
​ 311 189
​ 312 189
​ 313 189
​ 314 189
​ 315 189
​ 316 189
​ 317 189
​ 318 189
​ 319 189
​ 320 189
​ 321 189
​ 322 189
​ 323 189
​ 324 189
​ 325 189
​ 250 190
​ 251 190
​ 252 190
​ 253 190
​ 254 190
​ 255 190
​ 256 190
​ 257 190
​ 258 190
​ 259 190
​ 260 190
​ 261 190
​ 262 190
​ 263 190
​ 264 190
​ 265 190
​ 266 190
​ 267 190
​ 268 190
​ 269 190
​ 270 190
​ 271 190
​ 272 190
​ 273 190
​ 274 190
​ 275 190
​ 276 190
​ 277 190
​ 278 190
​ 279 190
​ 280 190
​ 281 190
​ 282 190
​ 283 190
​ 284 190
​ 285 190
​ 286 190
​ 287 190
​ 288 190
​ 289 190
​ 290 190
​ 291 190
​ 292 190
​ 293 190
​ 294 190
​ 295 190
​ 296 190
​ 297 190
​ 298 190
​ 299 190
​ 300 190
​ 301 190
​ 302 190
​ 303 190
​ 304 190
​ 305 190
​ 306 190
​ 307 190
​ 308 190
​ 309 190
​ 310 190
​ 311 190
​ 312 190
​ 313 190
​ 314 190
​ 315 190
​ 316 190
​ 317 190
​ 318 190
​ 319 190
​ 320 190
​ 321 190
​ 324 190
​ 248 191
​ 251 191
​ 252 191
​ 253 191
​ 254 191
​ 255 191
​ 256 191
​ 257 191
​ 258 191
​ 259 191
​ 260 191
​ 261 191
​ 262 191
​ 263 191
​ 264 191
​ 265 191
​ 266 191
​ 267 191
​ 268 191
​ 269 191
​ 270 191
​ 271 191
​ 272 191
​ 273 191
​ 274 191
​ 275 191
​ 276 191
​ 278 191
​ 279 191
​ 280 191
​ 281 191
​ 282 191
​ 283 191
​ 284 191
​ 285 191
​ 286 191
​ 287 191
​ 288 191
​ 289 191
​ 290 191
​ 291 191
​ 292 191
​ 293 191
​ 294 191
​ 295 191
​ 296 191
​ 297 191
​ 298 191
​ 299 191
​ 300 191
​ 301 191
​ 302 191
​ 303 191
​ 304 191
​ 305 191
​ 306 191
​ 307 191
​ 308 191
​ 309 191
​ 310 191
​ 311 191
​ 312 191
​ 313 191
​ 314 191
​ 315 191
​ 316 191
​ 317 191
​ 318 191
​ 319 191
​ 320 191
​ 321 191
​ 248 192
​ 251 192
​ 252 192
​ 253 192
​ 254 192
​ 255 192
​ 256 192
​ 257 192
​ 258 192
​ 259 192
​ 260 192
​ 261 192
​ 262 192
​ 263 192
​ 264 192
​ 265 192
​ 266 192
​ 267 192
​ 268 192
​ 269 192
​ 270 192
​ 271 192
​ 272 192
​ 273 192
​ 274 192
​ 275 192
​ 277 192
​ 278 192
​ 279 192
​ 280 192
​ 281 192
​ 282 192
​ 283 192
​ 284 192
​ 285 192
​ 286 192
​ 287 192
​ 288 192
​ 289 192
​ 290 192
​ 291 192
​ 292 192
​ 293 192
​ 294 192
​ 295 192
​ 296 192
​ 297 192
​ 298 192
​ 299 192
​ 300 192
​ 301 192
​ 302 192
​ 303 192
​ 304 192
​ 305 192
​ 306 192
​ 307 192
​ 308 192
​ 309 192
​ 310 192
​ 311 192
​ 312 192
​ 313 192
​ 314 192
​ 315 192
​ 316 192
​ 317 192
​ 318 192
​ 319 192
​ 320 192
​ 321 192
​ 322 192
​ 251 193
​ 252 193
​ 253 193
​ 254 193
​ 255 193
​ 256 193
​ 257 193
​ 258 193
​ 259 193
​ 260 193
​ 261 193
​ 262 193
​ 263 193
​ 264 193
​ 265 193
​ 266 193
​ 267 193
​ 268 193
​ 269 193
​ 270 193
​ 271 193
​ 272 193
​ 273 193
​ 274 193
​ 275 193
​ 277 193
​ 278 193
​ 279 193
​ 280 193
​ 281 193
​ 282 193
​ 283 193
​ 284 193
​ 285 193
​ 286 193
​ 287 193
​ 288 193
​ 289 193
​ 290 193
​ 291 193
​ 292 193
​ 293 193
​ 294 193
​ 295 193
​ 296 193
​ 297 193
​ 298 193
​ 299 193
​ 300 193
​ 301 193
​ 302 193
​ 303 193
​ 304 193
​ 305 193
​ 306 193
​ 307 193
​ 308 193
​ 309 193
​ 310 193
​ 311 193
​ 312 193
​ 313 193
​ 314 193
​ 315 193
​ 316 193
​ 317 193
​ 318 193
​ 319 193
​ 320 193
​ 252 194
​ 253 194
​ 254 194
​ 255 194
​ 256 194
​ 257 194
​ 258 194
​ 259 194
​ 260 194
​ 261 194
​ 262 194
​ 263 194
​ 264 194
​ 265 194
​ 266 194
​ 267 194
​ 268 194
​ 269 194
​ 270 194
​ 271 194
​ 272 194
​ 273 194
​ 274 194
​ 277 194
​ 278 194
​ 279 194
​ 280 194
​ 281 194
​ 282 194
​ 283 194
​ 284 194
​ 285 194
​ 286 194
​ 287 194
​ 288 194
​ 289 194
​ 290 194
​ 291 194
​ 292 194
​ 293 194
​ 294 194
​ 295 194
​ 296 194
​ 297 194
​ 298 194
​ 299 194
​ 300 194
​ 301 194
​ 302 194
​ 303 194
​ 304 194
​ 307 194
​ 309 194
​ 310 194
​ 311 194
​ 312 194
​ 313 194
​ 314 194
​ 315 194
​ 316 194
​ 317 194
​ 318 194
​ 319 194
​ 251 195
​ 252 195
​ 253 195
​ 254 195
​ 255 195
​ 256 195
​ 257 195
​ 258 195
​ 259 195
​ 260 195
​ 261 195
​ 262 195
​ 263 195
​ 264 195
​ 265 195
​ 266 195
​ 267 195
​ 268 195
​ 269 195
​ 272 195
​ 274 195
​ 275 195
​ 277 195
​ 278 195
​ 279 195
​ 280 195
​ 281 195
​ 282 195
​ 283 195
​ 284 195
​ 285 195
​ 286 195
​ 287 195
​ 289 195
​ 290 195
​ 291 195
​ 292 195
​ 293 195
​ 294 195
​ 295 195
​ 297 195
​ 298 195
​ 303 195
​ 304 195
​ 305 195
​ 310 195
​ 311 195
​ 312 195
​ 313 195
​ 314 195
​ 315 195
​ 316 195
​ 317 195
​ 318 195
​ 319 195
​ 250 196
​ 251 196
​ 252 196
​ 253 196
​ 254 196
​ 255 196
​ 256 196
​ 257 196
​ 258 196
​ 259 196
​ 260 196
​ 261 196
​ 262 196
​ 263 196
​ 264 196
​ 265 196
​ 266 196
​ 267 196
​ 270 196
​ 274 196
​ 275 196
​ 277 196
​ 278 196
​ 279 196
​ 280 196
​ 281 196
​ 282 196
​ 283 196
​ 285 196
​ 286 196
​ 287 196
​ 288 196
​ 289 196
​ 290 196
​ 291 196
​ 292 196
​ 293 196
​ 295 196
​ 296 196
​ 297 196
​ 304 196
​ 305 196
​ 306 196
​ 309 196
​ 310 196
​ 311 196
​ 312 196
​ 313 196
​ 314 196
​ 315 196
​ 316 196
​ 317 196
​ 318 196
​ 319 196
​ 250 197
​ 251 197
​ 252 197
​ 253 197
​ 254 197
​ 255 197
​ 256 197
​ 257 197
​ 260 197
​ 261 197
​ 262 197
​ 263 197
​ 264 197
​ 265 197
​ 266 197
​ 267 197
​ 278 197
​ 279 197
​ 280 197
​ 282 197
​ 284 197
​ 285 197
​ 294 197
​ 297 197
​ 305 197
​ 306 197
​ 308 197
​ 309 197
​ 310 197
​ 311 197
​ 312 197
​ 315 197
​ 316 197
​ 317 197
​ 318 197
​ 247 198
​ 248 198
​ 249 198
​ 250 198
​ 251 198
​ 252 198
​ 253 198
​ 254 198
​ 255 198
​ 256 198
​ 261 198
​ 262 198
​ 263 198
​ 264 198
​ 265 198
​ 273 198
​ 278 198
​ 279 198
​ 282 198
​ 283 198
​ 309 198
​ 311 198
​ 312 198
​ 315 198
​ 316 198
​ 317 198
​ 318 198
​ 246 199
​ 247 199
​ 250 199
​ 251 199
​ 252 199
​ 253 199
​ 254 199
​ 260 199
​ 261 199
​ 262 199
​ 263 199
​ 264 199
​ 265 199
​ 279 199
​ 282 199
​ 302 199
​ 311 199
​ 315 199
​ 316 199
​ 317 199
​ 318 199
​ 245 200
​ 247 200
​ 250 200
​ 251 200
​ 252 200
​ 253 200
​ 254 200
​ 261 200
​ 262 200
​ 263 200
​ 264 200
​ 265 200
​ 275 200
​ 299 200
​ 311 200
​ 315 200
​ 316 200
​ 317 200
​ 318 200
​ 245 201
​ 247 201
​ 248 201
​ 249 201
​ 250 201
​ 251 201
​ 252 201
​ 253 201
​ 254 201
​ 255 201
​ 262 201
​ 263 201
​ 264 201
​ 275 201
​ 312 201
​ 315 201
​ 316 201
​ 317 201
​ 245 202
​ 247 202
​ 248 202
​ 249 202
​ 250 202
​ 251 202
​ 252 202
​ 253 202
​ 254 202
​ 263 202
​ 264 202
​ 315 202
​ 316 202
​ 245 203
​ 247 203
​ 248 203
​ 249 203
​ 250 203
​ 251 203
​ 252 203
​ 253 203
​ 254 203
​ 263 203
​ 264 203
​ 265 203
​ 315 203
​ 316 203
​ 245 204
​ 246 204
​ 247 204
​ 248 204
​ 249 204
​ 250 204
​ 251 204
​ 252 204
​ 253 204
​ 254 204
​ 263 204
​ 264 204
​ 265 204
​ 315 204
​ 316 204
​ 317 204
​ 245 205
​ 247 205
​ 248 205
​ 249 205
​ 250 205
​ 251 205
​ 252 205
​ 253 205
​ 254 205
​ 263 205
​ 264 205
​ 265 205
​ 315 205
​ 316 205
​ 317 205
​ 245 206
​ 247 206
​ 248 206
​ 249 206
​ 250 206
​ 251 206
​ 252 206
​ 253 206
​ 254 206
​ 263 206
​ 264 206
​ 265 206
​ 314 206
​ 315 206
​ 316 206
​ 245 207
​ 246 207
​ 247 207
​ 248 207
​ 249 207
​ 250 207
​ 251 207
​ 252 207
​ 253 207
​ 254 207
​ 263 207
​ 264 207
​ 265 207
​ 314 207
​ 315 207
​ 316 207
​ 245 208
​ 246 208
​ 247 208
​ 248 208
​ 249 208
​ 250 208
​ 251 208
​ 252 208
​ 253 208
​ 254 208
​ 255 208
​ 263 208
​ 264 208
​ 265 208
​ 266 208
​ 314 208
​ 315 208
​ 316 208
​ 327 208
​ 328 208
​ 245 209
​ 246 209
​ 247 209
​ 248 209
​ 249 209
​ 250 209
​ 251 209
​ 252 209
​ 253 209
​ 254 209
​ 255 209
​ 264 209
​ 265 209
​ 266 209
​ 314 209
​ 315 209
​ 316 209
​ 327 209
​ 328 209
​ 245 210
​ 246 210
​ 247 210
​ 248 210
​ 249 210
​ 250 210
​ 251 210
​ 252 210
​ 253 210
​ 254 210
​ 255 210
​ 264 210
​ 265 210
​ 266 210
​ 315 210
​ 316 210
​ 327 210
​ 328 210
​ 329 210
​ 334 210
​ 245 211
​ 246 211
​ 247 211
​ 248 211
​ 249 211
​ 250 211
​ 251 211
​ 252 211
​ 253 211
​ 254 211
​ 255 211
​ 265 211
​ 266 211
​ 314 211
​ 315 211
​ 316 211
​ 325 211
​ 326 211
​ 327 211
​ 328 211
​ 329 211
​ 330 211
​ 331 211
​ 334 211
​ 245 212
​ 246 212
​ 247 212
​ 248 212
​ 249 212
​ 250 212
​ 251 212
​ 252 212
​ 253 212
​ 254 212
​ 255 212
​ 265 212
​ 266 212
​ 315 212
​ 316 212
​ 326 212
​ 327 212
​ 328 212
​ 329 212
​ 330 212
​ 331 212
​ 332 212
​ 245 213
​ 246 213
​ 247 213
​ 248 213
​ 249 213
​ 250 213
​ 251 213
​ 252 213
​ 253 213
​ 254 213
​ 265 213
​ 266 213
​ 315 213
​ 316 213
​ 325 213
​ 326 213
​ 327 213
​ 328 213
​ 329 213
​ 330 213
​ 331 213
​ 332 213
​ 245 214
​ 246 214
​ 247 214
​ 248 214
​ 249 214
​ 250 214
​ 251 214
​ 252 214
​ 253 214
​ 254 214
​ 265 214
​ 266 214
​ 315 214
​ 316 214
​ 325 214
​ 326 214
​ 327 214
​ 328 214
​ 329 214
​ 330 214
​ 331 214
​ 245 215
​ 246 215
​ 247 215
​ 248 215
​ 249 215
​ 250 215
​ 251 215
​ 252 215
​ 253 215
​ 254 215
​ 265 215
​ 266 215
​ 315 215
​ 316 215
​ 325 215
​ 326 215
​ 327 215
​ 328 215
​ 329 215
​ 330 215
​ 331 215
​ 332 215
​ 246 216
​ 247 216
​ 248 216
​ 249 216
​ 250 216
​ 251 216
​ 252 216
​ 253 216
​ 254 216
​ 315 216
​ 326 216
​ 327 216
​ 328 216
​ 329 216
​ 330 216
​ 331 216
​ 332 216
​ 246 217
​ 247 217
​ 248 217
​ 249 217
​ 250 217
​ 251 217
​ 252 217
​ 253 217
​ 254 217
​ 266 217
​ 315 217
​ 325 217
​ 326 217
​ 327 217
​ 328 217
​ 329 217
​ 330 217
​ 331 217
​ 332 217
​ 246 218
​ 247 218
​ 248 218
​ 249 218
​ 250 218
​ 251 218
​ 252 218
​ 253 218
​ 254 218
​ 266 218
​ 315 218
​ 325 218
​ 326 218
​ 327 218
​ 328 218
​ 329 218
​ 330 218
​ 331 218
​ 332 218
​ 246 219
​ 247 219
​ 248 219
​ 249 219
​ 250 219
​ 251 219
​ 252 219
​ 253 219
​ 254 219
​ 255 219
​ 315 219
​ 325 219
​ 326 219
​ 327 219
​ 328 219
​ 329 219
​ 330 219
​ 331 219
​ 332 219
​ 333 219
​ 246 220
​ 247 220
​ 248 220
​ 249 220
​ 250 220
​ 251 220
​ 252 220
​ 253 220
​ 254 220
​ 255 220
​ 267 220
​ 315 220
​ 316 220
​ 326 220
​ 327 220
​ 328 220
​ 329 220
​ 330 220
​ 331 220
​ 332 220
​ 333 220
​ 246 221
​ 247 221
​ 248 221
​ 249 221
​ 250 221
​ 251 221
​ 252 221
​ 253 221
​ 254 221
​ 255 221
​ 267 221
​ 315 221
​ 316 221
​ 326 221
​ 327 221
​ 328 221
​ 329 221
​ 330 221
​ 331 221
​ 332 221
​ 333 221
​ 246 222
​ 247 222
​ 248 222
​ 249 222
​ 250 222
​ 251 222
​ 252 222
​ 253 222
​ 254 222
​ 255 222
​ 267 222
​ 315 222
​ 316 222
​ 326 222
​ 327 222
​ 328 222
​ 329 222
​ 330 222
​ 331 222
​ 332 222
​ 333 222
​ 334 222
​ 246 223
​ 247 223
​ 248 223
​ 249 223
​ 250 223
​ 251 223
​ 252 223
​ 253 223
​ 254 223
​ 255 223
​ 267 223
​ 315 223
​ 316 223
​ 326 223
​ 327 223
​ 328 223
​ 329 223
​ 330 223
​ 331 223
​ 332 223
​ 333 223
​ 247 224
​ 248 224
​ 249 224
​ 250 224
​ 251 224
​ 252 224
​ 253 224
​ 254 224
​ 255 224
​ 315 224
​ 316 224
​ 326 224
​ 327 224
​ 328 224
​ 329 224
​ 330 224
​ 331 224
​ 332 224
​ 333 224
​ 334 224
​ 247 225
​ 248 225
​ 249 225
​ 250 225
​ 251 225
​ 252 225
​ 253 225
​ 254 225
​ 255 225
​ 267 225
​ 315 225
​ 326 225
​ 327 225
​ 328 225
​ 329 225
​ 330 225
​ 331 225
​ 332 225
​ 333 225
​ 334 225
​ 248 226
​ 249 226
​ 250 226
​ 251 226
​ 252 226
​ 253 226
​ 254 226
​ 255 226
​ 267 226
​ 315 226
​ 326 226
​ 327 226
​ 328 226
​ 329 226
​ 330 226
​ 331 226
​ 332 226
​ 333 226
​ 334 226
​ 335 226
​ 247 227
​ 248 227
​ 249 227
​ 250 227
​ 251 227
​ 252 227
​ 253 227
​ 254 227
​ 255 227
​ 267 227
​ 315 227
​ 326 227
​ 327 227
​ 328 227
​ 329 227
​ 330 227
​ 331 227
​ 332 227
​ 333 227
​ 334 227
​ 335 227
​ 247 228
​ 248 228
​ 249 228
​ 250 228
​ 251 228
​ 252 228
​ 253 228
​ 254 228
​ 255 228
​ 267 228
​ 315 228
​ 316 228
​ 326 228
​ 327 228
​ 329 228
​ 330 228
​ 332 228
​ 333 228
​ 334 228
​ 335 228
​ 247 229
​ 248 229
​ 249 229
​ 250 229
​ 251 229
​ 252 229
​ 253 229
​ 254 229
​ 255 229
​ 315 229
​ 316 229
​ 325 229
​ 326 229
​ 327 229
​ 328 229
​ 329 229
​ 330 229
​ 331 229
​ 332 229
​ 333 229
​ 334 229
​ 335 229
​ 247 230
​ 248 230
​ 249 230
​ 250 230
​ 251 230
​ 252 230
​ 253 230
​ 254 230
​ 255 230
​ 315 230
​ 316 230
​ 326 230
​ 327 230
​ 328 230
​ 329 230
​ 330 230
​ 331 230
​ 334 230
​ 335 230
​ 247 231
​ 250 231
​ 251 231
​ 252 231
​ 253 231
​ 254 231
​ 255 231
​ 315 231
​ 326 231
​ 327 231
​ 328 231
​ 329 231
​ 330 231
​ 331 231
​ 332 231
​ 333 231
​ 334 231
​ 247 232
​ 250 232
​ 251 232
​ 252 232
​ 253 232
​ 254 232
​ 255 232
​ 315 232
​ 326 232
​ 327 232
​ 328 232
​ 329 232
​ 330 232
​ 331 232
​ 332 232
​ 333 232
​ 334 232
​ 247 233
​ 249 233
​ 250 233
​ 251 233
​ 252 233
​ 253 233
​ 254 233
​ 255 233
​ 315 233
​ 326 233
​ 327 233
​ 328 233
​ 329 233
​ 330 233
​ 331 233
​ 332 233
​ 334 233
​ 247 234
​ 248 234
​ 249 234
​ 250 234
​ 251 234
​ 252 234
​ 253 234
​ 254 234
​ 255 234
​ 326 234
​ 327 234
​ 328 234
​ 334 234
​ 247 235
​ 248 235
​ 249 235
​ 250 235
​ 251 235
​ 252 235
​ 253 235
​ 254 235
​ 255 235
​ 256 235
​ 326 235
​ 327 235
​ 334 235
​ 247 236
​ 249 236
​ 250 236
​ 251 236
​ 252 236
​ 253 236
​ 254 236
​ 255 236
​ 256 236
​ 315 236
​ 325 236
​ 326 236
​ 247 237
​ 248 237
​ 250 237
​ 251 237
​ 252 237
​ 253 237
​ 254 237
​ 255 237
​ 256 237
​ 268 237
​ 315 237
​ 324 237
​ 325 237
​ 247 238
​ 248 238
​ 249 238
​ 252 238
​ 253 238
​ 254 238
​ 255 238
​ 256 238
​ 315 238
​ 323 238
​ 324 238
​ 248 239
​ 250 239
​ 253 239
​ 254 239
​ 255 239
​ 256 239
​ 315 239
​ 316 239
​ 322 239
​ 323 239
​ 326 239
​ 248 240
​ 249 240
​ 254 240
​ 255 240
​ 256 240
​ 315 240
​ 320 240
​ 248 241
​ 254 241
​ 255 241
​ 256 241
​ 316 241
​ 317 241
​ 318 241
​ 496 241
​ 253 242
​ 254 242
​ 255 242
​ 256 242
​ 257 242
​ 315 242
​ 496 242
​ 253 243
​ 254 243
​ 255 243
​ 256 243
​ 314 243
​ 255 244
​ 256 244
​ 257 244
​ 312 244
​ 256 245
​ 257 245
​ 496 245
​ 255 246
​ 256 246
​ 257 246
​ 496 246
​ 255 247
​ 256 247
​ 257 247
​ 496 247
​ 256 248
​ 257 248
​ 495 248
​ 254 249
​ 255 249
​ 256 249
​ 257 249
​ 303 249
​ 495 249
​ 254 250
​ 255 250
​ 256 250
​ 257 250
​ 497 250
​ 255 251
​ 256 251
​ 257 251
​ 300 251
​ 497 251
​ 65 252
​ 255 252
​ 256 252
​ 257 252
​ 299 252
​ 495 252
​ 64 253
​ 65 253
​ 257 253
​ 298 253
​ 495 253
​ 64 254
​ 65 254
​ 257 254
​ 258 254
​ 297 254
​ 7 255
​ 9 255
​ 10 255
​ 11 255
​ 12 255
​ 13 255
​ 14 255
​ 15 255
​ 64 255
​ 257 255
​ 258 255
​ 296 255
​ 6 256
​ 7 256
​ 8 256
​ 9 256
​ 10 256
​ 11 256
​ 12 256
​ 13 256
​ 14 256
​ 16 256
​ 257 256
​ 258 256
​ 490 256
​ 491 256
​ 6 257
​ 7 257
​ 10 257
​ 11 257
​ 12 257
​ 13 257
​ 14 257
​ 16 257
​ 257 257
​ 258 257
​ 490 257
​ 491 257
​ 497 257
​ 498 257
​ 6 258
​ 7 258
​ 11 258
​ 12 258
​ 13 258
​ 65 258
​ 66 258
​ 258 258
​ 6 259
​ 12 259
​ 13 259
​ 17 259
​ 63 259
​ 65 259
​ 66 259
​ 258 259
​ 6 260
​ 12 260
​ 13 260
​ 17 260
​ 18 260
​ 258 260
​ 259 260
​ 496 260
​ 497 260
​ 499 260
​ 12 261
​ 13 261
​ 18 261
​ 19 261
​ 63 261
​ 64 261
​ 258 261
​ 259 261
​ 496 261
​ 497 261
​ 498 261
​ 499 261
​ 11 262
​ 12 262
​ 19 262
​ 63 262
​ 64 262
​ 65 262
​ 258 262
​ 259 262
​ 260 262
​ 490 262
​ 495 262
​ 496 262
​ 498 262
​ 10 263
​ 12 263
​ 19 263
​ 63 263
​ 64 263
​ 259 263
​ 260 263
​ 261 263
​ 492 263
​ 495 263
​ 3 264
​ 5 264
​ 9 264
​ 19 264
​ 63 264
​ 64 264
​ 260 264
​ 482 264
​ 495 264
​ 498 264
​ 499 264
​ 3 265
​ 4 265
​ 5 265
​ 18 265
​ 19 265
​ 63 265
​ 64 265
​ 65 265
​ 260 265
​ 262 265
​ 263 265
​ 482 265
​ 483 265
​ 491 265
​ 492 265
​ 2 266
​ 3 266
​ 4 266
​ 5 266
​ 17 266
​ 62 266
​ 63 266
​ 64 266
​ 65 266
​ 66 266
​ 261 266
​ 262 266
​ 263 266
​ 482 266
​ 491 266
​ 492 266
​ 493 266
​ 495 266
​ 496 266
​ 499 266
​ 2 267
​ 4 267
​ 5 267
​ 7 267
​ 8 267
​ 17 267
​ 62 267
​ 63 267
​ 64 267
​ 65 267
​ 262 267
​ 263 267
​ 264 267
​ 492 267
​ 493 267
​ 495 267
​ 496 267
​ 498 267
​ 499 267
​ 1 268
​ 4 268
​ 5 268
​ 6 268
​ 7 268
​ 8 268
​ 62 268
​ 63 268
​ 64 268
​ 66 268
​ 67 268
​ 263 268
​ 264 268
​ 265 268
​ 492 268
​ 493 268
​ 494 268
​ 495 268
​ 496 268
​ 497 268
​ 498 268
​ 499 268
​ 1 269
​ 5 269
​ 6 269
​ 9 269
​ 23 269
​ 63 269
​ 64 269
​ 66 269
​ 68 269
​ 264 269
​ 265 269
​ 266 269
​ 267 269
​ 268 269
​ 492 269
​ 493 269
​ 494 269
​ 495 269
​ 496 269
​ 497 269
​ 498 269
​ 499 269
​ 1 270
​ 4 270
​ 10 270
​ 17 270
​ 22 270
​ 23 270
​ 24 270
​ 63 270
​ 64 270
​ 264 270
​ 265 270
​ 266 270
​ 267 270
​ 268 270
​ 269 270
​ 270 270
​ 271 270
​ 272 270
​ 273 270
​ 274 270
​ 275 270
​ 276 270
​ 277 270
​ 278 270
​ 279 270
​ 280 270
​ 281 270
​ 282 270
​ 283 270
​ 284 270
​ 491 270
​ 492 270
​ 496 270
​ 497 270
​ 498 270
​ 499 270
​ 4 271
​ 10 271
​ 18 271
​ 22 271
​ 23 271
​ 24 271
​ 63 271
​ 267 271
​ 268 271
​ 269 271
​ 270 271
​ 271 271
​ 272 271
​ 273 271
​ 274 271
​ 275 271
​ 276 271
​ 277 271
​ 278 271
​ 279 271
​ 280 271
​ 281 271
​ 282 271
​ 490 271
​ 491 271
​ 492 271
​ 495 271
​ 497 271
​ 498 271
​ 0 272
​ 3 272
​ 10 272
​ 18 272
​ 22 272
​ 23 272
​ 24 272
​ 63 272
​ 64 272
​ 277 272
​ 279 272
​ 490 272
​ 491 272
​ 492 272
​ 494 272
​ 495 272
​ 496 272
​ 497 272
​ 499 272
​ 9 273
​ 10 273
​ 18 273
​ 22 273
​ 23 273
​ 62 273
​ 63 273
​ 478 273
​ 487 273
​ 490 273
​ 491 273
​ 492 273
​ 493 273
​ 494 273
​ 495 273
​ 496 273
​ 497 273
​ 498 273
​ 499 273
​ 2 274
​ 9 274
​ 18 274
​ 19 274
​ 20 274
​ 62 274
​ 63 274
​ 65 274
​ 487 274
​ 488 274
​ 490 274
​ 491 274
​ 492 274
​ 493 274
​ 494 274
​ 495 274
​ 496 274
​ 497 274
​ 498 274
​ 499 274
​ 2 275
​ 8 275
​ 9 275
​ 18 275
​ 19 275
​ 20 275
​ 62 275
​ 63 275
​ 64 275
​ 65 275
​ 479 275
​ 484 275
​ 485 275
​ 486 275
​ 487 275
​ 490 275
​ 491 275
​ 492 275
​ 493 275
​ 494 275
​ 495 275
​ 496 275
​ 497 275
​ 498 275
​ 499 275
​ 7 276
​ 8 276
​ 18 276
​ 19 276
​ 20 276
​ 62 276
​ 63 276
​ 64 276
​ 65 276
​ 66 276
​ 485 276
​ 486 276
​ 487 276
​ 488 276
​ 489 276
​ 490 276
​ 491 276
​ 492 276
​ 493 276
​ 494 276
​ 495 276
​ 496 276
​ 497 276
​ 498 276
​ 499 276
​ 4 277
​ 5 277
​ 6 277
​ 7 277
​ 18 277
​ 19 277
​ 62 277
​ 63 277
​ 64 277
​ 65 277
​ 66 277
​ 67 277
​ 470 277
​ 481 277
​ 482 277
​ 488 277
​ 489 277
​ 490 277
​ 491 277
​ 492 277
​ 493 277
​ 494 277
​ 495 277
​ 496 277
​ 497 277
​ 498 277
​ 499 277
​ 1 278
​ 2 278
​ 3 278
​ 4 278
​ 5 278
​ 15 278
​ 16 278
​ 17 278
​ 18 278
​ 62 278
​ 63 278
​ 64 278
​ 65 278
​ 66 278
​ 67 278
​ 69 278
​ 470 278
​ 472 278
​ 483 278
​ 484 278
​ 488 278
​ 490 278
​ 491 278
​ 492 278
​ 493 278
​ 494 278
​ 495 278
​ 496 278
​ 497 278
​ 498 278
​ 499 278
​ 3 279
​ 14 279
​ 15 279
​ 16 279
​ 17 279
​ 61 279
​ 62 279
​ 63 279
​ 64 279
​ 65 279
​ 66 279
​ 67 279
​ 69 279
​ 470 279
​ 471 279
​ 472 279
​ 473 279
​ 480 279
​ 483 279
​ 486 279
​ 487 279
​ 490 279
​ 491 279
​ 492 279
​ 493 279
​ 494 279
​ 495 279
​ 496 279
​ 13 280
​ 14 280
​ 15 280
​ 16 280
​ 61 280
​ 62 280
​ 63 280
​ 64 280
​ 67 280
​ 470 280
​ 474 280
​ 475 280
​ 477 280
​ 480 280
​ 481 280
​ 485 280
​ 486 280
​ 487 280
​ 488 280
​ 489 280
​ 490 280
​ 491 280
​ 492 280
​ 493 280
​ 494 280
​ 495 280
​ 15 281
​ 16 281
​ 61 281
​ 62 281
​ 63 281
​ 64 281
​ 65 281
​ 470 281
​ 476 281
​ 481 281
​ 482 281
​ 483 281
​ 486 281
​ 487 281
​ 488 281
​ 489 281
​ 490 281
​ 492 281
​ 493 281
​ 494 281
​ 498 281
​ 499 281
​ 14 282
​ 15 282
​ 61 282
​ 62 282
​ 63 282
​ 64 282
​ 65 282
​ 470 282
​ 473 282
​ 474 282
​ 475 282
​ 476 282
​ 477 282
​ 481 282
​ 482 282
​ 483 282
​ 484 282
​ 487 282
​ 488 282
​ 489 282
​ 490 282
​ 495 282
​ 498 282
​ 499 282
​ 13 283
​ 14 283
​ 15 283
​ 61 283
​ 62 283
​ 63 283
​ 64 283
​ 65 283
​ 66 283
​ 473 283
​ 474 283
​ 475 283
​ 476 283
​ 477 283
​ 478 283
​ 480 283
​ 481 283
​ 482 283
​ 483 283
​ 484 283
​ 486 283
​ 487 283
​ 488 283
​ 489 283
​ 490 283
​ 495 283
​ 498 283
​ 13 284
​ 14 284
​ 15 284
​ 16 284
​ 61 284
​ 62 284
​ 63 284
​ 64 284
​ 65 284
​ 66 284
​ 470 284
​ 473 284
​ 476 284
​ 477 284
​ 478 284
​ 479 284
​ 480 284
​ 481 284
​ 483 284
​ 484 284
​ 485 284
​ 486 284
​ 487 284
​ 488 284
​ 489 284
​ 13 285
​ 14 285
​ 61 285
​ 62 285
​ 63 285
​ 64 285
​ 65 285
​ 66 285
​ 67 285
​ 469 285
​ 470 285
​ 471 285
​ 472 285
​ 473 285
​ 474 285
​ 475 285
​ 478 285
​ 479 285
​ 480 285
​ 481 285
​ 482 285
​ 483 285
​ 484 285
​ 485 285
​ 486 285
​ 13 286
​ 60 286
​ 61 286
​ 62 286
​ 63 286
​ 64 286
​ 65 286
​ 66 286
​ 67 286
​ 69 286
​ 469 286
​ 470 286
​ 472 286
​ 473 286
​ 474 286
​ 475 286
​ 479 286
​ 480 286
​ 481 286
​ 485 286
​ 486 286
​ 489 286
​ 491 286
​ 493 286
​ 12 287
​ 13 287
​ 60 287
​ 61 287
​ 62 287
​ 63 287
​ 64 287
​ 65 287
​ 66 287
​ 67 287
​ 68 287
​ 471 287
​ 472 287
​ 473 287
​ 474 287
​ 486 287
​ 487 287
​ 488 287
​ 489 287
​ 490 287
​ 491 287
​ 492 287
​ 493 287
​ 494 287
​ 495 287
​ 496 287
​ 497 287
​ 498 287
​ 499 287
​ 11 288
​ 12 288
​ 13 288
​ 60 288
​ 61 288
​ 62 288
​ 63 288
​ 64 288
​ 65 288
​ 66 288
​ 67 288
​ 467 288
​ 471 288
​ 472 288
​ 473 288
​ 495 288
​ 496 288
​ 497 288
​ 10 289
​ 11 289
​ 12 289
​ 13 289
​ 18 289
​ 19 289
​ 60 289
​ 61 289
​ 62 289
​ 63 289
​ 64 289
​ 65 289
​ 66 289
​ 67 289
​ 467 289
​ 468 289
​ 470 289
​ 471 289
​ 472 289
​ 473 289
​ 10 290
​ 11 290
​ 12 290
​ 19 290
​ 24 290
​ 25 290
​ 60 290
​ 61 290
​ 62 290
​ 63 290
​ 64 290
​ 65 290
​ 66 290
​ 67 290
​ 467 290
​ 472 290
​ 10 291
​ 11 291
​ 12 291
​ 23 291
​ 24 291
​ 25 291
​ 60 291
​ 61 291
​ 62 291
​ 63 291
​ 64 291
​ 65 291
​ 66 291
​ 67 291
​ 467 291
​ 471 291
​ 472 291
​ 473 291
​ 474 291
​ 10 292
​ 11 292
​ 23 292
​ 25 292
​ 60 292
​ 61 292
​ 62 292
​ 63 292
​ 64 292
​ 65 292
​ 66 292
​ 67 292
​ 68 292
​ 465 292
​ 468 292
​ 469 292
​ 471 292
​ 472 292
​ 473 292
​ 474 292
​ 475 292
​ 476 292
​ 477 292
​ 10 293
​ 11 293
​ 17 293
​ 18 293
​ 23 293
​ 24 293
​ 60 293
​ 61 293
​ 62 293
​ 63 293
​ 64 293
​ 65 293
​ 66 293
​ 67 293
​ 68 293
​ 69 293
​ 70 293
​ 467 293
​ 468 293
​ 469 293
​ 471 293
​ 472 293
​ 473 293
​ 474 293
​ 475 293
​ 477 293
​ 10 294
​ 11 294
​ 16 294
​ 17 294
​ 18 294
​ 22 294
​ 23 294
​ 24 294
​ 60 294
​ 61 294
​ 62 294
​ 63 294
​ 64 294
​ 65 294
​ 66 294
​ 67 294
​ 68 294
​ 466 294
​ 469 294
​ 471 294
​ 472 294
​ 473 294
​ 474 294
​ 475 294
​ 476 294
​ 10 295
​ 11 295
​ 12 295
​ 14 295
​ 15 295
​ 16 295
​ 17 295
​ 21 295
​ 22 295
​ 23 295
​ 60 295
​ 61 295
​ 62 295
​ 63 295
​ 64 295
​ 65 295
​ 66 295
​ 67 295
​ 68 295
​ 466 295
​ 468 295
​ 469 295
​ 471 295
​ 472 295
​ 473 295
​ 474 295
​ 9 296
​ 10 296
​ 11 296
​ 12 296
​ 13 296
​ 14 296
​ 16 296
​ 21 296
​ 60 296
​ 61 296
​ 62 296
​ 63 296
​ 64 296
​ 65 296
​ 66 296
​ 67 296
​ 68 296
​ 69 296
​ 464 296
​ 465 296
​ 466 296
​ 467 296
​ 468 296
​ 469 296
​ 470 296
​ 471 296
​ 472 296
​ 473 296
​ 474 296
​ 9 297
​ 10 297
​ 11 297
​ 12 297
​ 13 297
​ 19 297
​ 20 297
​ 24 297
​ 59 297
​ 60 297
​ 61 297
​ 62 297
​ 63 297
​ 64 297
​ 65 297
​ 66 297
​ 67 297
​ 68 297
​ 69 297
​ 70 297
​ 465 297
​ 466 297
​ 467 297
​ 468 297
​ 469 297
​ 470 297
​ 471 297
​ 472 297
​ 473 297
​ 474 297
​ 9 298
​ 10 298
​ 11 298
​ 20 298
​ 24 298
​ 59 298
​ 60 298
​ 61 298
​ 62 298
​ 63 298
​ 64 298
​ 65 298
​ 66 298
​ 67 298
​ 68 298
​ 69 298
​ 70 298
​ 461 298
​ 464 298
​ 465 298
​ 466 298
​ 467 298
​ 468 298
​ 469 298
​ 470 298
​ 471 298
​ 472 298
​ 473 298
​ 474 298
​ 9 299
​ 10 299
​ 12 299
​ 19 299
​ 24 299
​ 25 299
​ 59 299
​ 60 299
​ 61 299
​ 62 299
​ 63 299
​ 64 299
​ 65 299
​ 66 299
​ 68 299
​ 69 299
​ 70 299
​ 462 299
​ 464 299
​ 465 299
​ 466 299
​ 467 299
​ 468 299
​ 469 299
​ 470 299
​ 471 299
​ 473 299
​ 474 299
​ 8 300
​ 9 300
​ 10 300
​ 11 300
​ 12 300
​ 13 300
​ 14 300
​ 19 300
​ 24 300
​ 25 300
​ 59 300
​ 60 300
​ 61 300
​ 62 300
​ 63 300
​ 64 300
​ 65 300
​ 66 300
​ 67 300
​ 68 300
​ 69 300
​ 70 300
​ 462 300
​ 463 300
​ 464 300
​ 465 300
​ 466 300
​ 467 300
​ 468 300
​ 469 300
​ 471 300
​ 472 300
​ 473 300
​ 474 300
​ 8 301
​ 9 301
​ 10 301
​ 11 301
​ 13 301
​ 14 301
​ 24 301
​ 25 301
​ 34 301
​ 35 301
​ 36 301
​ 37 301
​ 59 301
​ 60 301
​ 61 301
​ 62 301
​ 63 301
​ 64 301
​ 65 301
​ 66 301
​ 67 301
​ 68 301
​ 69 301
​ 461 301
​ 462 301
​ 463 301
​ 464 301
​ 465 301
​ 466 301
​ 467 301
​ 468 301
​ 471 301
​ 472 301
​ 473 301
​ 8 302
​ 9 302
​ 10 302
​ 11 302
​ 18 302
​ 24 302
​ 25 302
​ 33 302
​ 34 302
​ 35 302
​ 36 302
​ 37 302
​ 38 302
​ 59 302
​ 60 302
​ 61 302
​ 62 302
​ 63 302
​ 64 302
​ 65 302
​ 66 302
​ 67 302
​ 68 302
​ 69 302
​ 460 302
​ 461 302
​ 462 302
​ 463 302
​ 464 302
​ 465 302
​ 466 302
​ 467 302
​ 469 302
​ 470 302
​ 471 302
​ 472 302
​ 473 302
​ 10 303
​ 11 303
​ 12 303
​ 17 303
​ 25 303
​ 33 303
​ 34 303
​ 35 303
​ 36 303
​ 37 303
​ 38 303
​ 59 303
​ 60 303
​ 61 303
​ 62 303
​ 63 303
​ 64 303
​ 65 303
​ 66 303
​ 67 303
​ 68 303
​ 69 303
​ 461 303
​ 462 303
​ 463 303
​ 464 303
​ 465 303
​ 468 303
​ 469 303
​ 470 303
​ 471 303
​ 472 303
​ 473 303
​ 13 304
​ 14 304
​ 15 304
​ 16 304
​ 17 304
​ 25 304
​ 33 304
​ 34 304
​ 35 304
​ 36 304
​ 37 304
​ 38 304
​ 39 304
​ 40 304
​ 59 304
​ 60 304
​ 61 304
​ 62 304
​ 63 304
​ 64 304
​ 65 304
​ 66 304
​ 67 304
​ 68 304
​ 69 304
​ 461 304
​ 462 304
​ 463 304
​ 464 304
​ 465 304
​ 466 304
​ 467 304
​ 468 304
​ 469 304
​ 470 304
​ 471 304
​ 472 304
​ 473 304
​ 474 304
​ 475 304
​ 13 305
​ 14 305
​ 15 305
​ 16 305
​ 25 305
​ 33 305
​ 34 305
​ 35 305
​ 36 305
​ 37 305
​ 38 305
​ 39 305
​ 40 305
​ 59 305
​ 60 305
​ 61 305
​ 62 305
​ 63 305
​ 64 305
​ 65 305
​ 66 305
​ 67 305
​ 68 305
​ 69 305
​ 462 305
​ 463 305
​ 465 305
​ 466 305
​ 467 305
​ 468 305
​ 469 305
​ 470 305
​ 472 305
​ 473 305
​ 474 305
​ 475 305
​ 9 306
​ 14 306
​ 15 306
​ 25 306
​ 33 306
​ 34 306
​ 35 306
​ 38 306
​ 39 306
​ 40 306
​ 59 306
​ 60 306
​ 61 306
​ 63 306
​ 64 306
​ 65 306
​ 66 306
​ 67 306
​ 68 306
​ 69 306
​ 70 306
​ 462 306
​ 463 306
​ 464 306
​ 465 306
​ 466 306
​ 467 306
​ 468 306
​ 469 306
​ 472 306
​ 473 306
​ 474 306
​ 475 306
​ 14 307
​ 25 307
​ 33 307
​ 34 307
​ 37 307
​ 38 307
​ 39 307
​ 58 307
​ 59 307
​ 60 307
​ 61 307
​ 62 307
​ 63 307
​ 64 307
​ 65 307
​ 66 307
​ 67 307
​ 68 307
​ 69 307
​ 70 307
​ 71 307
​ 461 307
​ 462 307
​ 463 307
​ 464 307
​ 465 307
​ 466 307
​ 467 307
​ 468 307
​ 469 307
​ 470 307
​ 471 307
​ 472 307
​ 473 307
​ 25 308
​ 33 308
​ 34 308
​ 37 308
​ 38 308
​ 58 308
​ 59 308
​ 60 308
​ 61 308
​ 62 308
​ 63 308
​ 64 308
​ 65 308
​ 66 308
​ 67 308
​ 68 308
​ 69 308
​ 70 308
​ 461 308
​ 462 308
​ 463 308
​ 464 308
​ 465 308
​ 466 308
​ 467 308
​ 468 308
​ 469 308
​ 471 308
​ 472 308
​ 473 308
​ 25 309
​ 33 309
​ 34 309
​ 35 309
​ 36 309
​ 37 309
​ 38 309
​ 58 309
​ 61 309
​ 62 309
​ 63 309
​ 64 309
​ 65 309
​ 66 309
​ 67 309
​ 68 309
​ 69 309
​ 458 309
​ 460 309
​ 461 309
​ 462 309
​ 463 309
​ 464 309
​ 465 309
​ 466 309
​ 467 309
​ 468 309
​ 471 309
​ 472 309
​ 473 309
​ 12 310
​ 13 310
​ 25 310
​ 33 310
​ 34 310
​ 35 310
​ 36 310
​ 37 310
​ 38 310
​ 58 310
​ 63 310
​ 64 310
​ 65 310
​ 66 310
​ 67 310
​ 68 310
​ 459 310
​ 460 310
​ 461 310
​ 462 310
​ 463 310
​ 464 310
​ 465 310
​ 466 310
​ 467 310
​ 468 310
​ 471 310
​ 8 311
​ 11 311
​ 12 311
​ 13 311
​ 25 311
​ 33 311
​ 34 311
​ 35 311
​ 36 311
​ 37 311
​ 38 311
​ 58 311
​ 59 311
​ 62 311
​ 63 311
​ 64 311
​ 65 311
​ 66 311
​ 67 311
​ 68 311
​ 69 311
​ 457 311
​ 458 311
​ 459 311
​ 460 311
​ 461 311
​ 462 311
​ 463 311
​ 464 311
​ 465 311
​ 466 311
​ 467 311
​ 468 311
​ 469 311
​ 7 312
​ 10 312
​ 11 312
​ 12 312
​ 13 312
​ 25 312
​ 34 312
​ 57 312
​ 58 312
​ 59 312
​ 60 312
​ 62 312
​ 63 312
​ 64 312
​ 65 312
​ 66 312
​ 67 312
​ 68 312
​ 69 312
​ 456 312
​ 457 312
​ 458 312
​ 459 312
​ 460 312
​ 461 312
​ 462 312
​ 463 312
​ 464 312
​ 465 312
​ 467 312
​ 468 312
​ 7 313
​ 9 313
​ 12 313
​ 13 313
​ 25 313
​ 34 313
​ 57 313
​ 58 313
​ 59 313
​ 60 313
​ 61 313
​ 62 313
​ 63 313
​ 64 313
​ 65 313
​ 66 313
​ 67 313
​ 68 313
​ 69 313
​ 70 313
​ 452 313
​ 456 313
​ 457 313
​ 458 313
​ 459 313
​ 460 313
​ 461 313
​ 462 313
​ 463 313
​ 464 313
​ 465 313
​ 468 313
​ 9 314
​ 12 314
​ 13 314
​ 25 314
​ 34 314
​ 57 314
​ 58 314
​ 59 314
​ 60 314
​ 62 314
​ 63 314
​ 64 314
​ 65 314
​ 66 314
​ 67 314
​ 68 314
​ 69 314
​ 70 314
​ 455 314
​ 456 314
​ 457 314
​ 458 314
​ 459 314
​ 460 314
​ 461 314
​ 462 314
​ 463 314
​ 464 314
​ 465 314
​ 466 314
​ 468 314
​ 476 314
​ 9 315
​ 12 315
​ 13 315
​ 58 315
​ 59 315
​ 60 315
​ 61 315
​ 62 315
​ 63 315
​ 64 315
​ 65 315
​ 66 315
​ 67 315
​ 68 315
​ 69 315
​ 70 315
​ 455 315
​ 456 315
​ 457 315
​ 458 315
​ 459 315
​ 460 315
​ 461 315
​ 462 315
​ 463 315
​ 464 315
​ 465 315
​ 466 315
​ 467 315
​ 468 315
​ 469 315
​ 470 315
​ 9 316
​ 11 316
​ 12 316
​ 25 316
​ 35 316
​ 39 316
​ 40 316
​ 57 316
​ 58 316
​ 59 316
​ 60 316
​ 61 316
​ 62 316
​ 63 316
​ 64 316
​ 65 316
​ 66 316
​ 67 316
​ 68 316
​ 69 316
​ 70 316
​ 454 316
​ 455 316
​ 456 316
​ 457 316
​ 458 316
​ 459 316
​ 460 316
​ 461 316
​ 462 316
​ 463 316
​ 464 316
​ 465 316
​ 466 316
​ 467 316
​ 468 316
​ 475 316
​ 9 317
​ 10 317
​ 11 317
​ 25 317
​ 35 317
​ 39 317
​ 57 317
​ 58 317
​ 59 317
​ 60 317
​ 61 317
​ 62 317
​ 63 317
​ 64 317
​ 65 317
​ 66 317
​ 67 317
​ 68 317
​ 69 317
​ 453 317
​ 454 317
​ 455 317
​ 456 317
​ 457 317
​ 458 317
​ 459 317
​ 460 317
​ 461 317
​ 462 317
​ 463 317
​ 464 317
​ 465 317
​ 466 317
​ 467 317
​ 468 317
​ 470 317
​ 476 317
​ 8 318
​ 9 318
​ 10 318
​ 11 318
​ 22 318
​ 25 318
​ 35 318
​ 57 318
​ 58 318
​ 59 318
​ 60 318
​ 61 318
​ 62 318
​ 63 318
​ 64 318
​ 65 318
​ 66 318
​ 67 318
​ 68 318
​ 69 318
​ 454 318
​ 455 318
​ 456 318
​ 457 318
​ 458 318
​ 459 318
​ 460 318
​ 461 318
​ 462 318
​ 463 318
​ 464 318
​ 465 318
​ 466 318
​ 467 318
​ 469 318
​ 470 318
​ 476 318
​ 10 319
​ 22 319
​ 25 319
​ 35 319
​ 57 319
​ 58 319
​ 59 319
​ 60 319
​ 63 319
​ 64 319
​ 65 319
​ 66 319
​ 67 319
​ 68 319
​ 69 319
​ 453 319
​ 454 319
​ 455 319
​ 456 319
​ 457 319
​ 458 319
​ 459 319
​ 460 319
​ 461 319
​ 462 319
​ 463 319
​ 464 319
​ 465 319
​ 466 319
​ 467 319
​ 468 319
​ 469 319
​ 471 319
​ 6 320
​ 7 320
​ 8 320
​ 22 320
​ 25 320
​ 30 320
​ 31 320
​ 36 320
​ 57 320
​ 58 320
​ 59 320
​ 60 320
​ 61 320
​ 62 320
​ 63 320
​ 64 320
​ 65 320
​ 66 320
​ 67 320
​ 68 320
​ 450 320
​ 452 320
​ 453 320
​ 454 320
​ 455 320
​ 456 320
​ 457 320
​ 458 320
​ 459 320
​ 460 320
​ 461 320
​ 462 320
​ 463 320
​ 464 320
​ 465 320
​ 466 320
​ 467 320
​ 468 320
​ 4 321
​ 5 321
​ 7 321
​ 8 321
​ 22 321
​ 25 321
​ 30 321
​ 31 321
​ 36 321
​ 57 321
​ 58 321
​ 59 321
​ 60 321
​ 61 321
​ 62 321
​ 63 321
​ 64 321
​ 65 321
​ 66 321
​ 67 321
​ 451 321
​ 453 321
​ 455 321
​ 457 321
​ 458 321
​ 459 321
​ 460 321
​ 461 321
​ 462 321
​ 464 321
​ 465 321
​ 466 321
​ 467 321
​ 468 321
​ 470 321
​ 471 321
​ 472 321
​ 474 321
​ 475 321
​ 1 322
​ 2 322
​ 8 322
​ 22 322
​ 23 322
​ 24 322
​ 25 322
​ 30 322
​ 31 322
​ 36 322
​ 37 322
​ 56 322
​ 57 322
​ 58 322
​ 60 322
​ 61 322
​ 62 322
​ 63 322
​ 64 322
​ 65 322
​ 66 322
​ 0 323
​ 8 323
​ 22 323
​ 23 323
​ 24 323
​ 31 323
​ 36 323
​ 37 323
​ 53 323
​ 56 323
​ 57 323
​ 58 323
​ 60 323
​ 61 323
​ 62 323
​ 64 323
​ 65 323
​ 8 324
​ 21 324
​ 22 324
​ 23 324
​ 24 324
​ 32 324
​ 38 324
​ 53 324
​ 57 324
​ 58 324
​ 61 324
​ 62 324
​ 7 325
​ 8 325
​ 21 325
​ 24 325
​ 29 325
​ 33 325
​ 38 325
​ 39 325
​ 57 325
​ 58 325
​ 7 326
​ 21 326
​ 24 326
​ 29 326
​ 34 326
​ 35 326
​ 36 326
​ 38 326
​ 39 326
​ 51 326
​ 56 326
​ 57 326
​ 58 326
​ 6 327
​ 21 327
​ 24 327
​ 35 327
​ 36 327
​ 38 327
​ 39 327
​ 56 327
​ 57 327
​ 58 327
​ 61 327
​ 0 328
​ 1 328
​ 6 328
​ 7 328
​ 21 328
​ 24 328
​ 36 328
​ 37 328
​ 39 328
​ 56 328
​ 57 328
​ 58 328
​ 59 328
​ 60 328
​ 5 329
​ 6 329
​ 7 329
​ 21 329
​ 23 329
​ 24 329
​ 36 329
​ 37 329
​ 39 329
​ 40 329
​ 42 329
​ 56 329
​ 57 329
​ 58 329
​ 59 329
​ 23 330
​ 24 330
​ 39 330
​ 40 330
​ 41 330
​ 42 330
​ 43 330
​ 45 330
​ 47 330
​ 50 330
​ 57 330
​ 23 331
​ 43 331
​ 45 331
​ 48 331
​ 49 331
​ 38 332
​ 39 332
​ 43 332
​ 45 332
​ 47 332
​ 48 332
​ 49 332
​ 50 332
​ 38 333
​ 39 333
​ 43 333
​ 45 333
​ 47 333
​ 48 333
​ 49 333
​ 50 333
​ 38 334
​ 41 334
​ 42 334
​ 43 334
​ 45 334
​ 46 334
​ 47 334
​ 25 335
​ 28 335
​ 38 335
​ 46 335
​ 47 335
​ 48 335
​ 49 335
​ 25 336
​ 28 336
​ 38 336
​ 47 336
​ 48 336
​ 20 337
​ 25 337
​ 28 337
​ 37 337
​ 45 337
​ 47 337
​ 20 338
​ 28 338
​ 36 338
​ 45 338
​ 46 338
​ 20 339
​ 28 339
​ 35 339
​ 46 339
​ 20 340
​ 28 340
​ 35 340
​ 20 341
​ 22 341
​ 26 341
​ 35 341
​ 20 342
​ 22 342
​ 26 342
​ 27 342
​ 35 342
​ 20 343
​ 22 343
​ 27 343
​ 35 343
​ 36 343
​ 21 344
​ 22 344
​ 36 344
​ 39 344
​ 21 345
​ 22 345
​ 37 345
​ 38 345
​ 39 345
​ 20 346
​ 21 346
​ 21 347
​ 20 348
​ 21 348
​ 20 349
​ 21 349
​ 20 350
​ 21 350
​ 20 351
​ 21 351
​ 20 352
​ 21 352
​ 20 353
​ 21 353
​ 20 354
​ 21 354
​ 20 355
​ 21 355
​ 20 356
​ 21 356
​ 20 357
​ 21 357
​ 20 358
​ 21 358
​ 20 359
​ 21 359
