  243 138
  244 138
  245 138
  246 138
  247 138
  248 138
  249 138
  250 138
  251 138
  252 138
  236 139
  237 139
  238 139
  239 139
  240 139
  241 139
  242 139
  243 139
  244 139
  245 139
  246 139
  247 139
  248 139
  249 139
  250 139
  251 139
  252 139
  253 139
  254 139
  255 139
  256 139
  233 140
  234 140
  235 140
  236 140
  237 140
  238 140
  239 140
  240 140
  241 140
  242 140
  243 140
  244 140
  245 140
  246 140
  247 140
  248 140
  249 140
  250 140
  251 140
  252 140
  253 140
  254 140
  255 140
  256 140
  257 140
  258 140
  259 140
  231 141
  232 141
  233 141
  234 141
  235 141
  236 141
  237 141
  238 141
  239 141
  240 141
  241 141
  242 141
  243 141
  244 141
  245 141
  246 141
  247 141
  248 141
  249 141
  250 141
  251 141
  252 141
  253 141
  254 141
  255 141
  256 141
  257 141
  258 141
  259 141
  260 141
  261 141
  229 142
  230 142
  231 142
  232 142
  233 142
  234 142
  235 142
  236 142
  237 142
  238 142
  239 142
  240 142
  241 142
  242 142
  243 142
  244 142
  245 142
  246 142
  247 142
  248 142
  249 142
  250 142
  251 142
  252 142
  253 142
  254 142
  255 142
  256 142
  257 142
  258 142
  259 142
  260 142
  261 142
  262 142
  263 142
  227 143
  228 143
  229 143
  230 143
  231 143
  232 143
  233 143
  234 143
  235 143
  236 143
  237 143
  238 143
  239 143
  240 143
  241 143
  242 143
  243 143
  244 143
  245 143
  246 143
  247 143
  248 143
  249 143
  250 143
  251 143
  252 143
  253 143
  254 143
  255 143
  256 143
  257 143
  258 143
  259 143
  260 143
  261 143
  262 143
  263 143
  264 143
  226 144
  227 144
  228 144
  229 144
  230 144
  231 144
  232 144
  233 144
  234 144
  235 144
  236 144
  237 144
  238 144
  239 144
  240 144
  241 144
  242 144
  243 144
  244 144
  245 144
  246 144
  247 144
  248 144
  249 144
  250 144
  251 144
  252 144
  253 144
  254 144
  255 144
  256 144
  257 144
  258 144
  259 144
  260 144
  261 144
  262 144
  263 144
  264 144
  265 144
  225 145
  226 145
  227 145
  228 145
  229 145
  230 145
  231 145
  232 145
  233 145
  234 145
  235 145
  236 145
  237 145
  238 145
  239 145
  240 145
  241 145
  242 145
  243 145
  244 145
  245 145
  246 145
  247 145
  248 145
  249 145
  250 145
  251 145
  252 145
  253 145
  254 145
  255 145
  256 145
  257 145
  258 145
  259 145
  260 145
  261 145
  262 145
  263 145
  264 145
  265 145
  266 145
  267 145
  223 146
  224 146
  225 146
  226 146
  227 146
  228 146
  229 146
  230 146
  231 146
  232 146
  233 146
  234 146
  235 146
  236 146
  237 146
  238 146
  239 146
  240 146
  241 146
  242 146
  243 146
  244 146
  245 146
  246 146
  247 146
  248 146
  249 146
  250 146
  251 146
  252 146
  253 146
  254 146
  255 146
  256 146
  257 146
  258 146
  259 146
  260 146
  261 146
  262 146
  263 146
  264 146
  265 146
  266 146
  267 146
  268 146
  222 147
  223 147
  224 147
  225 147
  226 147
  227 147
  228 147
  229 147
  230 147
  231 147
  232 147
  233 147
  234 147
  235 147
  236 147
  237 147
  238 147
  239 147
  240 147
  241 147
  242 147
  243 147
  244 147
  245 147
  246 147
  247 147
  248 147
  249 147
  250 147
  251 147
  252 147
  253 147
  254 147
  255 147
  256 147
  257 147
  258 147
  259 147
  260 147
  261 147
  262 147
  263 147
  264 147
  265 147
  266 147
  267 147
  268 147
  269 147
  221 148
  222 148
  223 148
  224 148
  225 148
  226 148
  227 148
  228 148
  229 148
  230 148
  231 148
  232 148
  233 148
  234 148
  235 148
  236 148
  237 148
  238 148
  239 148
  240 148
  241 148
  242 148
  243 148
  244 148
  245 148
  246 148
  247 148
  248 148
  249 148
  250 148
  251 148
  252 148
  253 148
  254 148
  255 148
  256 148
  257 148
  258 148
  259 148
  260 148
  261 148
  262 148
  263 148
  264 148
  265 148
  266 148
  267 148
  268 148
  269 148
  270 148
  220 149
  221 149
  222 149
  223 149
  224 149
  225 149
  226 149
  227 149
  228 149
  229 149
  230 149
  231 149
  232 149
  233 149
  234 149
  235 149
  236 149
  237 149
  238 149
  239 149
  240 149
  241 149
  242 149
  243 149
  244 149
  245 149
  246 149
  247 149
  248 149
  249 149
  250 149
  251 149
  252 149
  253 149
  254 149
  255 149
  256 149
  257 149
  258 149
  259 149
  260 149
  261 149
  262 149
  263 149
  264 149
  265 149
  266 149
  267 149
  268 149
  269 149
  270 149
  271 149
  220 150
  221 150
  222 150
  223 150
  224 150
  225 150
  226 150
  227 150
  228 150
  229 150
  230 150
  231 150
  232 150
  233 150
  234 150
  235 150
  236 150
  237 150
  238 150
  239 150
  240 150
  241 150
  242 150
  243 150
  244 150
  245 150
  246 150
  247 150
  248 150
  249 150
  250 150
  251 150
  252 150
  253 150
  254 150
  255 150
  256 150
  257 150
  258 150
  259 150
  260 150
  261 150
  262 150
  263 150
  264 150
  265 150
  266 150
  267 150
  268 150
  269 150
  270 150
  271 150
  272 150
  219 151
  220 151
  221 151
  222 151
  223 151
  224 151
  225 151
  226 151
  227 151
  228 151
  229 151
  230 151
  231 151
  232 151
  233 151
  234 151
  235 151
  236 151
  237 151
  238 151
  239 151
  240 151
  241 151
  242 151
  243 151
  244 151
  245 151
  246 151
  247 151
  248 151
  249 151
  250 151
  251 151
  252 151
  253 151
  254 151
  255 151
  256 151
  257 151
  258 151
  259 151
  260 151
  261 151
  262 151
  263 151
  264 151
  265 151
  266 151
  267 151
  268 151
  269 151
  270 151
  271 151
  272 151
  273 151
  218 152
  219 152
  220 152
  221 152
  222 152
  223 152
  224 152
  225 152
  226 152
  227 152
  228 152
  229 152
  230 152
  231 152
  232 152
  233 152
  234 152
  235 152
  236 152
  237 152
  238 152
  239 152
  240 152
  241 152
  242 152
  243 152
  244 152
  245 152
  246 152
  247 152
  248 152
  249 152
  250 152
  251 152
  252 152
  253 152
  254 152
  255 152
  256 152
  257 152
  258 152
  259 152
  260 152
  261 152
  262 152
  263 152
  264 152
  265 152
  266 152
  267 152
  268 152
  269 152
  270 152
  271 152
  272 152
  273 152
  274 152
  218 153
  219 153
  220 153
  221 153
  222 153
  223 153
  224 153
  225 153
  226 153
  227 153
  228 153
  229 153
  230 153
  231 153
  232 153
  233 153
  234 153
  235 153
  236 153
  237 153
  238 153
  239 153
  240 153
  241 153
  242 153
  243 153
  244 153
  245 153
  246 153
  247 153
  248 153
  249 153
  250 153
  251 153
  252 153
  253 153
  254 153
  255 153
  256 153
  257 153
  258 153
  259 153
  260 153
  261 153
  262 153
  263 153
  264 153
  265 153
  266 153
  267 153
  268 153
  269 153
  270 153
  271 153
  272 153
  273 153
  274 153
  217 154
  218 154
  219 154
  220 154
  221 154
  222 154
  223 154
  224 154
  225 154
  226 154
  227 154
  228 154
  229 154
  230 154
  231 154
  232 154
  233 154
  234 154
  235 154
  236 154
  237 154
  238 154
  239 154
  240 154
  241 154
  242 154
  243 154
  244 154
  245 154
  246 154
  247 154
  248 154
  249 154
  250 154
  251 154
  252 154
  253 154
  254 154
  255 154
  256 154
  257 154
  258 154
  259 154
  260 154
  261 154
  262 154
  263 154
  264 154
  265 154
  266 154
  267 154
  268 154
  269 154
  270 154
  271 154
  272 154
  273 154
  274 154
  275 154
  216 155
  217 155
  218 155
  219 155
  220 155
  221 155
  222 155
  223 155
  224 155
  225 155
  226 155
  227 155
  228 155
  229 155
  230 155
  231 155
  232 155
  233 155
  234 155
  235 155
  236 155
  237 155
  238 155
  239 155
  240 155
  241 155
  242 155
  243 155
  244 155
  245 155
  246 155
  247 155
  248 155
  249 155
  250 155
  251 155
  252 155
  253 155
  254 155
  255 155
  256 155
  257 155
  258 155
  259 155
  260 155
  261 155
  262 155
  263 155
  264 155
  265 155
  266 155
  267 155
  268 155
  269 155
  270 155
  271 155
  272 155
  273 155
  274 155
  275 155
  276 155
  216 156
  217 156
  218 156
  219 156
  220 156
  221 156
  222 156
  223 156
  224 156
  225 156
  226 156
  227 156
  228 156
  229 156
  230 156
  231 156
  232 156
  233 156
  234 156
  235 156
  236 156
  237 156
  238 156
  239 156
  240 156
  241 156
  242 156
  243 156
  244 156
  245 156
  246 156
  247 156
  248 156
  249 156
  250 156
  251 156
  252 156
  253 156
  254 156
  255 156
  256 156
  257 156
  258 156
  259 156
  260 156
  261 156
  262 156
  263 156
  264 156
  265 156
  266 156
  267 156
  268 156
  269 156
  270 156
  271 156
  272 156
  273 156
  274 156
  275 156
  276 156
  216 157
  217 157
  218 157
  219 157
  220 157
  221 157
  222 157
  223 157
  224 157
  225 157
  226 157
  227 157
  228 157
  229 157
  230 157
  231 157
  232 157
  233 157
  234 157
  235 157
  236 157
  237 157
  238 157
  239 157
  240 157
  241 157
  242 157
  243 157
  244 157
  245 157
  246 157
  247 157
  248 157
  249 157
  250 157
  251 157
  252 157
  253 157
  254 157
  255 157
  256 157
  257 157
  258 157
  259 157
  260 157
  261 157
  262 157
  263 157
  264 157
  265 157
  266 157
  267 157
  268 157
  269 157
  270 157
  271 157
  272 157
  273 157
  274 157
  276 157
  215 158
  216 158
  217 158
  218 158
  219 158
  220 158
  221 158
  222 158
  223 158
  224 158
  225 158
  226 158
  227 158
  228 158
  229 158
  230 158
  231 158
  232 158
  233 158
  234 158
  235 158
  236 158
  237 158
  238 158
  239 158
  240 158
  241 158
  242 158
  243 158
  244 158
  245 158
  246 158
  247 158
  248 158
  249 158
  250 158
  251 158
  252 158
  253 158
  254 158
  255 158
  256 158
  257 158
  258 158
  259 158
  260 158
  261 158
  262 158
  263 158
  264 158
  265 158
  266 158
  267 158
  268 158
  269 158
  270 158
  271 158
  272 158
  273 158
  274 158
  276 158
  277 158
  215 159
  216 159
  217 159
  218 159
  219 159
  220 159
  221 159
  222 159
  223 159
  224 159
  225 159
  226 159
  227 159
  228 159
  229 159
  230 159
  231 159
  232 159
  233 159
  234 159
  235 159
  236 159
  237 159
  238 159
  239 159
  240 159
  241 159
  242 159
  243 159
  244 159
  245 159
  246 159
  247 159
  248 159
  249 159
  250 159
  251 159
  252 159
  253 159
  254 159
  255 159
  256 159
  257 159
  258 159
  259 159
  260 159
  261 159
  262 159
  263 159
  264 159
  265 159
  266 159
  267 159
  268 159
  269 159
  270 159
  271 159
  272 159
  273 159
  274 159
  275 159
  276 159
  277 159
  215 160
  216 160
  217 160
  218 160
  219 160
  220 160
  221 160
  222 160
  223 160
  224 160
  225 160
  226 160
  227 160
  228 160
  229 160
  230 160
  231 160
  232 160
  233 160
  234 160
  235 160
  236 160
  237 160
  238 160
  239 160
  240 160
  241 160
  242 160
  243 160
  244 160
  245 160
  246 160
  247 160
  248 160
  249 160
  250 160
  251 160
  252 160
  253 160
  254 160
  255 160
  256 160
  257 160
  258 160
  259 160
  260 160
  261 160
  262 160
  263 160
  264 160
  265 160
  266 160
  267 160
  268 160
  269 160
  270 160
  271 160
  272 160
  273 160
  274 160
  275 160
  276 160
  277 160
  278 160
  210 161
  214 161
  215 161
  216 161
  217 161
  218 161
  219 161
  220 161
  221 161
  222 161
  223 161
  224 161
  225 161
  226 161
  227 161
  228 161
  229 161
  230 161
  231 161
  232 161
  233 161
  234 161
  235 161
  236 161
  237 161
  238 161
  239 161
  240 161
  241 161
  242 161
  243 161
  244 161
  245 161
  246 161
  247 161
  248 161
  249 161
  250 161
  251 161
  252 161
  253 161
  254 161
  255 161
  256 161
  257 161
  258 161
  259 161
  260 161
  261 161
  262 161
  263 161
  264 161
  265 161
  266 161
  267 161
  268 161
  269 161
  270 161
  271 161
  272 161
  273 161
  274 161
  275 161
  276 161
  277 161
  278 161
  214 162
  215 162
  216 162
  217 162
  218 162
  219 162
  220 162
  221 162
  222 162
  223 162
  224 162
  225 162
  226 162
  227 162
  228 162
  229 162
  230 162
  231 162
  232 162
  233 162
  234 162
  235 162
  236 162
  237 162
  238 162
  239 162
  240 162
  241 162
  242 162
  243 162
  244 162
  245 162
  246 162
  247 162
  248 162
  249 162
  250 162
  251 162
  252 162
  253 162
  254 162
  255 162
  256 162
  257 162
  258 162
  259 162
  260 162
  261 162
  262 162
  263 162
  264 162
  265 162
  266 162
  267 162
  268 162
  269 162
  270 162
  271 162
  272 162
  273 162
  274 162
  275 162
  276 162
  277 162
  278 162
  214 163
  215 163
  216 163
  217 163
  218 163
  219 163
  220 163
  221 163
  222 163
  223 163
  224 163
  225 163
  226 163
  227 163
  228 163
  229 163
  230 163
  231 163
  232 163
  233 163
  234 163
  235 163
  236 163
  237 163
  238 163
  239 163
  240 163
  241 163
  242 163
  243 163
  244 163
  245 163
  246 163
  247 163
  248 163
  249 163
  250 163
  251 163
  252 163
  253 163
  254 163
  255 163
  256 163
  257 163
  258 163
  259 163
  260 163
  261 163
  262 163
  263 163
  264 163
  265 163
  266 163
  267 163
  268 163
  269 163
  270 163
  271 163
  272 163
  273 163
  274 163
  275 163
  276 163
  277 163
  278 163
  214 164
  215 164
  216 164
  217 164
  218 164
  219 164
  220 164
  221 164
  222 164
  223 164
  224 164
  225 164
  226 164
  227 164
  228 164
  229 164
  230 164
  231 164
  232 164
  233 164
  234 164
  235 164
  236 164
  237 164
  238 164
  239 164
  240 164
  241 164
  242 164
  243 164
  244 164
  245 164
  246 164
  247 164
  248 164
  249 164
  250 164
  251 164
  252 164
  253 164
  254 164
  255 164
  256 164
  257 164
  258 164
  259 164
  260 164
  261 164
  262 164
  263 164
  264 164
  265 164
  266 164
  267 164
  268 164
  269 164
  270 164
  271 164
  272 164
  273 164
  274 164
  275 164
  276 164
  277 164
  210 165
  211 165
  214 165
  215 165
  216 165
  217 165
  218 165
  219 165
  220 165
  221 165
  222 165
  223 165
  224 165
  225 165
  226 165
  227 165
  228 165
  229 165
  230 165
  231 165
  232 165
  233 165
  234 165
  235 165
  236 165
  237 165
  238 165
  239 165
  240 165
  241 165
  242 165
  243 165
  244 165
  245 165
  246 165
  247 165
  248 165
  249 165
  250 165
  251 165
  252 165
  253 165
  254 165
  255 165
  256 165
  257 165
  258 165
  259 165
  260 165
  261 165
  262 165
  263 165
  264 165
  265 165
  266 165
  267 165
  268 165
  269 165
  270 165
  271 165
  272 165
  273 165
  274 165
  275 165
  276 165
  277 165
  278 165
  208 166
  209 166
  210 166
  211 166
  214 166
  215 166
  216 166
  217 166
  218 166
  219 166
  220 166
  221 166
  222 166
  223 166
  224 166
  225 166
  226 166
  227 166
  228 166
  229 166
  230 166
  231 166
  232 166
  233 166
  234 166
  235 166
  236 166
  237 166
  238 166
  239 166
  240 166
  241 166
  242 166
  243 166
  244 166
  245 166
  246 166
  247 166
  248 166
  249 166
  250 166
  251 166
  252 166
  253 166
  254 166
  255 166
  256 166
  257 166
  258 166
  259 166
  260 166
  261 166
  262 166
  263 166
  264 166
  265 166
  266 166
  267 166
  268 166
  269 166
  270 166
  271 166
  272 166
  273 166
  274 166
  275 166
  276 166
  277 166
  278 166
  209 167
  210 167
  214 167
  215 167
  216 167
  217 167
  218 167
  219 167
  220 167
  221 167
  222 167
  223 167
  224 167
  225 167
  226 167
  227 167
  228 167
  229 167
  230 167
  231 167
  232 167
  233 167
  234 167
  235 167
  236 167
  237 167
  238 167
  239 167
  240 167
  241 167
  242 167
  243 167
  244 167
  245 167
  246 167
  247 167
  248 167
  249 167
  250 167
  251 167
  252 167
  253 167
  254 167
  255 167
  256 167
  257 167
  258 167
  259 167
  260 167
  261 167
  262 167
  263 167
  264 167
  265 167
  266 167
  267 167
  268 167
  269 167
  270 167
  271 167
  272 167
  273 167
  274 167
  275 167
  276 167
  277 167
  209 168
  210 168
  211 168
  213 168
  214 168
  215 168
  216 168
  217 168
  218 168
  219 168
  220 168
  221 168
  222 168
  223 168
  224 168
  225 168
  226 168
  227 168
  228 168
  229 168
  230 168
  231 168
  232 168
  233 168
  234 168
  235 168
  236 168
  237 168
  238 168
  239 168
  240 168
  241 168
  242 168
  243 168
  244 168
  245 168
  247 168
  248 168
  249 168
  250 168
  251 168
  252 168
  253 168
  254 168
  255 168
  256 168
  257 168
  258 168
  259 168
  260 168
  261 168
  262 168
  263 168
  264 168
  265 168
  266 168
  267 168
  268 168
  269 168
  270 168
  271 168
  272 168
  273 168
  274 168
  275 168
  276 168
  277 168
  208 169
  209 169
  210 169
  211 169
  213 169
  214 169
  215 169
  216 169
  217 169
  218 169
  219 169
  220 169
  221 169
  222 169
  223 169
  224 169
  225 169
  226 169
  227 169
  228 169
  229 169
  230 169
  231 169
  232 169
  233 169
  234 169
  235 169
  236 169
  237 169
  238 169
  239 169
  240 169
  241 169
  242 169
  243 169
  244 169
  245 169
  246 169
  247 169
  248 169
  249 169
  250 169
  251 169
  252 169
  253 169
  254 169
  255 169
  256 169
  257 169
  258 169
  259 169
  260 169
  261 169
  262 169
  263 169
  264 169
  265 169
  266 169
  267 169
  268 169
  269 169
  270 169
  271 169
  272 169
  273 169
  274 169
  275 169
  276 169
  208 170
  209 170
  210 170
  211 170
  213 170
  214 170
  215 170
  216 170
  217 170
  218 170
  219 170
  220 170
  221 170
  222 170
  223 170
  224 170
  225 170
  226 170
  227 170
  228 170
  229 170
  230 170
  231 170
  232 170
  233 170
  234 170
  235 170
  236 170
  237 170
  238 170
  239 170
  240 170
  241 170
  242 170
  243 170
  244 170
  245 170
  246 170
  247 170
  248 170
  249 170
  250 170
  251 170
  252 170
  253 170
  254 170
  255 170
  256 170
  257 170
  258 170
  259 170
  260 170
  261 170
  262 170
  263 170
  264 170
  265 170
  266 170
  267 170
  268 170
  269 170
  270 170
  271 170
  272 170
  273 170
  274 170
  276 170
  277 170
  208 171
  209 171
  210 171
  211 171
  212 171
  213 171
  214 171
  215 171
  216 171
  217 171
  218 171
  219 171
  220 171
  221 171
  222 171
  223 171
  224 171
  225 171
  226 171
  227 171
  228 171
  229 171
  230 171
  231 171
  232 171
  233 171
  234 171
  235 171
  236 171
  237 171
  238 171
  239 171
  240 171
  241 171
  242 171
  243 171
  244 171
  245 171
  246 171
  247 171
  248 171
  249 171
  250 171
  251 171
  252 171
  253 171
  254 171
  255 171
  256 171
  257 171
  258 171
  259 171
  260 171
  261 171
  262 171
  263 171
  264 171
  265 171
  266 171
  267 171
  268 171
  269 171
  270 171
  271 171
  272 171
  273 171
  274 171
  275 171
  208 172
  209 172
  210 172
  211 172
  212 172
  213 172
  214 172
  216 172
  217 172
  218 172
  219 172
  220 172
  221 172
  222 172
  223 172
  224 172
  225 172
  226 172
  227 172
  228 172
  229 172
  230 172
  231 172
  232 172
  233 172
  234 172
  235 172
  236 172
  237 172
  238 172
  239 172
  240 172
  241 172
  242 172
  243 172
  244 172
  245 172
  246 172
  247 172
  248 172
  249 172
  250 172
  251 172
  252 172
  253 172
  254 172
  255 172
  256 172
  257 172
  258 172
  259 172
  260 172
  261 172
  262 172
  263 172
  264 172
  265 172
  266 172
  267 172
  268 172
  269 172
  270 172
  271 172
  272 172
  273 172
  275 172
  208 173
  209 173
  210 173
  211 173
  212 173
  213 173
  214 173
  215 173
  216 173
  217 173
  218 173
  219 173
  220 173
  221 173
  222 173
  223 173
  224 173
  225 173
  226 173
  227 173
  228 173
  229 173
  230 173
  231 173
  232 173
  233 173
  234 173
  235 173
  236 173
  237 173
  238 173
  239 173
  240 173
  241 173
  242 173
  243 173
  244 173
  245 173
  246 173
  247 173
  248 173
  249 173
  250 173
  251 173
  252 173
  253 173
  254 173
  255 173
  256 173
  257 173
  258 173
  259 173
  260 173
  261 173
  262 173
  263 173
  264 173
  265 173
  266 173
  267 173
  268 173
  269 173
  270 173
  271 173
  272 173
  273 173
  275 173
  208 174
  209 174
  210 174
  211 174
  212 174
  213 174
  214 174
  215 174
  216 174
  217 174
  218 174
  219 174
  220 174
  221 174
  222 174
  223 174
  224 174
  225 174
  226 174
  227 174
  228 174
  229 174
  230 174
  231 174
  232 174
  233 174
  234 174
  235 174
  236 174
  237 174
  238 174
  239 174
  240 174
  241 174
  242 174
  243 174
  244 174
  245 174
  246 174
  247 174
  248 174
  249 174
  250 174
  251 174
  252 174
  253 174
  254 174
  255 174
  256 174
  257 174
  258 174
  260 174
  261 174
  262 174
  263 174
  264 174
  265 174
  266 174
  267 174
  268 174
  269 174
  270 174
  272 174
  273 174
  208 175
  209 175
  210 175
  211 175
  212 175
  213 175
  214 175
  215 175
  216 175
  217 175
  218 175
  219 175
  220 175
  221 175
  222 175
  223 175
  224 175
  225 175
  226 175
  227 175
  228 175
  229 175
  230 175
  231 175
  232 175
  233 175
  234 175
  235 175
  236 175
  237 175
  238 175
  239 175
  240 175
  241 175
  242 175
  243 175
  244 175
  245 175
  246 175
  247 175
  248 175
  249 175
  250 175
  251 175
  252 175
  253 175
  254 175
  255 175
  256 175
  257 175
  258 175
  260 175
  261 175
  262 175
  263 175
  264 175
  265 175
  266 175
  267 175
  268 175
  269 175
  270 175
  271 175
  272 175
  273 175
  208 176
  209 176
  210 176
  211 176
  212 176
  213 176
  214 176
  215 176
  216 176
  217 176
  218 176
  219 176
  220 176
  221 176
  222 176
  223 176
  224 176
  225 176
  226 176
  227 176
  228 176
  229 176
  230 176
  231 176
  232 176
  233 176
  234 176
  235 176
  236 176
  237 176
  238 176
  239 176
  240 176
  241 176
  242 176
  243 176
  244 176
  245 176
  246 176
  247 176
  248 176
  249 176
  250 176
  251 176
  252 176
  253 176
  254 176
  256 176
  257 176
  258 176
  259 176
  260 176
  261 176
  262 176
  263 176
  264 176
  266 176
  267 176
  271 176
  272 176
  209 177
  210 177
  211 177
  212 177
  213 177
  214 177
  215 177
  216 177
  219 177
  221 177
  222 177
  223 177
  224 177
  225 177
  226 177
  227 177
  228 177
  229 177
  230 177
  231 177
  232 177
  233 177
  234 177
  235 177
  236 177
  237 177
  238 177
  239 177
  240 177
  241 177
  242 177
  243 177
  244 177
  245 177
  246 177
  247 177
  248 177
  249 177
  250 177
  251 177
  252 177
  253 177
  254 177
  257 177
  258 177
  259 177
  260 177
  261 177
  262 177
  263 177
  209 178
  210 178
  211 178
  212 178
  213 178
  214 178
  215 178
  216 178
  221 178
  222 178
  223 178
  224 178
  225 178
  226 178
  227 178
  228 178
  229 178
  230 178
  231 178
  232 178
  233 178
  234 178
  235 178
  236 178
  237 178
  238 178
  239 178
  240 178
  241 178
  242 178
  243 178
  244 178
  245 178
  246 178
  247 178
  248 178
  249 178
  250 178
  251 178
  252 178
  253 178
  254 178
  255 178
  256 178
  263 178
  210 179
  211 179
  212 179
  213 179
  214 179
  215 179
  216 179
  222 179
  223 179
  224 179
  225 179
  226 179
  227 179
  228 179
  229 179
  230 179
  231 179
  232 179
  233 179
  234 179
  235 179
  236 179
  237 179
  238 179
  239 179
  240 179
  241 179
  242 179
  243 179
  244 179
  245 179
  246 179
  247 179
  248 179
  249 179
  250 179
  251 179
  252 179
  253 179
  254 179
  210 180
  211 180
  212 180
  213 180
  214 180
  215 180
  216 180
  222 180
  223 180
  224 180
  225 180
  226 180
  227 180
  228 180
  229 180
  230 180
  231 180
  232 180
  233 180
  234 180
  235 180
  236 180
  237 180
  238 180
  239 180
  240 180
  241 180
  242 180
  243 180
  244 180
  245 180
  246 180
  247 180
  248 180
  249 180
  250 180
  251 180
  252 180
  253 180
  254 180
  255 180
  210 181
  211 181
  212 181
  213 181
  214 181
  215 181
  216 181
  223 181
  224 181
  225 181
  226 181
  227 181
  228 181
  229 181
  230 181
  231 181
  232 181
  233 181
  234 181
  235 181
  236 181
  237 181
  238 181
  239 181
  240 181
  241 181
  242 181
  243 181
  244 181
  245 181
  246 181
  247 181
  248 181
  249 181
  250 181
  251 181
  252 181
  253 181
  254 181
  255 181
  256 181
  211 182
  212 182
  213 182
  214 182
  215 182
  216 182
  226 182
  227 182
  228 182
  229 182
  230 182
  231 182
  232 182
  233 182
  234 182
  235 182
  236 182
  237 182
  238 182
  239 182
  240 182
  241 182
  242 182
  243 182
  244 182
  245 182
  246 182
  247 182
  248 182
  249 182
  250 182
  251 182
  252 182
  253 182
  254 182
  255 182
  256 182
  257 182
  212 183
  213 183
  214 183
  215 183
  216 183
  217 183
  227 183
  229 183
  230 183
  231 183
  232 183
  233 183
  234 183
  235 183
  236 183
  237 183
  238 183
  239 183
  240 183
  241 183
  242 183
  243 183
  244 183
  245 183
  246 183
  247 183
  248 183
  249 183
  250 183
  251 183
  252 183
  253 183
  254 183
  255 183
  256 183
  257 183
  213 184
  214 184
  215 184
  216 184
  217 184
  218 184
  226 184
  227 184
  228 184
  229 184
  230 184
  231 184
  232 184
  233 184
  234 184
  235 184
  236 184
  237 184
  238 184
  239 184
  240 184
  241 184
  242 184
  243 184
  244 184
  245 184
  246 184
  247 184
  248 184
  249 184
  250 184
  251 184
  252 184
  253 184
  254 184
  255 184
  256 184
  257 184
  258 184
  259 184
  214 185
  215 185
  216 185
  217 185
  218 185
  225 185
  226 185
  227 185
  228 185
  229 185
  231 185
  232 185
  233 185
  234 185
  235 185
  236 185
  237 185
  238 185
  239 185
  240 185
  241 185
  242 185
  243 185
  244 185
  245 185
  246 185
  247 185
  248 185
  249 185
  250 185
  251 185
  252 185
  253 185
  254 185
  255 185
  256 185
  257 185
  258 185
  214 186
  215 186
  216 186
  217 186
  218 186
  219 186
  231 186
  232 186
  233 186
  234 186
  235 186
  236 186
  237 186
  238 186
  239 186
  240 186
  241 186
  242 186
  243 186
  244 186
  245 186
  246 186
  247 186
  248 186
  249 186
  250 186
  251 186
  252 186
  253 186
  254 186
  255 186
  256 186
  257 186
  258 186
  259 186
  214 187
  215 187
  216 187
  217 187
  218 187
  219 187
  220 187
  231 187
  232 187
  233 187
  234 187
  235 187
  236 187
  237 187
  238 187
  239 187
  240 187
  241 187
  242 187
  243 187
  244 187
  245 187
  246 187
  247 187
  248 187
  249 187
  250 187
  251 187
  252 187
  253 187
  254 187
  255 187
  256 187
  257 187
  258 187
  259 187
  260 187
  215 188
  216 188
  217 188
  218 188
  219 188
  220 188
  221 188
  232 188
  233 188
  234 188
  235 188
  236 188
  237 188
  238 188
  239 188
  240 188
  241 188
  242 188
  243 188
  244 188
  245 188
  246 188
  247 188
  248 188
  249 188
  250 188
  251 188
  252 188
  253 188
  254 188
  255 188
  256 188
  257 188
  258 188
  259 188
  260 188
  261 188
  216 189
  217 189
  218 189
  219 189
  220 189
  221 189
  222 189
  233 189
  234 189
  235 189
  236 189
  237 189
  238 189
  239 189
  240 189
  241 189
  242 189
  243 189
  244 189
  245 189
  246 189
  247 189
  248 189
  249 189
  250 189
  251 189
  252 189
  253 189
  254 189
  255 189
  256 189
  257 189
  258 189
  259 189
  260 189
  261 189
  215 190
  216 190
  217 190
  218 190
  219 190
  220 190
  221 190
  222 190
  223 190
  233 190
  235 190
  236 190
  237 190
  238 190
  239 190
  240 190
  241 190
  242 190
  243 190
  244 190
  245 190
  246 190
  247 190
  248 190
  249 190
  250 190
  251 190
  252 190
  253 190
  254 190
  255 190
  256 190
  257 190
  258 190
  259 190
  260 190
  261 190
  262 190
  216 191
  217 191
  218 191
  219 191
  220 191
  221 191
  222 191
  223 191
  224 191
  237 191
  238 191
  239 191
  240 191
  241 191
  242 191
  243 191
  244 191
  245 191
  246 191
  247 191
  248 191
  249 191
  250 191
  251 191
  252 191
  253 191
  254 191
  255 191
  256 191
  257 191
  258 191
  259 191
  260 191
  261 191
  262 191
  217 192
  218 192
  219 192
  220 192
  221 192
  222 192
  223 192
  224 192
  225 192
  234 192
  238 192
  239 192
  240 192
  241 192
  242 192
  243 192
  244 192
  245 192
  246 192
  247 192
  248 192
  249 192
  250 192
  251 192
  252 192
  253 192
  254 192
  255 192
  256 192
  257 192
  258 192
  259 192
  260 192
  261 192
  262 192
  218 193
  219 193
  220 193
  221 193
  222 193
  223 193
  224 193
  225 193
  226 193
  227 193
  235 193
  236 193
  237 193
  238 193
  239 193
  240 193
  241 193
  242 193
  243 193
  244 193
  245 193
  246 193
  247 193
  248 193
  249 193
  250 193
  251 193
  252 193
  253 193
  254 193
  255 193
  256 193
  257 193
  258 193
  259 193
  260 193
  261 193
  262 193
  219 194
  220 194
  221 194
  222 194
  223 194
  224 194
  225 194
  226 194
  227 194
  228 194
  229 194
  235 194
  237 194
  238 194
  239 194
  240 194
  241 194
  242 194
  243 194
  244 194
  245 194
  246 194
  247 194
  248 194
  249 194
  250 194
  251 194
  252 194
  253 194
  254 194
  255 194
  256 194
  257 194
  258 194
  259 194
  260 194
  261 194
  220 195
  221 195
  222 195
  223 195
  224 195
  225 195
  226 195
  227 195
  228 195
  229 195
  230 195
  231 195
  235 195
  236 195
  237 195
  238 195
  239 195
  240 195
  241 195
  242 195
  243 195
  244 195
  245 195
  246 195
  247 195
  248 195
  249 195
  250 195
  251 195
  252 195
  253 195
  254 195
  255 195
  256 195
  257 195
  258 195
  259 195
  260 195
  221 196
  222 196
  223 196
  224 196
  225 196
  226 196
  230 196
  231 196
  232 196
  233 196
  234 196
  235 196
  236 196
  237 196
  238 196
  239 196
  240 196
  241 196
  242 196
  243 196
  244 196
  245 196
  246 196
  247 196
  248 196
  249 196
  250 196
  251 196
  252 196
  253 196
  254 196
  255 196
  256 196
  257 196
  258 196
  259 196
  224 197
  225 197
  226 197
  227 197
  232 197
  233 197
  234 197
  235 197
  236 197
  237 197
  238 197
  239 197
  240 197
  241 197
  242 197
  243 197
  244 197
  245 197
  246 197
  247 197
  248 197
  249 197
  250 197
  251 197
  252 197
  253 197
  254 197
  255 197
  256 197
  257 197
  235 198
  236 198
  237 198
  238 198
  239 198
  240 198
  241 198
  242 198
  243 198
  244 198
  245 198
  246 198
  247 198
  248 198
  249 198
  250 198
  251 198
  252 198
  253 198
  239 199
  240 199
  241 199
  242 199
  243 199
  244 199
  245 199
  246 199
  247 199
  248 199
  249 199