​ 267 146
​ 268 146
​ 269 146
​ 275 146
​ 276 146
​ 277 146
​ 278 146
​ 267 147
​ 268 147
​ 271 147
​ 272 147
​ 273 147
​ 274 147
​ 275 147
​ 276 147
​ 277 147
​ 278 147
​ 279 147
​ 280 147
​ 264 148
​ 269 148
​ 270 148
​ 271 148
​ 272 148
​ 273 148
​ 274 148
​ 275 148
​ 276 148
​ 277 148
​ 278 148
​ 279 148
​ 280 148
​ 281 148
​ 263 149
​ 266 149
​ 267 149
​ 269 149
​ 270 149
​ 271 149
​ 272 149
​ 273 149
​ 274 149
​ 275 149
​ 276 149
​ 277 149
​ 278 149
​ 279 149
​ 280 149
​ 281 149
​ 282 149
​ 262 150
​ 263 150
​ 266 150
​ 268 150
​ 269 150
​ 270 150
​ 271 150
​ 272 150
​ 273 150
​ 274 150
​ 275 150
​ 276 150
​ 277 150
​ 278 150
​ 279 150
​ 280 150
​ 281 150
​ 282 150
​ 283 150
​ 262 151
​ 264 151
​ 265 151
​ 266 151
​ 267 151
​ 268 151
​ 269 151
​ 270 151
​ 271 151
​ 272 151
​ 273 151
​ 274 151
​ 275 151
​ 276 151
​ 277 151
​ 278 151
​ 279 151
​ 280 151
​ 281 151
​ 282 151
​ 283 151
​ 284 151
​ 285 151
​ 263 152
​ 265 152
​ 266 152
​ 267 152
​ 268 152
​ 269 152
​ 270 152
​ 271 152
​ 272 152
​ 273 152
​ 274 152
​ 275 152
​ 276 152
​ 277 152
​ 278 152
​ 279 152
​ 280 152
​ 281 152
​ 282 152
​ 283 152
​ 284 152
​ 285 152
​ 286 152
​ 261 153
​ 262 153
​ 263 153
​ 264 153
​ 265 153
​ 266 153
​ 267 153
​ 268 153
​ 269 153
​ 270 153
​ 271 153
​ 272 153
​ 273 153
​ 274 153
​ 275 153
​ 276 153
​ 277 153
​ 278 153
​ 279 153
​ 280 153
​ 281 153
​ 282 153
​ 283 153
​ 284 153
​ 285 153
​ 286 153
​ 287 153
​ 288 153
​ 261 154
​ 262 154
​ 263 154
​ 264 154
​ 265 154
​ 266 154
​ 267 154
​ 268 154
​ 269 154
​ 270 154
​ 271 154
​ 272 154
​ 273 154
​ 274 154
​ 275 154
​ 276 154
​ 277 154
​ 278 154
​ 279 154
​ 280 154
​ 281 154
​ 282 154
​ 283 154
​ 284 154
​ 285 154
​ 286 154
​ 287 154
​ 288 154
​ 289 154
​ 290 154
​ 291 154
​ 261 155
​ 262 155
​ 263 155
​ 264 155
​ 265 155
​ 266 155
​ 267 155
​ 268 155
​ 269 155
​ 270 155
​ 271 155
​ 272 155
​ 273 155
​ 274 155
​ 275 155
​ 276 155
​ 277 155
​ 278 155
​ 279 155
​ 280 155
​ 281 155
​ 282 155
​ 283 155
​ 284 155
​ 285 155
​ 286 155
​ 287 155
​ 288 155
​ 289 155
​ 290 155
​ 291 155
​ 292 155
​ 293 155
​ 294 155
​ 295 155
​ 296 155
​ 297 155
​ 298 155
​ 261 156
​ 262 156
​ 263 156
​ 264 156
​ 265 156
​ 266 156
​ 267 156
​ 268 156
​ 269 156
​ 270 156
​ 271 156
​ 272 156
​ 273 156
​ 274 156
​ 275 156
​ 276 156
​ 277 156
​ 278 156
​ 279 156
​ 280 156
​ 281 156
​ 282 156
​ 283 156
​ 284 156
​ 285 156
​ 286 156
​ 287 156
​ 288 156
​ 289 156
​ 290 156
​ 291 156
​ 292 156
​ 293 156
​ 294 156
​ 295 156
​ 296 156
​ 297 156
​ 298 156
​ 299 156
​ 300 156
​ 301 156
​ 261 157
​ 262 157
​ 263 157
​ 264 157
​ 265 157
​ 266 157
​ 267 157
​ 268 157
​ 269 157
​ 270 157
​ 271 157
​ 272 157
​ 273 157
​ 274 157
​ 275 157
​ 276 157
​ 277 157
​ 278 157
​ 279 157
​ 280 157
​ 281 157
​ 282 157
​ 283 157
​ 284 157
​ 285 157
​ 286 157
​ 287 157
​ 288 157
​ 289 157
​ 290 157
​ 291 157
​ 292 157
​ 293 157
​ 294 157
​ 295 157
​ 296 157
​ 297 157
​ 298 157
​ 299 157
​ 300 157
​ 301 157
​ 302 157
​ 260 158
​ 261 158
​ 262 158
​ 263 158
​ 264 158
​ 265 158
​ 266 158
​ 267 158
​ 268 158
​ 269 158
​ 270 158
​ 271 158
​ 272 158
​ 273 158
​ 274 158
​ 275 158
​ 276 158
​ 277 158
​ 278 158
​ 279 158
​ 280 158
​ 281 158
​ 282 158
​ 283 158
​ 284 158
​ 285 158
​ 286 158
​ 287 158
​ 288 158
​ 289 158
​ 290 158
​ 291 158
​ 292 158
​ 293 158
​ 294 158
​ 295 158
​ 296 158
​ 297 158
​ 298 158
​ 299 158
​ 300 158
​ 301 158
​ 302 158
​ 303 158
​ 260 159
​ 261 159
​ 262 159
​ 263 159
​ 264 159
​ 265 159
​ 266 159
​ 267 159
​ 268 159
​ 269 159
​ 270 159
​ 271 159
​ 272 159
​ 273 159
​ 274 159
​ 275 159
​ 276 159
​ 277 159
​ 278 159
​ 279 159
​ 280 159
​ 281 159
​ 282 159
​ 283 159
​ 284 159
​ 285 159
​ 286 159
​ 287 159
​ 288 159
​ 289 159
​ 290 159
​ 291 159
​ 292 159
​ 293 159
​ 294 159
​ 295 159
​ 296 159
​ 297 159
​ 298 159
​ 299 159
​ 300 159
​ 301 159
​ 302 159
​ 303 159
​ 260 160
​ 261 160
​ 262 160
​ 263 160
​ 264 160
​ 265 160
​ 266 160
​ 267 160
​ 268 160
​ 269 160
​ 270 160
​ 271 160
​ 272 160
​ 273 160
​ 274 160
​ 275 160
​ 276 160
​ 277 160
​ 278 160
​ 279 160
​ 280 160
​ 281 160
​ 282 160
​ 283 160
​ 284 160
​ 285 160
​ 286 160
​ 287 160
​ 288 160
​ 289 160
​ 290 160
​ 291 160
​ 292 160
​ 293 160
​ 294 160
​ 295 160
​ 296 160
​ 297 160
​ 298 160
​ 299 160
​ 300 160
​ 301 160
​ 302 160
​ 303 160
​ 259 161
​ 260 161
​ 261 161
​ 262 161
​ 263 161
​ 264 161
​ 265 161
​ 266 161
​ 267 161
​ 268 161
​ 269 161
​ 270 161
​ 271 161
​ 272 161
​ 273 161
​ 274 161
​ 275 161
​ 276 161
​ 277 161
​ 278 161
​ 279 161
​ 280 161
​ 281 161
​ 282 161
​ 283 161
​ 284 161
​ 285 161
​ 286 161
​ 287 161
​ 288 161
​ 289 161
​ 290 161
​ 291 161
​ 292 161
​ 293 161
​ 294 161
​ 295 161
​ 296 161
​ 297 161
​ 298 161
​ 299 161
​ 300 161
​ 301 161
​ 302 161
​ 303 161
​ 304 161
​ 259 162
​ 260 162
​ 261 162
​ 262 162
​ 263 162
​ 264 162
​ 265 162
​ 266 162
​ 267 162
​ 268 162
​ 269 162
​ 270 162
​ 271 162
​ 272 162
​ 273 162
​ 274 162
​ 275 162
​ 276 162
​ 277 162
​ 278 162
​ 279 162
​ 280 162
​ 281 162
​ 282 162
​ 283 162
​ 284 162
​ 285 162
​ 286 162
​ 287 162
​ 288 162
​ 289 162
​ 290 162
​ 291 162
​ 292 162
​ 293 162
​ 294 162
​ 295 162
​ 296 162
​ 297 162
​ 298 162
​ 299 162
​ 300 162
​ 301 162
​ 302 162
​ 303 162
​ 304 162
​ 258 163
​ 259 163
​ 260 163
​ 261 163
​ 262 163
​ 263 163
​ 264 163
​ 265 163
​ 266 163
​ 267 163
​ 268 163
​ 269 163
​ 270 163
​ 271 163
​ 272 163
​ 273 163
​ 274 163
​ 275 163
​ 276 163
​ 277 163
​ 278 163
​ 279 163
​ 280 163
​ 281 163
​ 282 163
​ 283 163
​ 284 163
​ 285 163
​ 286 163
​ 287 163
​ 288 163
​ 289 163
​ 290 163
​ 291 163
​ 292 163
​ 293 163
​ 294 163
​ 295 163
​ 296 163
​ 297 163
​ 298 163
​ 299 163
​ 300 163
​ 301 163
​ 302 163
​ 303 163
​ 304 163
​ 305 163
​ 257 164
​ 258 164
​ 259 164
​ 260 164
​ 261 164
​ 262 164
​ 263 164
​ 264 164
​ 265 164
​ 266 164
​ 267 164
​ 268 164
​ 269 164
​ 270 164
​ 271 164
​ 272 164
​ 273 164
​ 274 164
​ 275 164
​ 276 164
​ 277 164
​ 278 164
​ 279 164
​ 280 164
​ 281 164
​ 282 164
​ 283 164
​ 284 164
​ 285 164
​ 286 164
​ 287 164
​ 288 164
​ 289 164
​ 290 164
​ 291 164
​ 292 164
​ 293 164
​ 294 164
​ 295 164
​ 296 164
​ 297 164
​ 298 164
​ 299 164
​ 300 164
​ 301 164
​ 302 164
​ 303 164
​ 304 164
​ 305 164
​ 256 165
​ 257 165
​ 258 165
​ 259 165
​ 260 165
​ 261 165
​ 262 165
​ 263 165
​ 264 165
​ 265 165
​ 266 165
​ 267 165
​ 268 165
​ 269 165
​ 270 165
​ 271 165
​ 272 165
​ 273 165
​ 274 165
​ 275 165
​ 276 165
​ 277 165
​ 278 165
​ 279 165
​ 280 165
​ 281 165
​ 282 165
​ 283 165
​ 284 165
​ 285 165
​ 286 165
​ 287 165
​ 288 165
​ 289 165
​ 290 165
​ 291 165
​ 292 165
​ 293 165
​ 294 165
​ 295 165
​ 296 165
​ 297 165
​ 298 165
​ 299 165
​ 300 165
​ 301 165
​ 302 165
​ 303 165
​ 304 165
​ 305 165
​ 256 166
​ 257 166
​ 258 166
​ 259 166
​ 260 166
​ 261 166
​ 262 166
​ 263 166
​ 264 166
​ 265 166
​ 266 166
​ 267 166
​ 268 166
​ 269 166
​ 270 166
​ 271 166
​ 272 166
​ 273 166
​ 274 166
​ 275 166
​ 276 166
​ 282 166
​ 283 166
​ 284 166
​ 285 166
​ 286 166
​ 287 166
​ 288 166
​ 289 166
​ 290 166
​ 291 166
​ 292 166
​ 293 166
​ 294 166
​ 295 166
​ 296 166
​ 297 166
​ 298 166
​ 299 166
​ 300 166
​ 301 166
​ 302 166
​ 303 166
​ 304 166
​ 305 166
​ 306 166
​ 255 167
​ 256 167
​ 257 167
​ 258 167
​ 259 167
​ 260 167
​ 261 167
​ 262 167
​ 263 167
​ 264 167
​ 265 167
​ 266 167
​ 267 167
​ 268 167
​ 269 167
​ 270 167
​ 271 167
​ 272 167
​ 273 167
​ 274 167
​ 275 167
​ 284 167
​ 285 167
​ 286 167
​ 287 167
​ 288 167
​ 289 167
​ 290 167
​ 291 167
​ 292 167
​ 293 167
​ 294 167
​ 295 167
​ 296 167
​ 297 167
​ 298 167
​ 299 167
​ 300 167
​ 301 167
​ 302 167
​ 303 167
​ 304 167
​ 305 167
​ 306 167
​ 254 168
​ 255 168
​ 256 168
​ 257 168
​ 258 168
​ 259 168
​ 260 168
​ 261 168
​ 262 168
​ 263 168
​ 264 168
​ 265 168
​ 266 168
​ 267 168
​ 268 168
​ 269 168
​ 270 168
​ 271 168
​ 272 168
​ 273 168
​ 274 168
​ 275 168
​ 285 168
​ 286 168
​ 287 168
​ 288 168
​ 289 168
​ 290 168
​ 291 168
​ 292 168
​ 293 168
​ 294 168
​ 295 168
​ 296 168
​ 297 168
​ 298 168
​ 299 168
​ 300 168
​ 301 168
​ 302 168
​ 303 168
​ 304 168
​ 305 168
​ 253 169
​ 254 169
​ 255 169
​ 256 169
​ 257 169
​ 258 169
​ 259 169
​ 260 169
​ 261 169
​ 262 169
​ 263 169
​ 264 169
​ 265 169
​ 266 169
​ 267 169
​ 268 169
​ 269 169
​ 270 169
​ 271 169
​ 272 169
​ 273 169
​ 274 169
​ 275 169
​ 276 169
​ 285 169
​ 286 169
​ 287 169
​ 288 169
​ 289 169
​ 290 169
​ 291 169
​ 292 169
​ 293 169
​ 294 169
​ 295 169
​ 296 169
​ 297 169
​ 298 169
​ 299 169
​ 300 169
​ 301 169
​ 302 169
​ 303 169
​ 304 169
​ 305 169
​ 253 170
​ 254 170
​ 255 170
​ 256 170
​ 257 170
​ 258 170
​ 259 170
​ 260 170
​ 261 170
​ 262 170
​ 263 170
​ 264 170
​ 265 170
​ 266 170
​ 267 170
​ 268 170
​ 269 170
​ 270 170
​ 271 170
​ 272 170
​ 273 170
​ 274 170
​ 275 170
​ 276 170
​ 277 170
​ 285 170
​ 286 170
​ 287 170
​ 288 170
​ 289 170
​ 290 170
​ 291 170
​ 292 170
​ 293 170
​ 294 170
​ 295 170
​ 296 170
​ 297 170
​ 298 170
​ 299 170
​ 300 170
​ 301 170
​ 302 170
​ 303 170
​ 304 170
​ 305 170
​ 253 171
​ 254 171
​ 255 171
​ 256 171
​ 257 171
​ 258 171
​ 259 171
​ 260 171
​ 261 171
​ 262 171
​ 263 171
​ 264 171
​ 265 171
​ 266 171
​ 267 171
​ 268 171
​ 269 171
​ 270 171
​ 271 171
​ 272 171
​ 273 171
​ 274 171
​ 275 171
​ 276 171
​ 287 171
​ 288 171
​ 289 171
​ 290 171
​ 291 171
​ 292 171
​ 293 171
​ 294 171
​ 295 171
​ 296 171
​ 297 171
​ 298 171
​ 299 171
​ 300 171
​ 301 171
​ 302 171
​ 303 171
​ 304 171
​ 305 171
​ 252 172
​ 253 172
​ 254 172
​ 255 172
​ 256 172
​ 257 172
​ 258 172
​ 259 172
​ 260 172
​ 261 172
​ 262 172
​ 263 172
​ 264 172
​ 265 172
​ 266 172
​ 267 172
​ 268 172
​ 269 172
​ 270 172
​ 271 172
​ 272 172
​ 273 172
​ 274 172
​ 275 172
​ 287 172
​ 288 172
​ 289 172
​ 290 172
​ 291 172
​ 292 172
​ 293 172
​ 294 172
​ 295 172
​ 296 172
​ 297 172
​ 298 172
​ 299 172
​ 300 172
​ 301 172
​ 302 172
​ 303 172
​ 304 172
​ 252 173
​ 253 173
​ 254 173
​ 255 173
​ 256 173
​ 257 173
​ 258 173
​ 259 173
​ 260 173
​ 261 173
​ 262 173
​ 263 173
​ 264 173
​ 265 173
​ 266 173
​ 267 173
​ 268 173
​ 269 173
​ 270 173
​ 271 173
​ 272 173
​ 273 173
​ 274 173
​ 288 173
​ 289 173
​ 290 173
​ 291 173
​ 292 173
​ 293 173
​ 294 173
​ 295 173
​ 296 173
​ 297 173
​ 298 173
​ 299 173
​ 300 173
​ 301 173
​ 302 173
​ 303 173
​ 304 173
​ 252 174
​ 253 174
​ 254 174
​ 255 174
​ 256 174
​ 257 174
​ 258 174
​ 259 174
​ 260 174
​ 261 174
​ 262 174
​ 263 174
​ 264 174
​ 265 174
​ 266 174
​ 267 174
​ 268 174
​ 269 174
​ 270 174
​ 271 174
​ 272 174
​ 273 174
​ 274 174
​ 289 174
​ 290 174
​ 291 174
​ 292 174
​ 293 174
​ 294 174
​ 295 174
​ 296 174
​ 297 174
​ 298 174
​ 299 174
​ 300 174
​ 301 174
​ 302 174
​ 303 174
​ 252 175
​ 253 175
​ 254 175
​ 255 175
​ 256 175
​ 257 175
​ 258 175
​ 259 175
​ 260 175
​ 261 175
​ 262 175
​ 263 175
​ 264 175
​ 265 175
​ 266 175
​ 267 175
​ 268 175
​ 269 175
​ 270 175
​ 271 175
​ 272 175
​ 273 175
​ 274 175
​ 289 175
​ 290 175
​ 291 175
​ 292 175
​ 293 175
​ 294 175
​ 295 175
​ 296 175
​ 297 175
​ 298 175
​ 299 175
​ 300 175
​ 301 175
​ 252 176
​ 253 176
​ 254 176
​ 255 176
​ 256 176
​ 257 176
​ 258 176
​ 259 176
​ 260 176
​ 261 176
​ 262 176
​ 263 176
​ 264 176
​ 265 176
​ 266 176
​ 267 176
​ 268 176
​ 269 176
​ 270 176
​ 271 176
​ 272 176
​ 273 176
​ 274 176
​ 275 176
​ 289 176
​ 290 176
​ 291 176
​ 292 176
​ 293 176
​ 294 176
​ 295 176
​ 296 176
​ 297 176
​ 298 176
​ 299 176
​ 300 176
​ 253 177
​ 254 177
​ 255 177
​ 256 177
​ 257 177
​ 258 177
​ 259 177
​ 260 177
​ 261 177
​ 262 177
​ 263 177
​ 264 177
​ 265 177
​ 266 177
​ 267 177
​ 268 177
​ 269 177
​ 270 177
​ 271 177
​ 272 177
​ 273 177
​ 274 177
​ 275 177
​ 276 177
​ 289 177
​ 290 177
​ 291 177
​ 292 177
​ 293 177
​ 294 177
​ 295 177
​ 296 177
​ 297 177
​ 298 177
​ 299 177
​ 253 178
​ 254 178
​ 255 178
​ 256 178
​ 257 178
​ 258 178
​ 259 178
​ 260 178
​ 261 178
​ 262 178
​ 263 178
​ 264 178
​ 265 178
​ 266 178
​ 267 178
​ 268 178
​ 269 178
​ 270 178
​ 271 178
​ 272 178
​ 273 178
​ 274 178
​ 275 178
​ 276 178
​ 289 178
​ 290 178
​ 291 178
​ 292 178
​ 293 178
​ 294 178
​ 295 178
​ 296 178
​ 297 178
​ 298 178
​ 253 179
​ 254 179
​ 255 179
​ 256 179
​ 257 179
​ 258 179
​ 259 179
​ 260 179
​ 261 179
​ 262 179
​ 263 179
​ 264 179
​ 265 179
​ 266 179
​ 267 179
​ 268 179
​ 269 179
​ 270 179
​ 271 179
​ 272 179
​ 273 179
​ 274 179
​ 275 179
​ 276 179
​ 277 179
​ 289 179
​ 290 179
​ 291 179
​ 292 179
​ 293 179
​ 294 179
​ 295 179
​ 296 179
​ 297 179
​ 298 179
​ 253 180
​ 254 180
​ 255 180
​ 256 180
​ 257 180
​ 258 180
​ 259 180
​ 260 180
​ 261 180
​ 262 180
​ 263 180
​ 264 180
​ 265 180
​ 266 180
​ 267 180
​ 268 180
​ 269 180
​ 270 180
​ 271 180
​ 272 180
​ 273 180
​ 274 180
​ 275 180
​ 276 180
​ 277 180
​ 278 180
​ 289 180
​ 290 180
​ 291 180
​ 292 180
​ 293 180
​ 294 180
​ 295 180
​ 296 180
​ 297 180
​ 253 181
​ 254 181
​ 255 181
​ 256 181
​ 257 181
​ 258 181
​ 259 181
​ 260 181
​ 261 181
​ 262 181
​ 263 181
​ 264 181
​ 265 181
​ 266 181
​ 267 181
​ 268 181
​ 269 181
​ 270 181
​ 271 181
​ 272 181
​ 273 181
​ 274 181
​ 275 181
​ 276 181
​ 277 181
​ 278 181
​ 279 181
​ 280 181
​ 281 181
​ 282 181
​ 287 181
​ 288 181
​ 289 181
​ 290 181
​ 291 181
​ 292 181
​ 293 181
​ 294 181
​ 295 181
​ 296 181
​ 253 182
​ 254 182
​ 255 182
​ 256 182
​ 257 182
​ 258 182
​ 259 182
​ 260 182
​ 261 182
​ 262 182
​ 263 182
​ 264 182
​ 265 182
​ 266 182
​ 267 182
​ 268 182
​ 269 182
​ 270 182
​ 271 182
​ 272 182
​ 273 182
​ 274 182
​ 275 182
​ 276 182
​ 277 182
​ 278 182
​ 279 182
​ 280 182
​ 281 182
​ 282 182
​ 283 182
​ 284 182
​ 285 182
​ 286 182
​ 287 182
​ 288 182
​ 289 182
​ 290 182
​ 291 182
​ 292 182
​ 293 182
​ 294 182
​ 295 182
​ 296 182
​ 255 183
​ 256 183
​ 257 183
​ 258 183
​ 259 183
​ 260 183
​ 261 183
​ 262 183
​ 263 183
​ 264 183
​ 265 183
​ 266 183
​ 267 183
​ 268 183
​ 269 183
​ 270 183
​ 271 183
​ 272 183
​ 273 183
​ 274 183
​ 275 183
​ 276 183
​ 277 183
​ 278 183
​ 279 183
​ 280 183
​ 281 183
​ 282 183
​ 283 183
​ 284 183
​ 285 183
​ 286 183
​ 287 183
​ 288 183
​ 289 183
​ 290 183
​ 291 183
​ 292 183
​ 293 183
​ 294 183
​ 295 183
​ 255 184
​ 256 184
​ 257 184
​ 258 184
​ 259 184
​ 260 184
​ 261 184
​ 262 184
​ 263 184
​ 264 184
​ 265 184
​ 266 184
​ 267 184
​ 268 184
​ 269 184
​ 270 184
​ 271 184
​ 272 184
​ 273 184
​ 274 184
​ 275 184
​ 276 184
​ 277 184
​ 278 184
​ 279 184
​ 280 184
​ 281 184
​ 282 184
​ 283 184
​ 284 184
​ 285 184
​ 286 184
​ 287 184
​ 288 184
​ 289 184
​ 290 184
​ 291 184
​ 292 184
​ 293 184
​ 294 184
​ 295 184
​ 254 185
​ 255 185
​ 257 185
​ 258 185
​ 259 185
​ 260 185
​ 261 185
​ 262 185
​ 263 185
​ 264 185
​ 265 185
​ 266 185
​ 267 185
​ 268 185
​ 269 185
​ 270 185
​ 271 185
​ 272 185
​ 273 185
​ 274 185
​ 275 185
​ 276 185
​ 277 185
​ 278 185
​ 279 185
​ 280 185
​ 281 185
​ 282 185
​ 283 185
​ 284 185
​ 285 185
​ 286 185
​ 287 185
​ 288 185
​ 289 185
​ 290 185
​ 291 185
​ 292 185
​ 293 185
​ 294 185
​ 258 186
​ 259 186
​ 260 186
​ 261 186
​ 262 186
​ 263 186
​ 264 186
​ 265 186
​ 266 186
​ 267 186
​ 268 186
​ 269 186
​ 270 186
​ 271 186
​ 272 186
​ 273 186
​ 274 186
​ 275 186
​ 276 186
​ 277 186
​ 278 186
​ 279 186
​ 280 186
​ 281 186
​ 282 186
​ 283 186
​ 284 186
​ 285 186
​ 286 186
​ 287 186
​ 288 186
​ 289 186
​ 290 186
​ 291 186
​ 292 186
​ 293 186
​ 294 186
​ 261 187
​ 262 187
​ 263 187
​ 264 187
​ 265 187
​ 266 187
​ 267 187
​ 268 187
​ 269 187
​ 270 187
​ 271 187
​ 272 187
​ 273 187
​ 274 187
​ 275 187
​ 276 187
​ 277 187
​ 278 187
​ 279 187
​ 280 187
​ 281 187
​ 282 187
​ 283 187
​ 284 187
​ 285 187
​ 286 187
​ 287 187
​ 288 187
​ 289 187
​ 290 187
​ 291 187
​ 292 187
​ 293 187
​ 294 187
​ 264 188
​ 265 188
​ 266 188
​ 267 188
​ 268 188
​ 269 188
​ 270 188
​ 271 188
​ 272 188
​ 273 188
​ 274 188
​ 275 188
​ 276 188
​ 277 188
​ 278 188
​ 279 188
​ 280 188
​ 281 188
​ 282 188
​ 283 188
​ 284 188
​ 285 188
​ 286 188
​ 287 188
​ 288 188
​ 289 188
​ 290 188
​ 291 188
​ 292 188
​ 293 188
​ 294 188
​ 266 189
​ 267 189
​ 268 189
​ 269 189
​ 270 189
​ 271 189
​ 272 189
​ 273 189
​ 274 189
​ 275 189
​ 276 189
​ 277 189
​ 278 189
​ 279 189
​ 280 189
​ 281 189
​ 282 189
​ 283 189
​ 284 189
​ 285 189
​ 286 189
​ 287 189
​ 288 189
​ 289 189
​ 290 189
​ 291 189
​ 292 189
​ 293 189
​ 294 189
​ 267 190
​ 268 190
​ 269 190
​ 270 190
​ 271 190
​ 272 190
​ 273 190
​ 274 190
​ 275 190
​ 276 190
​ 277 190
​ 278 190
​ 279 190
​ 280 190
​ 281 190
​ 282 190
​ 283 190
​ 284 190
​ 285 190
​ 286 190
​ 287 190
​ 288 190
​ 289 190
​ 290 190
​ 291 190
​ 292 190
​ 293 190
​ 294 190
​ 269 191
​ 270 191
​ 271 191
​ 272 191
​ 273 191
​ 274 191
​ 275 191
​ 276 191
​ 277 191
​ 278 191
​ 279 191
​ 280 191
​ 281 191
​ 282 191
​ 283 191
​ 284 191
​ 285 191
​ 286 191
​ 287 191
​ 288 191
​ 289 191
​ 290 191
​ 291 191
​ 292 191
​ 293 191
​ 294 191
​ 270 192
​ 271 192
​ 272 192
​ 273 192
​ 274 192
​ 275 192
​ 276 192
​ 277 192
​ 278 192
​ 279 192
​ 280 192
​ 281 192
​ 282 192
​ 283 192
​ 284 192
​ 285 192
​ 286 192
​ 287 192
​ 288 192
​ 289 192
​ 290 192
​ 291 192
​ 292 192
​ 293 192
​ 294 192
​ 272 193
​ 273 193
​ 274 193
​ 275 193
​ 276 193
​ 277 193
​ 278 193
​ 279 193
​ 280 193
​ 281 193
​ 282 193
​ 283 193
​ 284 193
​ 285 193
​ 286 193
​ 287 193
​ 288 193
​ 289 193
​ 290 193
​ 291 193
​ 292 193
​ 293 193
​ 273 194
​ 274 194
​ 275 194
​ 276 194
​ 277 194
​ 278 194
​ 279 194
​ 280 194
​ 281 194
​ 282 194
​ 283 194
​ 284 194
​ 285 194
​ 286 194
​ 287 194
​ 288 194
​ 289 194
​ 290 194
​ 291 194
​ 274 195
​ 275 195
​ 276 195
​ 277 195
​ 278 195
​ 279 195
​ 280 195
​ 281 195
​ 282 195
​ 283 195
​ 284 195
​ 285 195
​ 286 195
​ 287 195
​ 288 195
​ 275 196
​ 276 196
​ 277 196
​ 278 196
​ 279 196
​ 280 196
​ 281 196
​ 282 196
​ 283 196
​ 284 196
​ 285 196
​ 278 197
​ 279 197
​ 280 197
​ 281 197