​ 196 121
​ 197 121
​ 195 122
​ 196 122
​ 197 122
​ 198 122
​ 195 123
​ 196 123
​ 197 123
​ 198 123
​ 195 124
​ 196 124
​ 197 124
​ 198 124
​ 195 125
​ 196 125
​ 197 125
​ 198 125
​ 194 126
​ 195 126
​ 196 126
​ 197 126
​ 198 126
​ 194 127
​ 195 127
​ 196 127
​ 197 127
​ 194 128
​ 195 128
​ 196 128
​ 197 128
​ 194 129
​ 195 129
​ 196 129
​ 197 129
​ 313 129
​ 194 130
​ 195 130
​ 196 130
​ 313 130
​ 314 130
​ 185 131
​ 193 131
​ 194 131
​ 195 131
​ 313 131
​ 314 131
​ 315 131
​ 193 132
​ 194 132
​ 314 132
​ 193 133
​ 194 133
​ 200 133
​ 193 134
​ 194 134
​ 199 134
​ 200 134
​ 202 134
​ 203 134
​ 204 134
​ 192 135
​ 193 135
​ 194 135
​ 195 135
​ 196 135
​ 197 135
​ 198 135
​ 200 135
​ 201 135
​ 202 135
​ 203 135
​ 204 135
​ 182 136
​ 183 136
​ 192 136
​ 193 136
​ 194 136
​ 195 136
​ 196 136
​ 197 136
​ 198 136
​ 203 136
​ 176 137
​ 182 137
​ 184 137
​ 185 137
​ 191 137
​ 192 137
​ 193 137
​ 194 137
​ 195 137
​ 196 137
​ 197 137
​ 198 137
​ 180 138
​ 181 138
​ 184 138
​ 185 138
​ 186 138
​ 187 138
​ 190 138
​ 191 138
​ 192 138
​ 193 138
​ 194 138
​ 195 138
​ 196 138
​ 197 138
​ 203 138
​ 180 139
​ 181 139
​ 184 139
​ 185 139
​ 186 139
​ 187 139
​ 189 139
​ 190 139
​ 191 139
​ 192 139
​ 193 139
​ 194 139
​ 195 139
​ 196 139
​ 197 139
​ 316 139
​ 317 139
​ 318 139
​ 179 140
​ 181 140
​ 184 140
​ 185 140
​ 188 140
​ 189 140
​ 190 140
​ 191 140
​ 192 140
​ 193 140
​ 194 140
​ 195 140
​ 196 140
​ 197 140
​ 203 140
​ 312 140
​ 313 140
​ 314 140
​ 315 140
​ 316 140
​ 317 140
​ 318 140
​ 319 140
​ 180 141
​ 181 141
​ 182 141
​ 184 141
​ 185 141
​ 188 141
​ 189 141
​ 190 141
​ 191 141
​ 192 141
​ 193 141
​ 194 141
​ 195 141
​ 196 141
​ 197 141
​ 203 141
​ 312 141
​ 313 141
​ 315 141
​ 316 141
​ 317 141
​ 318 141
​ 319 141
​ 320 141
​ 321 141
​ 322 141
​ 179 142
​ 180 142
​ 181 142
​ 182 142
​ 183 142
​ 184 142
​ 185 142
​ 188 142
​ 189 142
​ 190 142
​ 191 142
​ 192 142
​ 193 142
​ 194 142
​ 195 142
​ 196 142
​ 197 142
​ 312 142
​ 313 142
​ 314 142
​ 315 142
​ 316 142
​ 317 142
​ 318 142
​ 319 142
​ 320 142
​ 321 142
​ 322 142
​ 178 143
​ 180 143
​ 181 143
​ 182 143
​ 183 143
​ 184 143
​ 185 143
​ 188 143
​ 189 143
​ 190 143
​ 191 143
​ 192 143
​ 193 143
​ 194 143
​ 195 143
​ 196 143
​ 197 143
​ 314 143
​ 315 143
​ 316 143
​ 317 143
​ 318 143
​ 319 143
​ 322 143
​ 323 143
​ 324 143
​ 177 144
​ 179 144
​ 180 144
​ 181 144
​ 185 144
​ 188 144
​ 189 144
​ 190 144
​ 191 144
​ 192 144
​ 193 144
​ 194 144
​ 195 144
​ 196 144
​ 314 144
​ 315 144
​ 316 144
​ 317 144
​ 318 144
​ 319 144
​ 320 144
​ 321 144
​ 322 144
​ 323 144
​ 324 144
​ 325 144
​ 177 145
​ 178 145
​ 179 145
​ 180 145
​ 181 145
​ 184 145
​ 185 145
​ 187 145
​ 188 145
​ 189 145
​ 190 145
​ 191 145
​ 192 145
​ 193 145
​ 194 145
​ 195 145
​ 196 145
​ 312 145
​ 313 145
​ 315 145
​ 316 145
​ 317 145
​ 318 145
​ 319 145
​ 320 145
​ 321 145
​ 322 145
​ 323 145
​ 324 145
​ 177 146
​ 178 146
​ 179 146
​ 180 146
​ 183 146
​ 184 146
​ 185 146
​ 186 146
​ 187 146
​ 188 146
​ 189 146
​ 190 146
​ 191 146
​ 192 146
​ 193 146
​ 194 146
​ 195 146
​ 196 146
​ 312 146
​ 313 146
​ 316 146
​ 317 146
​ 318 146
​ 319 146
​ 320 146
​ 321 146
​ 322 146
​ 323 146
​ 324 146
​ 175 147
​ 177 147
​ 178 147
​ 179 147
​ 180 147
​ 183 147
​ 184 147
​ 185 147
​ 186 147
​ 187 147
​ 188 147
​ 189 147
​ 190 147
​ 191 147
​ 192 147
​ 193 147
​ 194 147
​ 195 147
​ 196 147
​ 312 147
​ 314 147
​ 315 147
​ 316 147
​ 317 147
​ 318 147
​ 319 147
​ 320 147
​ 321 147
​ 322 147
​ 323 147
​ 324 147
​ 175 148
​ 177 148
​ 178 148
​ 179 148
​ 180 148
​ 181 148
​ 182 148
​ 183 148
​ 184 148
​ 185 148
​ 186 148
​ 187 148
​ 188 148
​ 189 148
​ 190 148
​ 191 148
​ 192 148
​ 193 148
​ 194 148
​ 195 148
​ 196 148
​ 312 148
​ 313 148
​ 314 148
​ 315 148
​ 316 148
​ 317 148
​ 318 148
​ 319 148
​ 320 148
​ 321 148
​ 322 148
​ 323 148
​ 324 148
​ 175 149
​ 180 149
​ 181 149
​ 182 149
​ 183 149
​ 184 149
​ 185 149
​ 186 149
​ 187 149
​ 188 149
​ 189 149
​ 190 149
​ 191 149
​ 192 149
​ 193 149
​ 194 149
​ 195 149
​ 196 149
​ 312 149
​ 313 149
​ 314 149
​ 315 149
​ 316 149
​ 317 149
​ 318 149
​ 319 149
​ 320 149
​ 321 149
​ 322 149
​ 323 149
​ 324 149
​ 175 150
​ 178 150
​ 179 150
​ 180 150
​ 181 150
​ 182 150
​ 183 150
​ 184 150
​ 185 150
​ 186 150
​ 187 150
​ 188 150
​ 189 150
​ 190 150
​ 191 150
​ 192 150
​ 193 150
​ 194 150
​ 195 150
​ 196 150
​ 239 150
​ 267 150
​ 286 150
​ 312 150
​ 313 150
​ 314 150
​ 315 150
​ 316 150
​ 317 150
​ 318 150
​ 319 150
​ 320 150
​ 321 150
​ 322 150
​ 323 150
​ 324 150
​ 176 151
​ 177 151
​ 178 151
​ 179 151
​ 180 151
​ 181 151
​ 182 151
​ 183 151
​ 184 151
​ 185 151
​ 186 151
​ 187 151
​ 188 151
​ 189 151
​ 190 151
​ 191 151
​ 192 151
​ 193 151
​ 194 151
​ 195 151
​ 196 151
​ 240 151
​ 246 151
​ 247 151
​ 249 151
​ 250 151
​ 252 151
​ 267 151
​ 269 151
​ 270 151
​ 273 151
​ 274 151
​ 283 151
​ 284 151
​ 286 151
​ 288 151
​ 290 151
​ 313 151
​ 314 151
​ 315 151
​ 316 151
​ 317 151
​ 318 151
​ 319 151
​ 320 151
​ 321 151
​ 322 151
​ 323 151
​ 324 151
​ 325 151
​ 326 151
​ 176 152
​ 177 152
​ 179 152
​ 180 152
​ 181 152
​ 182 152
​ 183 152
​ 184 152
​ 185 152
​ 186 152
​ 187 152
​ 188 152
​ 189 152
​ 190 152
​ 191 152
​ 192 152
​ 193 152
​ 194 152
​ 195 152
​ 196 152
​ 221 152
​ 222 152
​ 225 152
​ 226 152
​ 227 152
​ 228 152
​ 229 152
​ 230 152
​ 231 152
​ 235 152
​ 236 152
​ 237 152
​ 239 152
​ 240 152
​ 241 152
​ 244 152
​ 245 152
​ 246 152
​ 247 152
​ 248 152
​ 249 152
​ 250 152
​ 251 152
​ 253 152
​ 257 152
​ 258 152
​ 260 152
​ 263 152
​ 264 152
​ 265 152
​ 266 152
​ 267 152
​ 268 152
​ 269 152
​ 270 152
​ 271 152
​ 272 152
​ 273 152
​ 274 152
​ 275 152
​ 276 152
​ 277 152
​ 278 152
​ 279 152
​ 280 152
​ 281 152
​ 282 152
​ 283 152
​ 284 152
​ 285 152
​ 288 152
​ 289 152
​ 290 152
​ 314 152
​ 315 152
​ 316 152
​ 317 152
​ 318 152
​ 319 152
​ 320 152
​ 321 152
​ 322 152
​ 323 152
​ 324 152
​ 325 152
​ 326 152
​ 327 152
​ 328 152
​ 178 153
​ 179 153
​ 180 153
​ 181 153
​ 182 153
​ 183 153
​ 184 153
​ 185 153
​ 186 153
​ 187 153
​ 188 153
​ 189 153
​ 190 153
​ 191 153
​ 192 153
​ 193 153
​ 194 153
​ 195 153
​ 222 153
​ 223 153
​ 224 153
​ 225 153
​ 226 153
​ 227 153
​ 228 153
​ 229 153
​ 230 153
​ 232 153
​ 234 153
​ 235 153
​ 236 153
​ 237 153
​ 238 153
​ 240 153
​ 241 153
​ 242 153
​ 243 153
​ 244 153
​ 245 153
​ 246 153
​ 247 153
​ 248 153
​ 249 153
​ 250 153
​ 251 153
​ 252 153
​ 253 153
​ 254 153
​ 255 153
​ 256 153
​ 257 153
​ 258 153
​ 259 153
​ 260 153
​ 262 153
​ 263 153
​ 264 153
​ 265 153
​ 266 153
​ 267 153
​ 268 153
​ 269 153
​ 270 153
​ 271 153
​ 272 153
​ 273 153
​ 274 153
​ 275 153
​ 276 153
​ 277 153
​ 278 153
​ 279 153
​ 280 153
​ 281 153
​ 282 153
​ 283 153
​ 284 153
​ 285 153
​ 286 153
​ 287 153
​ 289 153
​ 290 153
​ 291 153
​ 292 153
​ 314 153
​ 315 153
​ 316 153
​ 317 153
​ 318 153
​ 319 153
​ 320 153
​ 321 153
​ 322 153
​ 323 153
​ 324 153
​ 325 153
​ 327 153
​ 328 153
​ 329 153
​ 178 154
​ 179 154
​ 180 154
​ 181 154
​ 182 154
​ 183 154
​ 184 154
​ 185 154
​ 186 154
​ 187 154
​ 188 154
​ 189 154
​ 190 154
​ 191 154
​ 192 154
​ 193 154
​ 194 154
​ 195 154
​ 196 154
​ 221 154
​ 222 154
​ 223 154
​ 224 154
​ 225 154
​ 226 154
​ 227 154
​ 228 154
​ 229 154
​ 230 154
​ 231 154
​ 232 154
​ 233 154
​ 234 154
​ 235 154
​ 236 154
​ 237 154
​ 238 154
​ 239 154
​ 240 154
​ 241 154
​ 242 154
​ 243 154
​ 244 154
​ 245 154
​ 246 154
​ 247 154
​ 248 154
​ 249 154
​ 250 154
​ 251 154
​ 252 154
​ 253 154
​ 254 154
​ 255 154
​ 256 154
​ 257 154
​ 258 154
​ 259 154
​ 260 154
​ 261 154
​ 262 154
​ 263 154
​ 264 154
​ 265 154
​ 266 154
​ 267 154
​ 268 154
​ 269 154
​ 270 154
​ 271 154
​ 272 154
​ 273 154
​ 274 154
​ 275 154
​ 276 154
​ 277 154
​ 278 154
​ 279 154
​ 280 154
​ 281 154
​ 282 154
​ 283 154
​ 284 154
​ 285 154
​ 286 154
​ 287 154
​ 288 154
​ 289 154
​ 290 154
​ 291 154
​ 292 154
​ 314 154
​ 315 154
​ 316 154
​ 317 154
​ 318 154
​ 319 154
​ 320 154
​ 321 154
​ 322 154
​ 323 154
​ 324 154
​ 325 154
​ 328 154
​ 329 154
​ 176 155
​ 177 155
​ 178 155
​ 179 155
​ 180 155
​ 181 155
​ 184 155
​ 185 155
​ 186 155
​ 187 155
​ 188 155
​ 189 155
​ 190 155
​ 191 155
​ 192 155
​ 193 155
​ 194 155
​ 195 155
​ 196 155
​ 219 155
​ 221 155
​ 222 155
​ 223 155
​ 224 155
​ 225 155
​ 226 155
​ 227 155
​ 228 155
​ 229 155
​ 230 155
​ 231 155
​ 232 155
​ 233 155
​ 234 155
​ 235 155
​ 236 155
​ 237 155
​ 238 155
​ 239 155
​ 240 155
​ 241 155
​ 242 155
​ 243 155
​ 244 155
​ 245 155
​ 246 155
​ 247 155
​ 248 155
​ 249 155
​ 250 155
​ 251 155
​ 252 155
​ 253 155
​ 254 155
​ 255 155
​ 256 155
​ 257 155
​ 258 155
​ 259 155
​ 260 155
​ 261 155
​ 262 155
​ 263 155
​ 264 155
​ 265 155
​ 266 155
​ 267 155
​ 268 155
​ 269 155
​ 270 155
​ 271 155
​ 272 155
​ 273 155
​ 274 155
​ 275 155
​ 276 155
​ 277 155
​ 278 155
​ 279 155
​ 280 155
​ 281 155
​ 282 155
​ 283 155
​ 284 155
​ 285 155
​ 286 155
​ 287 155
​ 288 155
​ 289 155
​ 290 155
​ 291 155
​ 292 155
​ 314 155
​ 315 155
​ 316 155
​ 317 155
​ 318 155
​ 319 155
​ 320 155
​ 321 155
​ 322 155
​ 323 155
​ 324 155
​ 325 155
​ 326 155
​ 327 155
​ 328 155
​ 329 155
​ 330 155
​ 178 156
​ 179 156
​ 180 156
​ 181 156
​ 182 156
​ 184 156
​ 185 156
​ 186 156
​ 187 156
​ 188 156
​ 189 156
​ 190 156
​ 191 156
​ 192 156
​ 193 156
​ 194 156
​ 195 156
​ 196 156
​ 219 156
​ 220 156
​ 221 156
​ 222 156
​ 223 156
​ 224 156
​ 225 156
​ 226 156
​ 227 156
​ 228 156
​ 229 156
​ 230 156
​ 231 156
​ 232 156
​ 233 156
​ 234 156
​ 235 156
​ 236 156
​ 237 156
​ 238 156
​ 239 156
​ 240 156
​ 241 156
​ 242 156
​ 243 156
​ 244 156
​ 245 156
​ 246 156
​ 247 156
​ 248 156
​ 249 156
​ 250 156
​ 251 156
​ 252 156
​ 253 156
​ 254 156
​ 255 156
​ 256 156
​ 257 156
​ 258 156
​ 259 156
​ 260 156
​ 261 156
​ 262 156
​ 263 156
​ 264 156
​ 265 156
​ 266 156
​ 267 156
​ 268 156
​ 269 156
​ 270 156
​ 271 156
​ 272 156
​ 273 156
​ 274 156
​ 275 156
​ 276 156
​ 277 156
​ 278 156
​ 279 156
​ 280 156
​ 281 156
​ 282 156
​ 283 156
​ 284 156
​ 285 156
​ 286 156
​ 287 156
​ 288 156
​ 289 156
​ 290 156
​ 291 156
​ 292 156
​ 314 156
​ 315 156
​ 316 156
​ 317 156
​ 318 156
​ 319 156
​ 320 156
​ 321 156
​ 322 156
​ 323 156
​ 324 156
​ 325 156
​ 326 156
​ 327 156
​ 328 156
​ 329 156
​ 178 157
​ 179 157
​ 180 157
​ 181 157
​ 182 157
​ 183 157
​ 184 157
​ 185 157
​ 186 157
​ 187 157
​ 188 157
​ 189 157
​ 190 157
​ 191 157
​ 192 157
​ 193 157
​ 194 157
​ 195 157
​ 196 157
​ 219 157
​ 220 157
​ 221 157
​ 222 157
​ 223 157
​ 224 157
​ 225 157
​ 226 157
​ 227 157
​ 228 157
​ 229 157
​ 230 157
​ 231 157
​ 232 157
​ 233 157
​ 234 157
​ 235 157
​ 236 157
​ 237 157
​ 238 157
​ 239 157
​ 240 157
​ 241 157
​ 242 157
​ 243 157
​ 244 157
​ 245 157
​ 246 157
​ 247 157
​ 248 157
​ 249 157
​ 250 157
​ 251 157
​ 252 157
​ 253 157
​ 254 157
​ 255 157
​ 256 157
​ 257 157
​ 258 157
​ 259 157
​ 260 157
​ 261 157
​ 262 157
​ 263 157
​ 264 157
​ 265 157
​ 266 157
​ 267 157
​ 268 157
​ 269 157
​ 270 157
​ 271 157
​ 272 157
​ 273 157
​ 274 157
​ 275 157
​ 276 157
​ 277 157
​ 278 157
​ 279 157
​ 280 157
​ 281 157
​ 282 157
​ 283 157
​ 284 157
​ 285 157
​ 286 157
​ 287 157
​ 288 157
​ 289 157
​ 290 157
​ 291 157
​ 292 157
​ 314 157
​ 315 157
​ 316 157
​ 317 157
​ 318 157
​ 319 157
​ 320 157
​ 321 157
​ 322 157
​ 323 157
​ 324 157
​ 325 157
​ 326 157
​ 327 157
​ 328 157
​ 329 157
​ 179 158
​ 180 158
​ 181 158
​ 182 158
​ 183 158
​ 184 158
​ 185 158
​ 186 158
​ 187 158
​ 188 158
​ 189 158
​ 190 158
​ 191 158
​ 192 158
​ 193 158
​ 194 158
​ 195 158
​ 196 158
​ 220 158
​ 221 158
​ 222 158
​ 223 158
​ 224 158
​ 225 158
​ 226 158
​ 227 158
​ 228 158
​ 229 158
​ 230 158
​ 231 158
​ 232 158
​ 233 158
​ 234 158
​ 235 158
​ 236 158
​ 237 158
​ 238 158
​ 239 158
​ 240 158
​ 241 158
​ 242 158
​ 243 158
​ 244 158
​ 245 158
​ 246 158
​ 247 158
​ 248 158
​ 249 158
​ 250 158
​ 251 158
​ 252 158
​ 253 158
​ 254 158
​ 255 158
​ 256 158
​ 257 158
​ 258 158
​ 259 158
​ 260 158
​ 261 158
​ 262 158
​ 263 158
​ 264 158
​ 265 158
​ 266 158
​ 267 158
​ 268 158
​ 269 158
​ 270 158
​ 271 158
​ 272 158
​ 273 158
​ 274 158
​ 275 158
​ 276 158
​ 277 158
​ 278 158
​ 279 158
​ 280 158
​ 281 158
​ 282 158
​ 283 158
​ 284 158
​ 285 158
​ 286 158
​ 287 158
​ 288 158
​ 289 158
​ 290 158
​ 291 158
​ 292 158
​ 314 158
​ 315 158
​ 316 158
​ 317 158
​ 318 158
​ 319 158
​ 320 158
​ 321 158
​ 322 158
​ 323 158
​ 324 158
​ 325 158
​ 326 158
​ 327 158
​ 328 158
​ 329 158
​ 179 159
​ 180 159
​ 181 159
​ 183 159
​ 184 159
​ 185 159
​ 187 159
​ 188 159
​ 189 159
​ 190 159
​ 191 159
​ 192 159
​ 193 159
​ 194 159
​ 195 159
​ 196 159
​ 219 159
​ 220 159
​ 221 159
​ 222 159
​ 223 159
​ 224 159
​ 225 159
​ 226 159
​ 227 159
​ 228 159
​ 229 159
​ 230 159
​ 231 159
​ 232 159
​ 233 159
​ 234 159
​ 235 159
​ 236 159
​ 237 159
​ 238 159
​ 239 159
​ 240 159
​ 241 159
​ 242 159
​ 243 159
​ 244 159
​ 245 159
​ 246 159
​ 247 159
​ 248 159
​ 249 159
​ 250 159
​ 251 159
​ 252 159
​ 253 159
​ 254 159
​ 255 159
​ 256 159
​ 257 159
​ 258 159
​ 259 159
​ 260 159
​ 261 159
​ 262 159
​ 263 159
​ 264 159
​ 265 159
​ 266 159
​ 267 159
​ 268 159
​ 269 159
​ 270 159
​ 271 159
​ 272 159
​ 273 159
​ 274 159
​ 275 159
​ 276 159
​ 277 159
​ 278 159
​ 279 159
​ 280 159
​ 281 159
​ 282 159
​ 283 159
​ 284 159
​ 285 159
​ 286 159
​ 287 159
​ 288 159
​ 289 159
​ 290 159
​ 291 159
​ 292 159
​ 313 159
​ 314 159
​ 315 159
​ 316 159
​ 317 159
​ 318 159
​ 319 159
​ 320 159
​ 321 159
​ 322 159
​ 323 159
​ 324 159
​ 325 159
​ 326 159
​ 327 159
​ 328 159
​ 329 159
​ 184 160
​ 185 160
​ 187 160
​ 188 160
​ 189 160
​ 190 160
​ 191 160
​ 192 160
​ 193 160
​ 194 160
​ 195 160
​ 196 160
​ 197 160
​ 219 160
​ 220 160
​ 221 160
​ 222 160
​ 223 160
​ 224 160
​ 225 160
​ 226 160
​ 227 160
​ 228 160
​ 229 160
​ 230 160
​ 231 160
​ 232 160
​ 233 160
​ 234 160
​ 235 160
​ 236 160
​ 237 160
​ 238 160
​ 239 160
​ 240 160
​ 241 160
​ 242 160
​ 243 160
​ 244 160
​ 245 160
​ 246 160
​ 247 160
​ 248 160
​ 249 160
​ 250 160
​ 251 160
​ 252 160
​ 253 160
​ 254 160
​ 255 160
​ 256 160
​ 257 160
​ 258 160
​ 259 160
​ 260 160
​ 261 160
​ 262 160
​ 263 160
​ 264 160
​ 265 160
​ 266 160
​ 267 160
​ 268 160
​ 269 160
​ 270 160
​ 271 160
​ 272 160
​ 273 160
​ 274 160
​ 275 160
​ 276 160
​ 277 160
​ 278 160
​ 279 160
​ 280 160
​ 281 160
​ 282 160
​ 283 160
​ 284 160
​ 285 160
​ 286 160
​ 287 160
​ 288 160
​ 289 160
​ 290 160
​ 291 160
​ 292 160
​ 313 160
​ 314 160
​ 315 160
​ 316 160
​ 317 160
​ 318 160
​ 319 160
​ 320 160
​ 321 160
​ 322 160
​ 323 160
​ 324 160
​ 325 160
​ 326 160
​ 327 160
​ 328 160
​ 329 160
​ 184 161
​ 185 161
​ 187 161
​ 188 161
​ 189 161
​ 190 161
​ 191 161
​ 192 161
​ 193 161
​ 194 161
​ 195 161
​ 196 161
​ 197 161
​ 219 161
​ 220 161
​ 221 161
​ 222 161
​ 223 161
​ 224 161
 225 161
  226 161
  227 161
  228 161
  229 161
  230 161
  231 161
  232 161
  233 161
  234 161
  235 161
  236 161
  237 161
  238 161
  239 161
  240 161
  241 161
  242 161
  243 161
  244 161
  245 161
  246 161
  247 161
  248 161
  249 161
  250 161
  251 161
  252 161
  253 161
  254 161
  255 161
  256 161
  257 161
  258 161
  259 161
  260 161
  261 161
  262 161
  263 161
  264 161
  265 161
  266 161
  267 161
  268 161
  269 161
  270 161
  271 161
  272 161
  273 161
  274 161
  275 161
  276 161
  277 161
  278 161
  279 161
  280 161
  281 161
  282 161
  283 161
  284 161
  285 161
  286 161
  287 161
  288 161
  289 161
  290 161
  291 161
  292 161
  312 161
  313 161
  314 161
  315 161
  316 161
  317 161
  318 161
  319 161
  320 161
  321 161
  322 161
  323 161
  324 161
  325 161
  326 161
  327 161
  328 161
  185 162
​ 187 162
​ 188 162
​ 189 162
​ 190 162
​ 191 162
​ 192 162
​ 193 162
​ 194 162
​ 195 162
​ 196 162
​ 197 162
​ 219 162
​ 220 162
​ 221 162
​ 222 162
​ 223 162
​ 224 162
​ 225 162
​ 226 162
​ 227 162
​ 228 162
​ 229 162
​ 230 162
​ 231 162
​ 232 162
​ 233 162
​ 234 162
​ 235 162
​ 236 162
​ 237 162
​ 238 162
​ 239 162
​ 240 162
​ 241 162
​ 242 162
​ 243 162
​ 244 162
​ 245 162
​ 246 162
​ 247 162
​ 248 162
​ 249 162
​ 250 162
​ 251 162
​ 252 162
​ 253 162
​ 254 162
​ 255 162
​ 256 162
​ 257 162
​ 258 162
​ 259 162
​ 260 162
​ 261 162
​ 262 162
​ 263 162
​ 264 162
​ 265 162
​ 266 162
​ 267 162
​ 268 162
​ 269 162
​ 270 162
​ 271 162
​ 272 162
​ 273 162
​ 274 162
​ 275 162
​ 276 162
​ 277 162
​ 278 162
​ 279 162
​ 280 162
​ 281 162
​ 282 162
​ 283 162
​ 284 162
​ 285 162
​ 286 162
​ 287 162
​ 288 162
​ 289 162
​ 290 162
​ 291 162
​ 292 162
​ 312 162
​ 313 162
​ 314 162
​ 315 162
​ 316 162
​ 317 162
​ 318 162
​ 319 162
​ 320 162
​ 321 162
​ 322 162
​ 323 162
​ 324 162
​ 325 162
​ 326 162
​ 327 162
​ 328 162
​ 184 163
​ 185 163
​ 187 163
​ 188 163
​ 189 163
​ 190 163
​ 191 163
​ 192 163
​ 193 163
​ 194 163
​ 195 163
​ 196 163
​ 197 163
​ 219 163
​ 220 163
​ 221 163
​ 222 163
​ 223 163
​ 224 163
​ 225 163
​ 226 163
​ 227 163
​ 228 163
​ 229 163
​ 230 163
​ 231 163
​ 232 163
​ 233 163
​ 234 163
​ 235 163
​ 236 163
​ 237 163
​ 238 163
​ 239 163
​ 240 163
​ 241 163
​ 242 163
​ 243 163
​ 244 163
​ 245 163
​ 246 163
​ 247 163
​ 248 163
​ 249 163
​ 250 163
​ 251 163
​ 252 163
​ 253 163
​ 254 163
​ 255 163
​ 256 163
​ 257 163
​ 258 163
​ 259 163
​ 260 163
​ 261 163
​ 262 163
​ 263 163
​ 264 163
​ 265 163
​ 266 163
​ 267 163
​ 268 163
​ 269 163
​ 270 163
​ 271 163
​ 272 163
​ 273 163
​ 274 163
​ 275 163
​ 276 163
​ 277 163
​ 278 163
​ 279 163
​ 280 163
​ 281 163
​ 282 163
​ 283 163
​ 284 163
​ 285 163
​ 286 163
​ 287 163
​ 288 163
​ 289 163
​ 290 163
​ 291 163
​ 292 163
​ 312 163
​ 313 163
​ 314 163
​ 315 163
​ 316 163
​ 317 163
​ 318 163
​ 319 163
​ 320 163
​ 321 163
​ 322 163
​ 323 163
​ 324 163
​ 325 163
​ 326 163
​ 327 163
​ 328 163
​ 183 164
​ 184 164
​ 185 164
​ 186 164
​ 187 164
​ 188 164
​ 189 164
​ 190 164
​ 191 164
​ 192 164
​ 193 164
​ 194 164
​ 195 164
​ 196 164
​ 197 164
​ 198 164
​ 219 164
​ 220 164
​ 221 164
​ 222 164
​ 223 164
​ 224 164
​ 225 164
​ 226 164
​ 227 164
​ 228 164
​ 229 164
​ 230 164
​ 231 164
​ 232 164
​ 233 164
​ 234 164
​ 235 164
​ 236 164
​ 237 164
​ 238 164
​ 239 164
​ 240 164
​ 241 164
​ 242 164
​ 243 164
​ 244 164
​ 245 164
​ 246 164
​ 247 164
​ 248 164
​ 249 164
​ 250 164
​ 251 164
​ 252 164
​ 253 164
​ 254 164
​ 255 164
​ 256 164
​ 257 164
​ 258 164
​ 259 164
​ 260 164
​ 261 164
​ 262 164
​ 263 164
​ 264 164
​ 265 164
​ 266 164
​ 267 164
​ 268 164
​ 269 164
​ 270 164
​ 271 164
​ 272 164
​ 273 164
​ 274 164
​ 275 164
​ 276 164
​ 277 164
​ 278 164
​ 279 164
​ 280 164
​ 281 164
​ 282 164
​ 283 164
​ 284 164
​ 285 164
​ 286 164
​ 287 164
​ 288 164
​ 289 164
​ 290 164
​ 291 164
​ 292 164
​ 312 164
​ 313 164
​ 314 164
​ 315 164
​ 316 164
​ 317 164
​ 318 164
​ 319 164
​ 320 164
​ 321 164
​ 322 164
​ 323 164
​ 324 164
​ 325 164
​ 326 164
​ 327 164
​ 328 164
​ 183 165
​ 184 165
​ 185 165
​ 186 165
​ 187 165
​ 188 165
​ 189 165
​ 190 165
​ 191 165
​ 192 165
​ 193 165
​ 194 165
​ 195 165
​ 196 165
​ 197 165
​ 198 165
​ 219 165
​ 220 165
​ 221 165
​ 222 165
​ 223 165
​ 224 165
​ 225 165
​ 226 165
​ 227 165
​ 228 165
​ 229 165
​ 230 165
​ 231 165
​ 232 165
​ 233 165
​ 234 165
​ 235 165
​ 236 165
​ 237 165
​ 238 165
​ 239 165
​ 240 165
​ 241 165
​ 242 165
​ 243 165
​ 244 165
​ 245 165
​ 246 165
​ 247 165
​ 248 165
​ 249 165
​ 250 165
​ 251 165
​ 252 165
​ 253 165
​ 254 165
​ 255 165
​ 256 165
​ 257 165
​ 258 165
​ 259 165
​ 260 165
​ 261 165
​ 262 165
​ 263 165
​ 264 165
​ 265 165
​ 266 165
​ 267 165
​ 268 165
​ 269 165
​ 270 165
​ 271 165
​ 272 165
​ 273 165
​ 274 165
​ 275 165
​ 276 165
​ 277 165
​ 278 165
​ 279 165
​ 280 165
​ 281 165
​ 282 165
​ 283 165
​ 284 165
​ 285 165
​ 286 165
​ 287 165
​ 288 165
​ 289 165
​ 290 165
​ 291 165
​ 292 165
​ 311 165
​ 312 165
​ 313 165
​ 314 165
​ 315 165
​ 316 165
​ 317 165
​ 318 165
​ 319 165
​ 320 165
​ 321 165
​ 322 165
​ 323 165
​ 324 165
​ 325 165
​ 326 165
​ 327 165
​ 328 165
​ 182 166
​ 185 166
​ 186 166
​ 187 166
​ 188 166
​ 189 166
​ 191 166
​ 192 166
​ 193 166
​ 194 166
​ 195 166
​ 196 166
​ 197 166
​ 198 166
​ 219 166
​ 220 166
​ 221 166
​ 222 166
​ 223 166
​ 224 166
​ 225 166
​ 226 166
​ 227 166
​ 228 166
​ 229 166
​ 230 166
​ 231 166
​ 232 166
​ 233 166
​ 234 166
​ 235 166
​ 236 166
​ 237 166
​ 238 166
​ 239 166
​ 240 166
​ 241 166
​ 242 166
​ 243 166
​ 244 166
​ 245 166
​ 246 166
​ 247 166
​ 248 166
​ 249 166
​ 250 166
​ 251 166
​ 252 166
​ 253 166
​ 254 166
​ 255 166
​ 256 166
​ 257 166
​ 258 166
​ 259 166
​ 260 166
​ 261 166
​ 262 166
​ 263 166
​ 264 166
​ 265 166
​ 266 166
​ 267 166
​ 268 166
​ 269 166
​ 270 166
​ 271 166
​ 272 166
​ 273 166
​ 274 166
​ 275 166
​ 276 166
​ 277 166
​ 278 166
​ 279 166
​ 280 166
​ 281 166
​ 282 166
​ 283 166
​ 284 166
​ 285 166
​ 286 166
​ 287 166
​ 288 166
​ 289 166
​ 290 166
​ 291 166
​ 292 166
​ 311 166
​ 312 166
​ 313 166
​ 314 166
​ 315 166
​ 316 166
​ 317 166
​ 318 166
​ 319 166
​ 320 166
​ 321 166
​ 322 166
​ 323 166
​ 324 166
​ 325 166
​ 326 166
​ 327 166
​ 328 166
​ 186 167
​ 187 167
​ 188 167
​ 190 167
​ 193 167
​ 194 167
​ 195 167
​ 196 167
​ 197 167
​ 198 167
​ 199 167
​ 219 167
​ 220 167
​ 221 167
​ 222 167
​ 223 167
​ 224 167
​ 225 167
​ 226 167
​ 227 167
​ 228 167
​ 229 167
​ 230 167
​ 231 167
​ 232 167
​ 233 167
​ 234 167
​ 235 167
​ 236 167
​ 237 167
​ 238 167
​ 239 167
​ 240 167
​ 241 167
​ 242 167
​ 243 167
​ 244 167
​ 245 167
​ 246 167
​ 247 167
​ 248 167
​ 249 167
​ 250 167
​ 251 167
​ 252 167
​ 253 167
​ 254 167
​ 255 167
​ 256 167
​ 257 167
​ 258 167
​ 259 167
​ 260 167
​ 261 167
​ 262 167
​ 263 167
​ 264 167
​ 265 167
​ 266 167
​ 267 167
​ 268 167
​ 269 167
​ 270 167
​ 271 167
​ 272 167
​ 273 167
​ 274 167
​ 275 167
​ 276 167
​ 277 167
​ 278 167
​ 279 167
​ 280 167
​ 281 167
​ 282 167
​ 283 167
​ 284 167
​ 285 167
​ 286 167
​ 287 167
​ 288 167
​ 289 167
​ 290 167
​ 291 167
​ 292 167
​ 311 167
​ 312 167
​ 313 167
​ 314 167
​ 315 167
​ 316 167
​ 317 167
​ 318 167
​ 319 167
​ 320 167
​ 321 167
​ 322 167
​ 323 167
​ 324 167
​ 325 167
​ 326 167
​ 327 167
​ 328 167
​ 185 168
​ 186 168
​ 187 168
​ 190 168
​ 191 168
​ 192 168
​ 193 168
​ 194 168
​ 195 168
​ 196 168
​ 197 168
​ 198 168
​ 199 168
​ 218 168
​ 219 168
​ 220 168
​ 221 168
​ 222 168
​ 223 168
​ 224 168
​ 225 168
​ 226 168
​ 227 168
​ 228 168
​ 229 168
​ 230 168
​ 231 168
​ 232 168
​ 233 168
​ 234 168
​ 235 168
​ 236 168
​ 237 168
​ 238 168
​ 239 168
​ 240 168
​ 241 168
​ 242 168
​ 243 168
​ 244 168
​ 245 168
​ 246 168
​ 247 168
​ 248 168
​ 249 168
​ 250 168
​ 251 168
​ 252 168
​ 253 168
​ 254 168
​ 255 168
​ 256 168
​ 257 168
​ 258 168
​ 259 168
​ 260 168
​ 261 168
​ 262 168
​ 263 168
​ 264 168
​ 265 168
​ 266 168
​ 267 168
​ 268 168
​ 269 168
​ 270 168
​ 271 168
​ 272 168
​ 273 168
​ 274 168
​ 275 168
​ 276 168
​ 277 168
​ 278 168
​ 279 168
​ 280 168
​ 281 168
​ 282 168
​ 283 168
​ 284 168
​ 285 168
​ 286 168
​ 287 168
​ 288 168
​ 289 168
​ 290 168
​ 291 168
​ 292 168
​ 311 168
​ 312 168
​ 313 168
​ 314 168
​ 315 168
​ 316 168
​ 317 168
​ 318 168
​ 319 168
​ 320 168
​ 321 168
​ 322 168
​ 323 168
​ 324 168
​ 325 168
​ 326 168
​ 327 168
​ 184 169
​ 185 169
​ 186 169
​ 188 169
​ 190 169
​ 191 169
​ 192 169
​ 193 169
​ 194 169
​ 195 169
​ 196 169
​ 197 169
​ 198 169
​ 199 169
​ 200 169
​ 218 169
​ 219 169
​ 220 169
​ 221 169
​ 222 169
​ 223 169
​ 224 169
​ 225 169
​ 226 169
​ 227 169
​ 228 169
​ 229 169
​ 230 169
​ 231 169
​ 232 169
​ 233 169
​ 234 169
​ 235 169
​ 236 169
​ 237 169
​ 238 169
​ 239 169
​ 240 169
​ 241 169
​ 242 169
​ 243 169
​ 244 169
​ 245 169
​ 246 169
​ 247 169
​ 248 169
​ 249 169
​ 250 169
​ 251 169
​ 252 169
​ 253 169
​ 254 169
​ 255 169
​ 256 169
​ 257 169
​ 258 169
​ 259 169
​ 260 169
​ 261 169
​ 262 169
​ 263 169
​ 264 169
​ 265 169
​ 266 169
​ 267 169
​ 268 169
​ 269 169
​ 270 169
​ 271 169
​ 272 169
​ 273 169
​ 274 169
​ 275 169
​ 276 169
​ 277 169
​ 278 169
​ 279 169
​ 280 169
​ 281 169
​ 282 169
​ 283 169
​ 284 169
​ 285 169
​ 286 169
​ 287 169
​ 288 169
​ 289 169
​ 290 169
​ 291 169
​ 292 169
​ 310 169
​ 311 169
​ 312 169
​ 313 169
​ 314 169
​ 315 169
​ 316 169
​ 317 169
​ 318 169
​ 319 169
​ 320 169
​ 321 169
​ 322 169
​ 323 169
​ 324 169
​ 325 169
​ 326 169
​ 327 169
​ 194 170
​ 195 170
​ 196 170
​ 197 170
​ 198 170
​ 199 170
​ 218 170
​ 219 170
​ 220 170
​ 221 170
​ 222 170
​ 223 170
​ 224 170
​ 225 170
​ 226 170
​ 227 170
​ 228 170
​ 229 170
​ 230 170
​ 231 170
​ 232 170
​ 233 170
​ 234 170
​ 235 170
​ 236 170
​ 237 170
​ 238 170
​ 239 170
​ 240 170
​ 241 170
​ 242 170
​ 243 170
​ 244 170
​ 245 170
​ 246 170
​ 247 170
​ 248 170
​ 249 170
​ 250 170
​ 251 170
​ 252 170
​ 253 170
​ 254 170
​ 255 170
​ 256 170
​ 257 170
​ 258 170
​ 259 170
​ 260 170
​ 261 170
​ 262 170
​ 263 170
​ 264 170
​ 265 170
​ 266 170
​ 267 170
​ 268 170
​ 269 170
​ 270 170
​ 271 170
​ 272 170
​ 273 170
​ 274 170
​ 275 170
​ 276 170
​ 277 170
​ 278 170
​ 279 170
​ 280 170
​ 281 170
​ 282 170
​ 283 170
​ 284 170
​ 285 170
​ 286 170
​ 287 170
​ 288 170
​ 289 170
​ 290 170
​ 291 170
​ 292 170
​ 310 170
​ 311 170
​ 312 170
​ 313 170
​ 314 170
​ 315 170
​ 316 170
​ 317 170
​ 318 170
​ 319 170
​ 320 170
​ 321 170
​ 322 170
​ 323 170
​ 324 170
​ 325 170
​ 326 170
​ 195 171
​ 196 171
​ 197 171
​ 198 171
​ 199 171
​ 200 171
​ 218 171
​ 219 171
​ 220 171
​ 221 171
​ 222 171
​ 223 171
​ 224 171
​ 225 171
​ 226 171
​ 227 171
​ 228 171
​ 229 171
​ 230 171
​ 231 171
​ 232 171
​ 233 171
​ 234 171
​ 235 171
​ 236 171
​ 237 171
​ 238 171
​ 239 171
​ 240 171
​ 241 171
​ 242 171
​ 243 171
​ 244 171
​ 245 171
​ 246 171
​ 247 171
​ 248 171
​ 249 171
​ 250 171
​ 251 171
​ 252 171
​ 253 171
​ 254 171
​ 255 171
​ 256 171
​ 257 171
​ 258 171
​ 259 171
​ 260 171
​ 261 171
​ 262 171
​ 263 171
​ 264 171
​ 265 171
​ 266 171
​ 267 171
​ 268 171
​ 269 171
​ 270 171
​ 271 171
​ 272 171
​ 273 171
​ 274 171
​ 275 171
​ 276 171
​ 277 171
​ 278 171
​ 279 171
​ 280 171
​ 281 171
​ 282 171
​ 283 171
​ 284 171
​ 285 171
​ 286 171
​ 287 171
​ 288 171
​ 289 171
​ 290 171
​ 291 171
​ 292 171
​ 309 171
​ 310 171
​ 311 171
​ 312 171
​ 313 171
​ 314 171
​ 315 171
​ 316 171
​ 317 171
​ 318 171
​ 319 171
​ 320 171
​ 321 171
​ 322 171
​ 323 171
​ 324 171
​ 196 172
​ 198 172
​ 199 172
​ 200 172
​ 219 172
​ 220 172
​ 221 172
​ 222 172
​ 223 172
​ 224 172
​ 225 172
​ 226 172
​ 227 172
​ 228 172
​ 229 172
​ 230 172
​ 231 172
​ 232 172
​ 233 172
​ 234 172
​ 235 172
​ 236 172
​ 237 172
​ 238 172
​ 239 172
​ 240 172
​ 241 172
​ 242 172
​ 243 172
​ 244 172
​ 245 172
​ 246 172
​ 247 172
​ 248 172
  249 172
  250 172
  251 172
  252 172
  253 172
  254 172
  255 172
  256 172
  257 172
  258 172
  259 172
  260 172
  261 172
  262 172
  263 172
  264 172
  265 172
  266 172
  267 172
  268 172
  269 172
  270 172
  271 172
  272 172
  273 172
  274 172
  275 172
  276 172
  277 172
  278 172
  279 172
  280 172
  281 172
  282 172
  283 172
  284 172
  285 172
  286 172
  287 172
  288 172
  289 172
  290 172
  291 172
  292 172
  309 172
  310 172
  311 172
  312 172
  313 172
  314 172
  315 172
  316 172
  317 172
  318 172
  319 172
  320 172
  321 172
  219 173
  220 173
  221 173
  222 173
  223 173
  224 173
  225 173
  226 173
  227 173
  228 173
  229 173
  230 173
  231 173
  232 173
  233 173
  234 173
  235 173
  236 173
  237 173
  238 173
  239 173
  240 173
  241 173
  242 173
  243 173
  244 173
  245 173
  246 173
  247 173
​ 248 173
​ 249 173
​ 250 173
​ 251 173
​ 252 173
​ 253 173
​ 254 173
​ 255 173
​ 256 173
​ 257 173
​ 258 173
​ 259 173
​ 260 173
​ 261 173
​ 262 173
​ 263 173
​ 264 173
​ 265 173
​ 266 173
​ 267 173
​ 268 173
​ 269 173
​ 270 173
​ 271 173
​ 272 173
​ 273 173
​ 274 173
​ 275 173
​ 276 173
​ 277 173
​ 278 173
​ 279 173
​ 280 173
​ 281 173
​ 282 173
​ 283 173
​ 284 173
​ 285 173
​ 286 173
​ 287 173
​ 288 173
​ 289 173
​ 290 173
​ 291 173
​ 292 173
​ 293 173
​ 309 173
​ 310 173
​ 311 173
​ 312 173
​ 313 173
​ 314 173
​ 315 173
​ 316 173
​ 317 173
​ 318 173
​ 319 173
​ 320 173
​ 218 174
​ 219 174
​ 220 174
​ 221 174
​ 222 174
​ 223 174
​ 224 174
​ 225 174
​ 226 174
​ 227 174
​ 228 174
​ 229 174
​ 230 174
​ 231 174
​ 232 174
​ 233 174
​ 234 174
​ 235 174
​ 236 174
​ 237 174
​ 238 174
​ 239 174
​ 240 174
​ 241 174
​ 242 174
​ 243 174
​ 244 174
​ 245 174
​ 246 174
​ 247 174
​ 248 174
​ 249 174
​ 250 174
​ 251 174
​ 252 174
​ 253 174
​ 254 174
​ 255 174
​ 256 174
​ 257 174
​ 258 174
​ 259 174
​ 260 174
​ 261 174
​ 262 174
​ 263 174
​ 264 174
​ 265 174
​ 266 174
​ 267 174
​ 268 174
​ 269 174
​ 270 174
​ 271 174
​ 272 174
​ 273 174
​ 274 174
​ 275 174
​ 276 174
​ 277 174
​ 278 174
​ 279 174
​ 280 174
​ 281 174
​ 282 174
​ 283 174
​ 284 174
​ 285 174
​ 286 174
​ 287 174
​ 288 174
​ 289 174
​ 290 174
​ 291 174
​ 292 174
​ 293 174
​ 308 174
​ 309 174
​ 310 174
​ 311 174
​ 312 174
​ 313 174
​ 314 174
​ 315 174
​ 317 174
​ 318 174
​ 319 174
​ 218 175
​ 219 175
​ 220 175
​ 223 175
​ 224 175
​ 225 175
​ 226 175
​ 227 175
​ 228 175
​ 229 175
​ 230 175
​ 231 175
​ 232 175
​ 233 175
​ 234 175
​ 235 175
​ 236 175
​ 237 175
​ 238 175
​ 239 175
​ 240 175
​ 241 175
​ 242 175
​ 243 175
​ 244 175
​ 245 175
​ 246 175
​ 247 175
​ 248 175
​ 249 175
​ 250 175
​ 251 175
​ 252 175
​ 253 175
​ 254 175
​ 255 175
​ 256 175
​ 257 175
​ 258 175
​ 259 175
​ 260 175
​ 261 175
​ 262 175
​ 263 175
​ 264 175
​ 265 175
​ 266 175
​ 267 175
​ 268 175
​ 269 175
​ 270 175
​ 271 175
​ 272 175
​ 273 175
​ 274 175
​ 275 175
​ 276 175
​ 277 175
​ 278 175
​ 279 175
​ 280 175
​ 281 175
​ 282 175
​ 283 175
​ 284 175
​ 285 175
​ 286 175
​ 287 175
​ 288 175
​ 289 175
​ 290 175
​ 291 175
​ 292 175
​ 293 175
​ 308 175
​ 309 175
​ 310 175
​ 312 175
​ 313 175
​ 314 175
​ 315 175
​ 317 175
​ 318 175
​ 218 176
​ 220 176
​ 221 176
​ 225 176
​ 226 176
​ 227 176
​ 228 176
​ 229 176
​ 230 176
​ 231 176
​ 232 176
​ 233 176
​ 234 176
​ 235 176
​ 236 176
​ 237 176
​ 238 176
​ 239 176
​ 240 176
​ 241 176
​ 242 176
​ 243 176
​ 244 176
​ 245 176
​ 246 176
​ 247 176
​ 248 176
​ 249 176
​ 250 176
​ 251 176
​ 252 176
​ 253 176
​ 254 176
​ 255 176
​ 256 176
​ 257 176
​ 258 176
​ 259 176
​ 260 176
​ 261 176
​ 262 176
​ 263 176
​ 264 176
​ 265 176
​ 266 176
​ 267 176
​ 268 176
​ 269 176
​ 270 176
​ 271 176
​ 272 176
​ 273 176
​ 274 176
​ 275 176
​ 276 176
​ 277 176
​ 278 176
​ 279 176
​ 280 176
​ 281 176
​ 282 176
​ 283 176
​ 284 176
​ 285 176
​ 286 176
​ 287 176
​ 288 176
​ 289 176
​ 290 176
​ 291 176
​ 292 176
​ 293 176
​ 308 176
​ 309 176
​ 310 176
​ 312 176
​ 313 176
​ 314 176
​ 218 177
​ 224 177
​ 225 177
​ 226 177
​ 227 177
​ 228 177
​ 229 177
​ 230 177
​ 231 177
​ 232 177
​ 233 177
​ 234 177
​ 235 177
​ 236 177
​ 237 177
​ 238 177
​ 239 177
​ 240 177
​ 241 177
​ 242 177
​ 243 177
​ 244 177
​ 245 177
​ 246 177
​ 247 177
​ 248 177
​ 249 177
​ 250 177
​ 251 177
​ 252 177
​ 253 177
​ 254 177
​ 255 177
​ 256 177
​ 257 177
​ 258 177
​ 259 177
​ 260 177
​ 261 177
​ 262 177
​ 263 177
​ 264 177
​ 265 177
​ 266 177
​ 267 177
​ 268 177
​ 269 177
​ 270 177
​ 271 177
​ 272 177
​ 273 177
​ 274 177
​ 275 177
​ 276 177
​ 277 177
​ 278 177
​ 279 177
​ 280 177
​ 281 177
​ 282 177
​ 283 177
​ 284 177
​ 285 177
​ 286 177
​ 287 177
​ 288 177
​ 289 177
​ 290 177
​ 291 177
​ 292 177
​ 293 177
​ 308 177
​ 309 177
​ 218 178
​ 223 178
​ 224 178
​ 225 178
​ 226 178
​ 227 178
​ 228 178
​ 229 178
​ 230 178
​ 231 178
​ 232 178
​ 233 178
​ 234 178
​ 235 178
​ 236 178
​ 237 178
​ 238 178
​ 239 178
​ 240 178
​ 241 178
​ 242 178
​ 243 178
​ 244 178
​ 245 178
​ 246 178
​ 247 178
​ 248 178
​ 249 178
​ 250 178
​ 251 178
​ 252 178
​ 253 178
​ 254 178
​ 255 178
​ 256 178
​ 257 178
​ 258 178
​ 259 178
​ 260 178
​ 261 178
​ 262 178
​ 263 178
​ 264 178
​ 265 178
​ 266 178
​ 267 178
​ 268 178
​ 269 178
​ 270 178
​ 271 178
​ 272 178
​ 273 178
​ 274 178
​ 275 178
​ 276 178
​ 277 178
​ 278 178
​ 279 178
​ 280 178
​ 281 178
​ 282 178
​ 283 178
​ 284 178
​ 285 178
​ 286 178
​ 287 178
​ 288 178
​ 289 178
​ 290 178
​ 291 178
​ 292 178
​ 293 178
​ 218 179
​ 226 179
​ 227 179
​ 228 179
​ 229 179
​ 230 179
​ 231 179
​ 232 179
​ 233 179
​ 234 179
​ 235 179
​ 236 179
​ 237 179
​ 238 179
​ 239 179
​ 240 179
​ 241 179
​ 242 179
​ 243 179
​ 244 179
​ 245 179
​ 246 179
​ 247 179
​ 248 179
​ 249 179
​ 250 179
​ 251 179
​ 252 179
​ 253 179
​ 254 179
​ 255 179
​ 256 179
​ 257 179
​ 258 179
​ 259 179
​ 260 179
​ 261 179
​ 262 179
​ 263 179
​ 264 179
​ 265 179
​ 266 179
​ 267 179
​ 268 179
​ 269 179
​ 270 179
​ 271 179
​ 272 179
​ 273 179
​ 274 179
​ 275 179
​ 276 179
​ 277 179
​ 278 179
​ 279 179
​ 280 179
​ 281 179
​ 282 179
​ 283 179
​ 284 179
​ 285 179
​ 286 179
​ 287 179
​ 288 179
​ 289 179
​ 290 179
​ 291 179
​ 292 179
​ 293 179
​ 226 180
​ 227 180
​ 228 180
​ 229 180
​ 230 180
​ 231 180
​ 232 180
​ 233 180
​ 234 180
​ 235 180
​ 236 180
​ 237 180
​ 238 180
​ 239 180
​ 240 180
​ 241 180
​ 242 180
​ 243 180
​ 244 180
​ 245 180
​ 246 180
​ 247 180
​ 248 180
​ 249 180
​ 250 180
​ 251 180
​ 252 180
​ 253 180
​ 254 180
​ 255 180
​ 256 180
​ 257 180
​ 258 180
​ 259 180
​ 260 180
​ 261 180
​ 262 180
​ 263 180
​ 264 180
​ 265 180
​ 266 180
​ 267 180
​ 268 180
​ 269 180
​ 270 180
​ 271 180
​ 272 180
​ 273 180
​ 274 180
​ 275 180
​ 276 180
​ 277 180
​ 278 180
​ 279 180
​ 280 180
​ 281 180
​ 282 180
​ 283 180
​ 284 180
​ 285 180
​ 286 180
​ 287 180
​ 288 180
​ 289 180
​ 290 180
​ 291 180
​ 292 180
​ 225 181
​ 226 181
​ 227 181
​ 228 181
​ 229 181
​ 230 181
​ 231 181
​ 232 181
​ 233 181
​ 234 181
​ 235 181
​ 236 181
​ 237 181
​ 238 181
​ 239 181
​ 240 181
​ 241 181
​ 242 181
​ 243 181
​ 244 181
​ 245 181
​ 246 181
​ 247 181
​ 248 181
​ 249 181
​ 250 181
​ 251 181
​ 252 181
​ 253 181
​ 254 181
​ 255 181
​ 256 181
​ 257 181
​ 258 181
​ 259 181
​ 260 181
​ 261 181
​ 262 181
​ 263 181
​ 264 181
​ 265 181
​ 266 181
​ 267 181
​ 268 181
​ 269 181
​ 270 181
​ 271 181
​ 272 181
​ 273 181
​ 274 181
​ 275 181
​ 276 181
​ 277 181
​ 278 181
​ 279 181
​ 280 181
​ 281 181
​ 282 181
​ 283 181
​ 284 181
​ 285 181
​ 286 181
​ 287 181
​ 288 181
​ 289 181
​ 290 181
​ 291 181
​ 292 181
​ 227 182
​ 228 182
​ 229 182
​ 230 182
​ 231 182
​ 232 182
​ 233 182
​ 234 182
​ 235 182
​ 236 182
​ 237 182
​ 238 182
​ 239 182
​ 240 182
​ 241 182
​ 242 182
​ 243 182
​ 244 182
​ 245 182
​ 246 182
​ 247 182
​ 248 182
​ 249 182
​ 250 182
​ 251 182
​ 252 182
​ 253 182
​ 254 182
​ 255 182
​ 256 182
​ 257 182
​ 258 182
​ 259 182
​ 260 182
​ 261 182
​ 262 182
​ 263 182
​ 264 182
​ 265 182
​ 266 182
​ 267 182
​ 268 182
​ 269 182
​ 270 182
​ 271 182
​ 272 182
​ 273 182
​ 274 182
​ 275 182
​ 276 182
​ 277 182
​ 278 182
​ 279 182
​ 280 182
​ 281 182
​ 282 182
​ 283 182
​ 284 182
​ 285 182
​ 286 182
​ 287 182
​ 288 182
​ 289 182
​ 290 182
​ 291 182
​ 292 182
​ 227 183
​ 228 183
​ 229 183
​ 230 183
​ 231 183
​ 232 183
​ 233 183
​ 234 183
​ 235 183
​ 236 183
​ 237 183
​ 238 183
​ 239 183
​ 240 183
​ 241 183
​ 242 183
​ 243 183
​ 244 183
​ 245 183
​ 246 183
​ 247 183
​ 248 183
​ 249 183
​ 250 183
​ 251 183
​ 252 183
​ 253 183
​ 254 183
​ 255 183
​ 256 183
​ 257 183
​ 258 183
​ 259 183
​ 260 183
​ 261 183
​ 262 183
​ 263 183
​ 264 183
​ 265 183
​ 266 183
​ 267 183
​ 268 183
​ 269 183
​ 270 183
​ 271 183
​ 272 183
​ 273 183
​ 274 183
​ 275 183
​ 276 183
​ 277 183
​ 278 183
​ 279 183
​ 280 183
​ 281 183
​ 282 183
​ 283 183
​ 284 183
​ 285 183
​ 286 183
​ 287 183
​ 288 183
​ 289 183
​ 290 183
​ 291 183
​ 292 183
​ 226 184
​ 227 184
​ 228 184
​ 229 184
​ 230 184
​ 231 184
​ 232 184
​ 233 184
​ 234 184
​ 235 184
​ 236 184
​ 237 184
​ 238 184
​ 239 184
​ 240 184
​ 241 184
​ 242 184
​ 243 184
​ 244 184
​ 245 184
​ 246 184
​ 247 184
​ 248 184
​ 249 184
​ 250 184
​ 251 184
​ 252 184
​ 253 184
​ 254 184
​ 255 184
​ 256 184
​ 257 184
​ 258 184
​ 259 184
​ 260 184
​ 261 184
​ 262 184
​ 263 184
​ 264 184
​ 265 184
​ 266 184
​ 267 184
​ 268 184
​ 269 184
​ 270 184
​ 271 184
​ 272 184
​ 273 184
​ 274 184
​ 275 184
​ 276 184
​ 277 184
​ 278 184
​ 279 184
​ 280 184
​ 281 184
​ 282 184
​ 283 184
​ 284 184
​ 285 184
​ 286 184
​ 287 184
​ 288 184
​ 289 184
​ 290 184
​ 291 184
​ 292 184
​ 293 184
​ 227 185
​ 228 185
​ 229 185
​ 230 185
​ 231 185
​ 232 185
​ 233 185
​ 234 185
​ 235 185
​ 236 185
​ 237 185
​ 238 185
​ 239 185
​ 240 185
​ 241 185
​ 242 185
​ 243 185
​ 244 185
​ 245 185
​ 246 185
​ 247 185
​ 248 185
​ 249 185
​ 250 185
​ 251 185
​ 252 185
​ 253 185
​ 254 185
​ 255 185
​ 256 185
​ 257 185
​ 258 185
​ 259 185
​ 260 185
​ 261 185
​ 262 185
​ 263 185
​ 264 185
​ 265 185
​ 266 185
​ 267 185
​ 268 185
​ 269 185
​ 270 185
​ 271 185
​ 272 185
​ 273 185
​ 274 185
​ 275 185
​ 276 185
​ 277 185
​ 278 185
​ 279 185
​ 280 185
​ 281 185
​ 282 185
​ 283 185
​ 284 185
​ 285 185
​ 286 185
​ 287 185
​ 288 185
​ 289 185
​ 290 185
​ 291 185
​ 292 185
​ 293 185
​ 227 186
​ 228 186
​ 229 186
​ 230 186
​ 231 186
​ 232 186
​ 233 186
​ 234 186
​ 235 186
​ 236 186
​ 237 186
​ 238 186
​ 239 186
​ 240 186
​ 241 186
​ 242 186
​ 243 186
​ 244 186
​ 245 186
​ 246 186
​ 247 186
​ 248 186
​ 249 186
​ 250 186
​ 251 186
​ 252 186
​ 253 186
​ 254 186
​ 255 186
​ 256 186
​ 257 186
​ 258 186
​ 259 186
​ 260 186
​ 261 186
​ 262 186
​ 263 186
​ 264 186
​ 265 186
​ 266 186
​ 267 186
​ 268 186
​ 269 186
​ 270 186
​ 271 186
​ 272 186
​ 273 186
​ 274 186
​ 275 186
​ 276 186
​ 277 186
​ 278 186
​ 279 186
​ 280 186
​ 281 186
​ 282 186
​ 283 186
​ 284 186
​ 285 186
​ 286 186
​ 287 186
​ 288 186
​ 289 186
​ 290 186
​ 291 186
​ 292 186
​ 226 187
​ 227 187
​ 228 187
​ 229 187
​ 230 187
​ 231 187
​ 232 187
​ 233 187
​ 234 187
​ 235 187
​ 236 187
​ 237 187
​ 238 187
​ 239 187
​ 240 187
​ 241 187
​ 242 187
​ 243 187
​ 244 187
​ 245 187
​ 246 187
​ 247 187
​ 248 187
​ 249 187
​ 250 187
​ 251 187
​ 252 187
​ 253 187
​ 254 187
​ 255 187
​ 256 187
​ 257 187
​ 258 187
​ 259 187
​ 260 187
​ 261 187
​ 262 187
​ 263 187
​ 264 187
​ 265 187
​ 266 187
​ 267 187
​ 268 187
​ 269 187
​ 270 187
​ 271 187
​ 272 187
​ 273 187
​ 274 187
​ 275 187
​ 276 187
​ 277 187
​ 278 187
​ 279 187
​ 280 187
​ 281 187
​ 282 187
​ 283 187
​ 284 187
​ 285 187
​ 286 187
​ 287 187
​ 288 187
​ 289 187
​ 290 187
​ 291 187
​ 292 187
​ 226 188
​ 227 188
​ 228 188
​ 229 188
​ 230 188
​ 231 188
​ 232 188
​ 233 188
​ 234 188
​ 235 188
​ 236 188
​ 237 188
​ 238 188
​ 239 188
​ 240 188
​ 241 188
​ 242 188
​ 243 188
​ 244 188
​ 245 188
​ 246 188
​ 247 188
​ 248 188
​ 249 188
​ 250 188
​ 251 188
​ 252 188
​ 253 188
​ 254 188
​ 255 188
​ 256 188
​ 257 188
​ 258 188
​ 259 188
​ 260 188
​ 261 188
​ 262 188
​ 263 188
​ 264 188
​ 265 188
​ 266 188
​ 267 188
​ 268 188
​ 269 188
​ 270 188
​ 271 188
​ 272 188
​ 273 188
​ 274 188
​ 275 188
​ 276 188
​ 277 188
​ 278 188
​ 279 188
​ 280 188
​ 281 188
​ 282 188
​ 283 188
​ 284 188
​ 285 188
​ 286 188
​ 287 188
​ 288 188
​ 289 188
​ 290 188
​ 291 188
​ 292 188
​ 293 188
​ 227 189
​ 228 189
​ 229 189
​ 230 189
​ 231 189
​ 232 189
​ 233 189
​ 234 189
​ 235 189
​ 236 189
​ 237 189
​ 238 189
​ 239 189
​ 240 189
​ 241 189
​ 242 189
​ 243 189
​ 244 189
​ 245 189
​ 246 189
​ 247 189
​ 248 189
​ 249 189
​ 250 189
​ 251 189
​ 252 189
​ 253 189
​ 254 189
​ 255 189
​ 256 189
​ 257 189
​ 258 189
​ 259 189
​ 260 189
​ 261 189
​ 262 189
​ 263 189
​ 264 189
​ 265 189
​ 266 189
​ 267 189
​ 268 189
​ 269 189
​ 270 189
​ 271 189
​ 272 189
​ 273 189
​ 274 189
​ 275 189
​ 276 189
​ 277 189
​ 278 189
​ 279 189
​ 280 189
​ 281 189
​ 282 189
​ 283 189
​ 284 189
​ 285 189
​ 286 189
​ 287 189
​ 288 189
​ 289 189
​ 290 189
​ 291 189
​ 292 189
​ 293 189
​ 227 190
​ 228 190
​ 229 190
​ 230 190
​ 231 190
​ 232 190
​ 233 190
​ 234 190
​ 235 190
​ 236 190
​ 237 190
​ 238 190
​ 239 190
​ 240 190
​ 241 190
​ 242 190
​ 243 190
​ 244 190
​ 245 190
​ 246 190
​ 247 190
​ 248 190
​ 249 190
​ 250 190
​ 251 190
​ 252 190
​ 253 190
​ 254 190
​ 255 190
​ 256 190
​ 257 190
​ 258 190
​ 259 190
​ 260 190
​ 261 190
​ 262 190
​ 263 190
​ 264 190
​ 265 190
​ 266 190
​ 267 190
​ 268 190
​ 269 190
​ 270 190
​ 271 190
​ 272 190
​ 273 190
​ 274 190
​ 275 190
​ 276 190
​ 277 190
​ 278 190
​ 279 190
​ 280 190
​ 281 190
​ 282 190
​ 283 190
​ 284 190
​ 285 190
​ 286 190
​ 287 190
​ 288 190
​ 289 190
​ 290 190
​ 291 190
​ 292 190
​ 293 190
​ 226 191
​ 227 191
​ 228 191
​ 229 191
​ 230 191
​ 231 191
​ 232 191
​ 233 191
​ 234 191
​ 235 191
​ 236 191
​ 237 191
​ 238 191
​ 239 191
​ 240 191
​ 241 191
​ 242 191
​ 243 191
​ 244 191
​ 245 191
​ 246 191
​ 247 191
​ 248 191
​ 249 191
​ 250 191
​ 251 191
​ 252 191
​ 253 191
​ 254 191
​ 255 191
​ 256 191
​ 257 191
​ 258 191
​ 259 191
​ 260 191
​ 261 191
​ 262 191
​ 263 191
​ 264 191
​ 265 191
​ 266 191
​ 267 191
​ 268 191
​ 269 191
​ 270 191
​ 271 191
​ 272 191
​ 273 191
​ 274 191
​ 275 191
​ 276 191
​ 277 191
​ 278 191
​ 279 191
​ 280 191
​ 281 191
​ 282 191
​ 283 191
​ 284 191
​ 285 191
​ 286 191
​ 287 191
​ 288 191
​ 289 191
​ 290 191
​ 291 191
​ 292 191
​ 227 192
​ 229 192
​ 230 192
​ 231 192
​ 232 192
​ 233 192
​ 234 192
​ 235 192
​ 236 192
​ 237 192
​ 238 192
​ 239 192
​ 240 192
​ 241 192
​ 242 192
​ 243 192
​ 244 192
​ 245 192
​ 246 192
​ 247 192
​ 248 192
​ 249 192
​ 250 192
​ 251 192
​ 252 192
​ 253 192
​ 254 192
​ 255 192
​ 256 192
​ 257 192
​ 258 192
​ 259 192
​ 260 192
​ 261 192
​ 262 192
​ 263 192
​ 264 192
​ 265 192
​ 266 192
​ 267 192
​ 268 192
​ 269 192
​ 270 192
​ 271 192
​ 272 192
​ 273 192
​ 274 192
​ 275 192
​ 276 192
​ 277 192
​ 278 192
​ 279 192
​ 280 192
​ 281 192
​ 282 192
​ 283 192
​ 284 192
​ 285 192
​ 286 192
​ 287 192
​ 288 192
​ 289 192
​ 290 192
​ 291 192
​ 292 192
​ 228 193
​ 229 193
​ 230 193
​ 231 193
​ 232 193
​ 233 193
​ 234 193
​ 235 193
​ 236 193
​ 237 193
​ 238 193
​ 239 193
​ 240 193
​ 241 193
​ 242 193
​ 243 193
​ 244 193
​ 245 193
​ 246 193
​ 247 193
​ 248 193
​ 249 193
​ 250 193
​ 251 193
​ 252 193
​ 253 193
​ 254 193
​ 255 193
​ 256 193
​ 257 193
​ 258 193
​ 259 193
​ 260 193
​ 261 193
​ 262 193
​ 263 193
​ 264 193
​ 265 193
​ 266 193
​ 267 193
​ 268 193
​ 269 193
​ 270 193
​ 271 193
​ 272 193
​ 273 193
​ 274 193
​ 275 193
​ 276 193
​ 277 193
​ 278 193
​ 279 193
​ 280 193
​ 281 193
​ 282 193
​ 283 193
​ 284 193
​ 285 193
​ 286 193
​ 287 193
​ 288 193
​ 289 193
​ 290 193
​ 291 193
​ 292 193
​ 227 194
​ 228 194
​ 229 194
​ 230 194
​ 231 194
​ 232 194
​ 233 194
​ 234 194
​ 235 194
​ 236 194
​ 237 194
​ 238 194
​ 239 194
​ 240 194
​ 241 194
​ 242 194
​ 243 194
​ 244 194
​ 245 194
​ 246 194
​ 247 194
​ 248 194
​ 249 194
​ 250 194
​ 251 194
​ 252 194
​ 253 194
​ 254 194
​ 255 194
​ 256 194
​ 257 194
​ 258 194
​ 259 194
​ 260 194
​ 261 194
​ 262 194
​ 263 194
​ 264 194
​ 265 194
​ 266 194
​ 267 194
​ 268 194
​ 269 194
​ 270 194
​ 271 194
​ 272 194
​ 273 194
​ 274 194
​ 275 194
​ 276 194
​ 277 194
​ 278 194
​ 279 194
​ 280 194
​ 281 194
​ 282 194
​ 283 194
​ 284 194
​ 285 194
​ 286 194
​ 287 194
​ 288 194
​ 289 194
​ 290 194
​ 291 194
​ 292 194
​ 227 195
​ 230 195
​ 231 195
​ 232 195
​ 233 195
​ 234 195
​ 235 195
​ 236 195
​ 237 195
​ 238 195
​ 239 195
​ 240 195
​ 241 195
​ 242 195
​ 243 195
​ 244 195
​ 245 195
​ 246 195
​ 247 195
​ 248 195
​ 249 195
​ 250 195
​ 251 195
​ 252 195
​ 253 195
​ 254 195
​ 255 195
​ 256 195
​ 257 195
​ 258 195
​ 259 195
​ 260 195
​ 261 195
​ 262 195
​ 263 195
​ 264 195
​ 265 195
​ 266 195
​ 267 195
​ 268 195
​ 269 195
​ 270 195
​ 271 195
​ 272 195
​ 273 195
​ 274 195
​ 275 195
​ 276 195
​ 277 195
​ 278 195
​ 279 195
​ 280 195
​ 281 195
​ 282 195
​ 283 195
​ 284 195
​ 285 195
​ 286 195
​ 287 195
​ 288 195
​ 289 195
​ 290 195
​ 291 195
​ 292 195
​ 293 195
​ 232 196
​ 233 196
​ 234 196
​ 235 196
​ 236 196
​ 237 196
​ 238 196
​ 239 196
​ 240 196
​ 241 196
​ 242 196
​ 243 196
​ 244 196
​ 245 196
​ 246 196
​ 247 196
​ 248 196
​ 249 196
​ 250 196
​ 251 196
​ 252 196
​ 253 196
​ 254 196
​ 255 196
​ 256 196
​ 257 196
​ 258 196
​ 259 196
​ 260 196
​ 261 196
​ 262 196
​ 263 196
​ 264 196
​ 265 196
​ 266 196
​ 267 196
​ 268 196
​ 269 196
​ 270 196
​ 271 196
​ 272 196
​ 273 196
​ 274 196
​ 275 196
​ 276 196
​ 277 196
​ 278 196
​ 279 196
​ 280 196
​ 281 196
​ 282 196
​ 283 196
​ 284 196
​ 285 196
​ 286 196
​ 287 196
​ 288 196
​ 289 196
​ 290 196
​ 291 196
​ 292 196
​ 229 197
​ 232 197
​ 233 197
​ 234 197
​ 235 197
​ 236 197
​ 237 197
​ 238 197
​ 239 197
​ 240 197
​ 241 197
​ 242 197
​ 243 197
​ 244 197
​ 245 197
​ 246 197
​ 247 197
​ 248 197
​ 249 197
​ 250 197
​ 251 197
​ 252 197
​ 253 197
​ 254 197
​ 255 197
​ 256 197
​ 257 197
​ 258 197
​ 259 197
​ 260 197
​ 261 197
​ 262 197
​ 263 197
​ 264 197
​ 265 197
​ 266 197
​ 267 197
​ 268 197
​ 269 197
​ 270 197
​ 271 197
​ 272 197
​ 273 197
​ 274 197
​ 275 197
​ 276 197
​ 277 197
​ 278 197
​ 279 197
​ 280 197
​ 281 197
​ 282 197
​ 283 197
​ 284 197
​ 285 197
​ 286 197
​ 287 197
​ 288 197
​ 289 197
​ 290 197
​ 291 197
​ 292 197
​ 226 198
​ 229 198
​ 231 198
​ 232 198
​ 233 198
​ 234 198
​ 235 198
​ 236 198
​ 237 198
​ 238 198
​ 239 198
​ 240 198
​ 241 198
​ 242 198
​ 243 198
​ 244 198
​ 245 198
​ 246 198
​ 247 198
​ 248 198
​ 249 198
​ 250 198
​ 251 198
​ 252 198
​ 253 198
​ 254 198
​ 255 198
​ 256 198
​ 257 198
​ 258 198
​ 259 198
​ 260 198
​ 261 198
​ 262 198
​ 263 198
​ 264 198
​ 265 198
​ 266 198
​ 267 198
​ 268 198
​ 269 198
​ 270 198
​ 271 198
​ 272 198
​ 273 198
​ 274 198
​ 275 198
​ 276 198
​ 277 198
​ 278 198
​ 279 198
​ 280 198
​ 281 198
​ 282 198
​ 283 198
​ 284 198
​ 285 198
​ 286 198
​ 287 198
​ 288 198
​ 289 198
​ 290 198
​ 291 198
​ 292 198
​ 293 198
​ 231 199
​ 232 199
​ 233 199
​ 234 199
​ 235 199
​ 236 199
​ 237 199
​ 238 199
​ 239 199
​ 240 199
​ 241 199
​ 242 199
​ 243 199
​ 244 199
​ 245 199
​ 246 199
​ 247 199
​ 248 199
​ 249 199
​ 250 199
​ 251 199
​ 252 199
​ 253 199
​ 254 199
​ 255 199
​ 256 199
​ 257 199
​ 258 199
​ 259 199
​ 260 199
​ 261 199
​ 262 199
​ 263 199
​ 264 199
​ 265 199
​ 266 199
​ 267 199
​ 268 199
​ 269 199
​ 270 199
​ 271 199
​ 272 199
​ 273 199
​ 274 199
​ 275 199
​ 276 199
​ 277 199
​ 278 199
​ 279 199
​ 280 199
​ 281 199
​ 282 199
​ 283 199
​ 284 199
​ 285 199
​ 286 199
​ 287 199
​ 288 199
​ 289 199
​ 290 199
​ 291 199
​ 292 199
​ 293 199
​ 228 200
​ 229 200
​ 231 200
​ 232 200
​ 233 200
​ 234 200
​ 235 200
​ 236 200
​ 237 200
​ 238 200
​ 239 200
​ 240 200
​ 241 200
​ 242 200
​ 243 200
​ 244 200
​ 245 200
​ 246 200
​ 247 200
​ 248 200
​ 249 200
​ 250 200
​ 251 200
​ 252 200
​ 253 200
​ 254 200
​ 255 200
​ 256 200
​ 257 200
​ 258 200
​ 259 200
​ 260 200
​ 261 200
​ 262 200
​ 263 200
​ 264 200
​ 265 200
​ 266 200
​ 267 200
​ 268 200
​ 269 200
​ 270 200
​ 271 200
​ 272 200
​ 273 200
​ 274 200
​ 275 200
​ 276 200
​ 277 200
​ 278 200
​ 279 200
​ 280 200
​ 281 200
​ 282 200
​ 283 200
​ 284 200
​ 285 200
​ 286 200
​ 287 200
​ 288 200
​ 289 200
​ 290 200
​ 291 200
​ 292 200
​ 293 200
​ 228 201
​ 229 201
​ 230 201
​ 231 201
​ 234 201
​ 235 201
​ 236 201
​ 237 201
​ 238 201
​ 239 201
​ 240 201
​ 241 201
​ 242 201
​ 243 201
​ 244 201
​ 245 201
​ 246 201
​ 247 201
​ 248 201
​ 249 201
​ 250 201
​ 251 201
​ 252 201
​ 253 201
​ 254 201
​ 255 201
​ 256 201
​ 257 201
​ 258 201
​ 259 201
​ 260 201
​ 261 201
​ 262 201
​ 263 201
​ 264 201
​ 265 201
​ 266 201
​ 267 201
​ 268 201
​ 269 201
​ 270 201
​ 271 201
​ 272 201
​ 273 201
​ 274 201
​ 275 201
​ 276 201
​ 277 201
​ 278 201
​ 279 201
​ 280 201
​ 281 201
​ 282 201
​ 283 201
​ 284 201
​ 285 201
​ 286 201
​ 287 201
​ 288 201
​ 289 201
​ 290 201
​ 291 201
​ 292 201
​ 293 201
​ 228 202
​ 229 202
​ 230 202
​ 231 202
​ 233 202
​ 234 202
​ 235 202
​ 236 202
​ 237 202
​ 238 202
​ 239 202
​ 240 202
​ 241 202
​ 242 202
​ 243 202
​ 244 202
​ 245 202
​ 246 202
​ 247 202
​ 248 202
​ 249 202
​ 250 202
​ 251 202
​ 252 202
​ 253 202
​ 254 202
​ 255 202
​ 256 202
​ 257 202
​ 258 202
​ 259 202
​ 260 202
​ 261 202
​ 262 202
​ 263 202
​ 264 202
​ 265 202
​ 266 202
​ 267 202
​ 268 202
​ 269 202
​ 270 202
​ 271 202
​ 272 202
​ 273 202
​ 274 202
​ 275 202
​ 276 202
​ 277 202
​ 278 202
​ 279 202
​ 280 202
​ 281 202
​ 282 202
​ 283 202
​ 284 202
​ 285 202
​ 286 202
​ 287 202
​ 288 202
​ 289 202
​ 290 202
​ 291 202
​ 292 202
​ 293 202
​ 227 203
​ 228 203
​ 229 203
​ 230 203
​ 231 203
​ 232 203
​ 236 203
​ 237 203
​ 238 203
​ 239 203
​ 240 203
​ 241 203
​ 242 203
​ 243 203
​ 244 203
​ 245 203
​ 246 203
​ 247 203
​ 248 203
​ 249 203
​ 250 203
​ 251 203
​ 252 203
​ 253 203
​ 254 203
​ 255 203
​ 256 203
​ 257 203
​ 258 203
​ 259 203
​ 260 203
​ 261 203
​ 262 203
​ 263 203
​ 264 203
​ 265 203
​ 266 203
​ 267 203
​ 268 203
​ 269 203
​ 270 203
​ 271 203
​ 272 203
​ 273 203
​ 274 203
​ 275 203
​ 276 203
​ 277 203
​ 278 203
​ 279 203
​ 280 203
​ 281 203
​ 282 203
​ 283 203
​ 284 203
​ 285 203
​ 286 203
​ 287 203
​ 288 203
​ 289 203
​ 290 203
​ 291 203
​ 292 203
​ 246 204
​ 247 204
​ 248 204
​ 249 204
​ 250 204
​ 251 204
​ 252 204
​ 253 204
​ 254 204
​ 255 204
​ 256 204
​ 257 204
​ 258 204
​ 259 204
​ 260 204
​ 261 204
​ 262 204
​ 263 204
​ 264 204
​ 265 204
​ 266 204
​ 267 204
​ 268 204
​ 269 204
​ 270 204
​ 271 204
​ 272 204
​ 273 204
​ 274 204
​ 275 204
​ 276 204
​ 281 204
​ 293 221
​ 232 222
​ 234 222
​ 235 222
​ 236 222
​ 237 222
​ 239 222
​ 243 222
​ 245 222
​ 247 222
​ 249 222
​ 250 222
​ 252 222
​ 255 222
​ 256 222
​ 260 222
​ 262 222
​ 263 222
​ 265 222
​ 274 222
​ 275 222
​ 276 222
​ 277 222
​ 278 222
​ 279 222
​ 280 222
​ 281 222
​ 282 222
​ 283 222
​ 284 222
​ 285 222
​ 286 222
​ 287 222
​ 288 222
​ 289 222
​ 290 222
​ 291 222
​ 292 222
​ 293 222
​ 230 223
​ 231 223
​ 232 223
​ 233 223
​ 234 223
​ 235 223
​ 236 223
​ 237 223
​ 238 223
​ 239 223
​ 240 223
​ 241 223
​ 242 223
​ 245 223
​ 246 223
​ 247 223
​ 249 223
​ 253 223
​ 263 223
​ 285 223
​ 286 223
​ 287 223
​ 288 223
​ 289 223
​ 290 223
​ 291 223
​ 292 223
​ 293 223
​ 226 224
​ 227 224
​ 228 224
​ 229 224
​ 230 224
​ 231 224
​ 232 224
​ 234 224
​ 235 224
​ 243 224
​ 245 224
​ 246 224
​ 286 224
​ 287 224
​ 289 224
​ 290 224
​ 291 224
​ 292 224
​ 293 224
​ 223 225
​ 224 225
​ 225 225
​ 226 225
​ 227 225
​ 228 225
​ 229 225
​ 230 225
​ 233 225
​ 234 225
​ 239 225
​ 242 225
​ 243 225
​ 244 225
​ 245 225
​ 248 225
​ 286 225
​ 289 225
​ 290 225
​ 291 225
​ 292 225
​ 293 225
​ 221 226
​ 222 226
​ 223 226
​ 224 226
​ 225 226
​ 226 226
​ 227 226
​ 228 226
​ 233 226
​ 234 226
​ 235 226
​ 236 226
​ 242 226
​ 244 226
​ 245 226
​ 287 226
​ 288 226
​ 289 226
​ 290 226
​ 291 226
​ 292 226
​ 293 226
​ 220 227
​ 221 227
​ 222 227
​ 223 227
​ 224 227
​ 225 227
​ 226 227
​ 227 227
​ 228 227
​ 240 227
​ 242 227
​ 243 227
​ 289 227
​ 290 227
​ 291 227
​ 292 227
​ 293 227
​ 219 228
​ 220 228
​ 221 228
​ 222 228
​ 223 228
​ 224 228
​ 236 228
​ 240 228
​ 241 228
​ 243 228
​ 291 228
​ 292 228
​ 293 228
​ 219 229
​ 220 229
​ 221 229
​ 222 229
​ 228 229
​ 235 229
​ 291 229
​ 292 229
​ 293 229
​ 218 230
​ 219 230
​ 220 230
​ 221 230
​ 222 230
​ 223 230
​ 231 230
​ 232 230
​ 290 230
​ 291 230
​ 292 230
​ 293 230
​ 217 231
​ 218 231
​ 219 231
​ 220 231
​ 221 231
​ 222 231
​ 223 231
​ 224 231
​ 227 231
​ 228 231
​ 229 231
​ 230 231
​ 231 231
​ 255 231
​ 289 231
​ 290 231
​ 291 231
​ 292 231
​ 293 231
​ 217 232
​ 218 232
​ 219 232
​ 220 232
​ 221 232
​ 222 232
​ 223 232
​ 224 232
​ 225 232
​ 226 232
​ 227 232
​ 228 232
​ 229 232
​ 230 232
​ 231 232
​ 232 232
​ 233 232
​ 234 232
​ 235 232
​ 236 232
​ 237 232
​ 238 232
​ 239 232
​ 243 232
​ 244 232
​ 245 232
​ 248 232
​ 250 232
​ 251 232
​ 252 232
​ 255 232
​ 256 232
​ 266 232
​ 267 232
​ 277 232
​ 278 232
​ 284 232
​ 286 232
​ 289 232
​ 290 232
​ 291 232
​ 292 232
​ 293 232
​ 217 233
​ 218 233
​ 219 233
​ 220 233
​ 221 233
​ 222 233
​ 223 233
​ 224 233
​ 225 233
​ 226 233
​ 227 233
​ 228 233
​ 229 233
​ 230 233
​ 231 233
​ 232 233
​ 233 233
​ 234 233
​ 235 233
​ 236 233
​ 237 233
​ 238 233
​ 239 233
​ 240 233
​ 242 233
​ 243 233
​ 244 233
​ 246 233
​ 247 233
​ 248 233
​ 249 233
​ 250 233
​ 251 233
​ 253 233
​ 255 233
​ 256 233
​ 265 233
​ 267 233
​ 279 233
​ 284 233
​ 289 233
​ 290 233
​ 291 233
​ 292 233
​ 293 233
​ 217 234
​ 218 234
​ 219 234
​ 220 234
​ 221 234
​ 222 234
​ 223 234
​ 224 234
​ 225 234
​ 226 234
​ 227 234
​ 228 234
​ 229 234
​ 230 234
​ 231 234
​ 232 234
​ 233 234
​ 234 234
​ 235 234
​ 236 234
​ 237 234
​ 238 234
​ 239 234
​ 240 234
​ 241 234
​ 242 234
​ 246 234
​ 248 234
​ 249 234
​ 250 234
​ 252 234
​ 254 234
​ 255 234
​ 256 234
​ 257 234
​ 258 234
​ 265 234
​ 269 234
​ 280 234
​ 281 234
​ 285 234
​ 286 234
​ 287 234
​ 288 234
​ 289 234
​ 290 234
​ 291 234
​ 292 234
​ 293 234
​ 217 235
​ 218 235
​ 219 235
​ 220 235
​ 221 235
​ 222 235
​ 223 235
​ 224 235
​ 225 235
​ 226 235
​ 227 235
​ 228 235
​ 229 235
​ 231 235
​ 232 235
​ 233 235
​ 234 235
​ 235 235
​ 236 235
​ 237 235
​ 238 235
​ 239 235
​ 240 235
​ 242 235
​ 248 235
​ 254 235
​ 255 235
​ 256 235
​ 257 235
​ 263 235
​ 264 235
​ 266 235
​ 267 235
​ 280 235
​ 281 235
​ 286 235
​ 287 235
​ 288 235
​ 289 235
​ 290 235
​ 291 235
​ 292 235
​ 293 235
​ 217 236
​ 218 236
​ 219 236
​ 220 236
​ 221 236
​ 222 236
​ 223 236
​ 224 236
​ 225 236
​ 226 236
​ 227 236
​ 228 236
​ 229 236
​ 230 236
​ 231 236
​ 232 236
​ 233 236
​ 234 236
​ 236 236
​ 237 236
​ 238 236
​ 240 236
​ 248 236
​ 251 236
​ 252 236
​ 254 236
​ 255 236
​ 256 236
​ 257 236
​ 259 236
​ 260 236
​ 261 236
​ 262 236
​ 263 236
​ 264 236
​ 265 236
​ 266 236
​ 267 236
​ 276 236
​ 277 236
​ 278 236
​ 280 236
​ 281 236
​ 283 236
​ 286 236
​ 287 236
​ 288 236
​ 289 236
​ 290 236
​ 291 236
​ 292 236
​ 217 237
​ 218 237
​ 219 237
​ 220 237
​ 221 237
​ 222 237
​ 223 237
​ 224 237
​ 225 237
​ 226 237
​ 227 237
​ 229 237
​ 230 237
​ 231 237
​ 232 237
​ 233 237
​ 234 237
​ 235 237
​ 236 237
​ 237 237
​ 238 237
​ 239 237
​ 240 237
​ 241 237
​ 244 237
​ 245 237
​ 247 237
​ 248 237
​ 249 237
​ 251 237
​ 252 237
​ 253 237
​ 255 237
​ 257 237
​ 259 237
​ 260 237
​ 261 237
​ 262 237
​ 263 237
​ 264 237
​ 265 237
​ 266 237
​ 268 237
​ 277 237
​ 278 237
​ 279 237
​ 280 237
​ 284 237
​ 285 237
​ 286 237
​ 287 237
​ 288 237
​ 289 237
​ 290 237
​ 291 237
​ 292 237
​ 217 238
​ 218 238
​ 219 238
​ 220 238
​ 221 238
​ 222 238
​ 223 238
​ 224 238
​ 225 238
​ 226 238
​ 227 238
​ 228 238
​ 229 238
​ 230 238
​ 232 238
​ 233 238
​ 234 238
​ 235 238
​ 236 238
​ 237 238
​ 238 238
​ 240 238
​ 241 238
​ 245 238
​ 248 238
​ 250 238
​ 251 238
​ 256 238
​ 257 238
​ 259 238
​ 260 238
​ 263 238
​ 264 238
​ 265 238
​ 266 238
​ 275 238
​ 276 238
​ 283 238
​ 285 238
​ 286 238
​ 287 238
​ 288 238
​ 289 238
​ 290 238
​ 291 238
​ 292 238
​ 217 239
​ 218 239
​ 219 239
​ 220 239
​ 221 239
​ 222 239
​ 223 239
​ 224 239
​ 225 239
​ 226 239
​ 229 239
​ 230 239
​ 231 239
​ 232 239
​ 234 239
​ 238 239
​ 243 239
​ 246 239
​ 258 239
​ 259 239
​ 263 239
​ 264 239
​ 265 239
​ 275 239
​ 276 239
​ 278 239
​ 282 239
​ 283 239
​ 284 239
​ 286 239
​ 287 239
​ 288 239
​ 289 239
​ 290 239
​ 291 239
​ 292 239
​ 217 240
​ 218 240
​ 219 240
​ 220 240
​ 221 240
​ 222 240
​ 223 240
​ 230 240
​ 231 240
​ 232 240
​ 263 240
​ 264 240
​ 266 240
​ 283 240
​ 286 240
​ 287 240
​ 288 240
​ 289 240
​ 290 240
​ 291 240
​ 292 240
​ 217 241
​ 218 241
​ 219 241
​ 220 241
​ 221 241
​ 222 241
​ 286 241
​ 288 241
​ 289 241
​ 290 241
​ 291 241
​ 292 241
​ 217 242
​ 218 242
​ 219 242
​ 220 242
​ 221 242
​ 291 242
​ 292 242
​ 217 243
​ 218 243
​ 219 243
​ 220 243
​ 221 243
​ 289 243
​ 291 243
​ 292 243
​ 217 244
​ 218 244
​ 219 244
​ 220 244
​ 221 244
​ 222 244
​ 223 244
​ 291 244
​ 217 245
​ 218 245
​ 219 245
​ 221 245
​ 291 245
​ 217 246
​ 218 246
​ 220 246
​ 291 246
​ 217 247
​ 218 247
​ 219 247
​ 220 247
​ 291 247
​ 217 248
​ 218 248
​ 220 248
​ 292 248
​ 217 249
​ 218 249
​ 219 249
​ 289 249
​ 291 249
​ 292 249
​ 217 250
​ 218 250
​ 219 250
​ 289 250
​ 290 250
​ 292 250
​ 217 251
​ 218 251
​ 290 251
​ 292 251
​ 217 252
​ 218 252
​ 290 252
​ 217 253
​ 218 253
​ 219 253
​ 217 254
​ 219 254
​ 220 254
​ 221 254
​ 223 254
​ 217 255
​ 218 255
​ 219 255
​ 220 255
​ 221 255
​ 223 255
​ 219 256
​ 220 256
​ 291 256
​ 219 257
​ 220 257
​ 232 257
​ 291 257
​ 219 258
​ 220 258
​ 221 258
​ 236 258
​ 291 258
​ 219 259
​ 220 259
​ 221 259
​ 222 259
​ 236 259
​ 291 259
​ 219 260
​ 220 260
​ 221 260
​ 222 260
​ 237 260
​ 242 260
​ 286 260
​ 289 260
​ 291 260
​ 219 261
​ 220 261
​ 221 261
​ 222 261
​ 236 261
​ 237 261
​ 266 261
​ 271 261
​ 272 261
​ 277 261
​ 286 261
​ 288 261
​ 15 262
​ 218 262
​ 219 262
​ 220 262
​ 221 262
​ 222 262
​ 228 262
​ 232 262
​ 233 262
​ 235 262
​ 236 262
​ 237 262
​ 239 262
​ 245 262
​ 253 262
​ 272 262
​ 273 262
​ 276 262
​ 280 262
​ 285 262
​ 286 262
​ 287 262
​ 288 262
​ 289 262
​ 15 263
​ 218 263
​ 219 263
​ 220 263
​ 221 263
​ 222 263
​ 223 263
​ 224 263
​ 228 263
​ 229 263
​ 230 263
​ 231 263
​ 232 263
​ 233 263
​ 235 263
​ 236 263
​ 237 263
​ 238 263
​ 244 263
​ 245 263
​ 248 263
​ 251 263
​ 255 263
​ 267 263
​ 270 263
​ 271 263
​ 275 263
​ 277 263
​ 280 263
​ 285 263
​ 286 263
​ 287 263
​ 288 263
​ 289 263
​ 15 264
​ 16 264
​ 220 264
​ 221 264
​ 222 264
​ 223 264
​ 227 264
​ 228 264
​ 229 264
​ 230 264
​ 231 264
​ 232 264
​ 233 264
​ 234 264
​ 235 264
​ 236 264
​ 237 264
​ 238 264
​ 239 264
​ 240 264
​ 241 264
​ 242 264
​ 244 264
​ 245 264
​ 248 264
​ 249 264
​ 250 264
​ 251 264
​ 252 264
​ 255 264
​ 258 264
​ 263 264
​ 265 264
​ 266 264
​ 274 264
​ 275 264
​ 284 264
​ 285 264
​ 286 264
​ 289 264
​ 15 265
​ 16 265
​ 219 265
​ 220 265
​ 221 265
​ 222 265
​ 223 265
​ 224 265
​ 225 265
​ 226 265
​ 227 265
​ 228 265
​ 229 265
​ 230 265
​ 231 265
​ 232 265
​ 233 265
​ 234 265
​ 235 265
​ 236 265
​ 237 265
​ 238 265
​ 239 265
​ 240 265
​ 241 265
​ 242 265
​ 243 265
​ 244 265
​ 245 265
​ 246 265
​ 247 265
​ 248 265
​ 249 265
​ 250 265
​ 251 265
​ 252 265
​ 253 265
​ 254 265
​ 255 265
​ 256 265
​ 257 265
​ 258 265
​ 259 265
​ 260 265
​ 261 265
​ 262 265
​ 263 265
​ 264 265
​ 265 265
​ 266 265
​ 267 265
​ 268 265
​ 269 265
​ 270 265
​ 272 265
​ 273 265
​ 286 265
​ 288 265
​ 290 265
​ 14 266
​ 15 266
​ 16 266
​ 219 266
​ 220 266
​ 221 266
​ 222 266
​ 223 266
​ 224 266
​ 225 266
​ 226 266
​ 227 266
​ 228 266
​ 229 266
​ 230 266
​ 231 266
​ 232 266
​ 233 266
​ 234 266
​ 235 266
​ 236 266
​ 237 266
​ 238 266
​ 239 266
​ 240 266
​ 241 266
​ 242 266
​ 243 266
​ 244 266
​ 245 266
​ 246 266
​ 247 266
​ 248 266
​ 249 266
​ 250 266
​ 251 266
​ 252 266
​ 253 266
​ 254 266
​ 255 266
​ 256 266
​ 257 266
​ 258 266
​ 259 266
 260 266
 261 266
  262 266
  263 266
  264 266
  265 266
  266 266
  267 266
  268 266
  269 266
  270 266
  271 266
  272 266
  273 266
  279 266
  280 266
  281 266
  282 266
  283 266
  284 266
  285 266
  286 266
  287 266
  14 267
  15 267
  16 267
  241 267
  242 267
  243 267
  244 267
  246 267
  247 267
  248 267
  249 267
  250 267
  251 267
  252 267
  253 267
  256 267
  257 267
  258 267
  259 267
  260 267
  261 267
  262 267
  263 267
  264 267
  265 267
  266 267
  267 267
  268 267
  269 267
  270 267
  271 267
  272 267
  273 267
  274 267
  275 267
  276 267
  277 267
  278 267
  279 267
  280 267
  281 267
  282 267
  283 267
  284 267
  285 267
  286 267
  287 267
  288 267
  14 268
  15 268
  14 269
  1 331
  2 331
  3 331
  1 332
  2 332
  3 332
  2 333
  3 334
  2 336
  1 338
  
​ 
