​ 206 118
​ 207 118
​ 208 118
​ 209 118
​ 210 118
​ 211 118
​ 212 118
​ 213 118
​ 214 118
​ 215 118
​ 216 118
​ 217 118
​ 218 118
​ 219 118
​ 220 118
​ 202 119
​ 203 119
​ 204 119
​ 205 119
​ 206 119
​ 207 119
​ 208 119
​ 209 119
​ 210 119
​ 211 119
​ 212 119
​ 213 119
​ 214 119
​ 215 119
​ 216 119
​ 217 119
​ 218 119
​ 219 119
​ 220 119
​ 221 119
​ 222 119
​ 223 119
​ 224 119
​ 201 120
​ 202 120
​ 203 120
​ 204 120
​ 205 120
​ 206 120
​ 207 120
​ 208 120
​ 209 120
​ 210 120
​ 211 120
​ 212 120
​ 213 120
​ 214 120
​ 215 120
​ 216 120
​ 217 120
​ 218 120
​ 219 120
​ 220 120
​ 221 120
​ 222 120
​ 223 120
​ 224 120
​ 225 120
​ 226 120
​ 227 120
​ 200 121
​ 201 121
​ 202 121
​ 203 121
​ 204 121
​ 205 121
​ 206 121
​ 207 121
​ 208 121
​ 209 121
​ 217 121
​ 218 121
​ 219 121
​ 220 121
​ 221 121
​ 222 121
​ 223 121
​ 224 121
​ 225 121
​ 226 121
​ 227 121
​ 228 121
​ 229 121
​ 230 121
​ 196 122
​ 197 122
​ 198 122
​ 199 122
​ 200 122
​ 201 122
​ 202 122
​ 219 122
​ 220 122
​ 221 122
​ 222 122
​ 223 122
​ 224 122
​ 225 122
​ 226 122
​ 227 122
​ 228 122
​ 229 122
​ 230 122
​ 231 122
​ 232 122
​ 233 122
​ 234 122
​ 235 122
​ 236 122
​ 195 123
​ 196 123
​ 197 123
​ 198 123
​ 199 123
​ 200 123
​ 222 123
​ 223 123
​ 224 123
​ 225 123
​ 226 123
​ 227 123
​ 228 123
​ 229 123
​ 230 123
​ 231 123
​ 232 123
​ 233 123
​ 234 123
​ 235 123
​ 236 123
​ 237 123
​ 238 123
​ 239 123
​ 193 124
​ 194 124
​ 195 124
​ 196 124
​ 197 124
​ 198 124
​ 230 124
​ 231 124
​ 232 124
​ 233 124
​ 234 124
​ 235 124
​ 236 124
​ 237 124
​ 238 124
​ 239 124
​ 240 124
​ 241 124
​ 192 125
​ 193 125
​ 194 125
​ 195 125
​ 196 125
​ 197 125
​ 236 125
​ 237 125
​ 238 125
​ 239 125
​ 240 125
​ 241 125
​ 242 125
​ 243 125
​ 244 125
​ 245 125
​ 246 125
​ 192 126
​ 193 126
​ 194 126
​ 195 126
​ 196 126
​ 239 126
​ 240 126
​ 241 126
​ 242 126
​ 243 126
​ 244 126
​ 245 126
​ 246 126
​ 247 126
​ 248 126
​ 249 126
​ 250 126
​ 251 126
​ 192 127
​ 193 127
​ 194 127
​ 195 127
​ 196 127
​ 244 127
​ 245 127
​ 246 127
​ 247 127
​ 248 127
​ 249 127
​ 250 127
​ 251 127
​ 252 127
​ 253 127
​ 192 128
​ 193 128
​ 194 128
​ 195 128
​ 196 128
​ 248 128
​ 249 128
​ 250 128
​ 251 128
​ 252 128
​ 253 128
​ 254 128
​ 255 128
​ 192 129
​ 193 129
​ 194 129
​ 195 129
​ 196 129
​ 251 129
​ 252 129
​ 253 129
​ 254 129
​ 255 129
​ 256 129
​ 257 129
​ 193 130
​ 194 130
​ 195 130
​ 196 130
​ 254 130
​ 255 130
​ 256 130
​ 257 130
​ 258 130
​ 259 130
​ 260 130
​ 261 130
​ 262 130
​ 193 131
​ 194 131
​ 195 131
​ 196 131
​ 258 131
​ 259 131
​ 260 131
​ 261 131
​ 262 131
​ 263 131
​ 264 131
​ 265 131
​ 266 131
​ 194 132
​ 195 132
​ 196 132
​ 261 132
​ 262 132
​ 263 132
​ 264 132
​ 265 132
​ 266 132
​ 267 132
​ 268 132
​ 194 133
​ 195 133
​ 196 133
​ 197 133
​ 267 133
​ 268 133
​ 269 133
​ 270 133
​ 271 133
​ 272 133
​ 273 133
​ 194 134
​ 195 134
​ 196 134
​ 197 134
​ 269 134
​ 270 134
​ 271 134
​ 272 134
​ 273 134
​ 274 134
​ 275 134
​ 276 134
​ 277 134
​ 278 134
​ 195 135
​ 196 135
​ 197 135
​ 273 135
​ 274 135
​ 275 135
​ 276 135
​ 277 135
​ 278 135
​ 279 135
​ 280 135
​ 195 136
​ 196 136
​ 197 136
​ 198 136
​ 276 136
​ 277 136
​ 278 136
​ 279 136
​ 280 136
​ 281 136
​ 282 136
​ 283 136
​ 196 137
​ 197 137
​ 198 137
​ 199 137
​ 279 137
​ 280 137
​ 281 137
​ 282 137
​ 283 137
​ 284 137
​ 285 137
​ 197 138
​ 198 138
​ 199 138
​ 283 138
​ 284 138
​ 285 138
​ 286 138
​ 287 138
​ 288 138
​ 198 139
​ 199 139
​ 200 139
​ 284 139
​ 285 139
​ 286 139
​ 287 139
​ 288 139
​ 289 139
​ 200 140
​ 201 140
​ 287 140
​ 288 140
​ 289 140
​ 290 140
​ 201 141
​ 202 141
​ 203 141
​ 289 141
​ 290 141
​ 291 141
​ 202 142
​ 203 142
​ 204 142
​ 291 142
​ 292 142
​ 293 142
​ 204 143
​ 205 143
​ 206 143
​ 293 143
​ 294 143
​ 206 144
​ 207 144
​ 208 144
​ 209 144
​ 210 144
​ 211 144
​ 295 144
​ 296 144
​ 212 145
​ 213 145
​ 296 145
​ 297 145
​ 298 145
​ 299 145
​ 214 146
​ 215 146
​ 216 146
​ 217 146
​ 218 146
​ 219 146
​ 220 146
​ 221 146
​ 298 146
​ 299 146
​ 300 146
​ 301 146
​ 302 146
​ 217 147
​ 218 147
​ 219 147
​ 220 147
​ 221 147
​ 222 147
​ 223 147
​ 224 147
​ 299 147
​ 300 147
​ 301 147
​ 302 147
​ 303 147
​ 304 147
​ 305 147
​ 306 147
​ 222 148
​ 223 148
​ 224 148
​ 225 148
​ 226 148
​ 227 148
​ 228 148
​ 229 148
​ 230 148
​ 299 148
​ 300 148
​ 301 148
​ 302 148
​ 303 148
​ 304 148
​ 305 148
​ 306 148
​ 225 149
​ 226 149
​ 227 149
​ 228 149
​ 229 149
​ 230 149
​ 231 149
​ 232 149
​ 233 149
​ 234 149
​ 300 149
​ 301 149
​ 302 149
​ 303 149
​ 304 149
​ 305 149
​ 306 149
​ 307 149
​ 230 150
​ 231 150
​ 232 150
​ 233 150
​ 234 150
​ 235 150
​ 236 150
​ 237 150
​ 238 150
​ 239 150
​ 240 150
​ 241 150
​ 302 150
​ 303 150
​ 304 150
​ 305 150
​ 306 150
​ 307 150
​ 308 150
​ 234 151
​ 235 151
​ 236 151
​ 237 151
​ 238 151
​ 239 151
​ 240 151
​ 241 151
​ 242 151
​ 243 151
​ 302 151
​ 303 151
​ 304 151
​ 305 151
​ 306 151
​ 307 151
​ 308 151
​ 237 152
​ 238 152
​ 239 152
​ 240 152
​ 241 152
​ 242 152
​ 243 152
​ 244 152
​ 245 152
​ 246 152
​ 247 152
​ 248 152
​ 303 152
​ 304 152
​ 305 152
​ 306 152
​ 307 152
​ 308 152
​ 241 153
​ 242 153
​ 243 153
​ 244 153
​ 245 153
​ 246 153
​ 247 153
​ 248 153
​ 249 153
​ 250 153
​ 251 153
​ 303 153
​ 304 153
​ 305 153
​ 306 153
​ 307 153
​ 245 154
​ 246 154
​ 247 154
​ 249 154
​ 250 154
​ 251 154
​ 252 154
​ 253 154
​ 254 154
​ 304 154
​ 305 154
​ 306 154
​ 251 155
​ 252 155
​ 253 155
​ 254 155
​ 255 155
​ 256 155
​ 257 155
​ 258 155
​ 259 155
​ 260 155
​ 303 155
​ 304 155
​ 305 155
​ 306 155
​ 253 156
​ 254 156
​ 255 156
​ 256 156
​ 257 156
​ 258 156
​ 259 156
​ 260 156
​ 261 156
​ 262 156
​ 303 156
​ 304 156
​ 305 156
​ 306 156
​ 258 157
​ 259 157
​ 260 157
​ 261 157
​ 262 157
​ 263 157
​ 264 157
​ 265 157
​ 266 157
​ 267 157
​ 268 157
​ 304 157
​ 305 157
​ 262 158
​ 263 158
​ 264 158
​ 265 158
​ 266 158
​ 267 158
​ 268 158
​ 269 158
​ 270 158
​ 271 158
​ 272 158
​ 301 158
​ 303 158
​ 304 158
​ 305 158
​ 267 159
​ 268 159
​ 269 159
​ 270 159
​ 271 159
​ 272 159
​ 273 159
​ 274 159
​ 275 159
​ 276 159
​ 277 159
​ 278 159
​ 279 159
​ 301 159
​ 302 159
​ 303 159
​ 304 159
​ 270 160
​ 271 160
​ 272 160
​ 273 160
​ 274 160
​ 275 160
​ 276 160
​ 277 160
​ 278 160
​ 279 160
​ 280 160
​ 281 160
​ 282 160
​ 283 160
​ 284 160
​ 297 160
​ 298 160
​ 299 160
​ 300 160
​ 301 160
​ 302 160
​ 303 160
​ 276 161
​ 277 161
​ 278 161
​ 279 161
​ 280 161
​ 281 161
​ 282 161
​ 283 161
​ 284 161
​ 285 161
​ 286 161
​ 287 161
​ 288 161
​ 289 161
​ 290 161
​ 291 161
​ 295 161
​ 296 161
​ 297 161
​ 298 161
​ 299 161
​ 300 161
​ 301 161
​ 302 161
​ 303 161
​ 279 162
​ 280 162
​ 281 162
​ 282 162
​ 283 162
​ 284 162
​ 285 162
​ 286 162
​ 287 162
​ 288 162
​ 289 162
​ 290 162
​ 291 162
​ 292 162
​ 293 162
​ 294 162
​ 295 162
​ 296 162
​ 297 162
​ 298 162
​ 299 162
​ 300 162
​ 301 162
​ 302 162
​ 284 163
​ 285 163
​ 286 163
​ 287 163
​ 288 163
​ 289 163
​ 290 163
​ 291 163
​ 292 163
​ 293 163
​ 294 163
​ 295 163
​ 296 163
​ 297 163
​ 298 163
​ 299 163
​ 300 163
​ 301 163
​ 293 164
​ 294 164
​ 295 164
​ 296 164
​ 297 164
​ 298 164
​ 299 164
​ 300 164
​ 301 164
​ 