uart.js:509 <UART> Web Serial not supported, No navigator.serial - Web Serial not enabled
uart.js:509 <UART> Device Name:       MDBT42Q babf
uart.js:509 <UART> Device ID:         DjncqPPbzeI4vWdOol83Jg==
uart.js:509 <UART> Connected
sketch.js:152 Mon Mar 28 2022 21:42:53 GMT+0100 (British Summer Time)
sketch.js:89 44
uart.js:509 <UART> Disconnected (gattserverdisconnected)
uart.js:509 <UART> Web Serial not supported, No navigator.serial - Web Serial not enabled
uart.js:509 <UART> Device Name:       MDBT42Q babf
uart.js:509 <UART> Device ID:         DjncqPPbzeI4vWdOol83Jg==
uart.js:509 <UART> Connected
sketch.js:152 Mon Mar 28 2022 21:43:06 GMT+0100 (British Summer Time)
sketch.js:89 42
uart.js:509 <UART> Disconnected (gattserverdisconnected)
uart.js:509 <UART> Web Serial not supported, No navigator.serial - Web Serial not enabled
uart.js:509 <UART> Device Name:       MDBT42Q babf
uart.js:509 <UART> Device ID:         DjncqPPbzeI4vWdOol83Jg==
uart.js:509 <UART> Connected
sketch.js:152 Mon Mar 28 2022 21:43:37 GMT+0100 (British Summer Time)
sketch.js:89 46
uart.js:509 <UART> Disconnected (gattserverdisconnected)
uart.js:509 <UART> Web Serial not supported, No navigator.serial - Web Serial not enabled
uart.js:509 <UART> Device Name:       MDBT42Q babf
uart.js:509 <UART> Device ID:         DjncqPPbzeI4vWdOol83Jg==
uart.js:509 <UART> Connected
sketch.js:152 Mon Mar 28 2022 21:44:33 GMT+0100 (British Summer Time)
sketch.js:89 51
uart.js:509 <UART> Disconnected (gattserverdisconnected)
uart.js:509 <UART> Web Serial not supported, No navigator.serial - Web Serial not enabled
uart.js:509 <UART> Device Name:       MDBT42Q babf
uart.js:509 <UART> Device ID:         DjncqPPbzeI4vWdOol83Jg==
uart.js:509 <UART> Connected
sketch.js:152 Mon Mar 28 2022 21:44:43 GMT+0100 (British Summer Time)
sketch.js:89 63
uart.js:509 <UART> Disconnected (gattserverdisconnected)
uart.js:509 <UART> Web Serial not supported, No navigator.serial - Web Serial not enabled
uart.js:509 <UART> Device Name:       MDBT42Q babf
uart.js:509 <UART> Device ID:         DjncqPPbzeI4vWdOol83Jg==
uart.js:509 <UART> Connected
sketch.js:152 Mon Mar 28 2022 21:44:53 GMT+0100 (British Summer Time)
sketch.js:89 42
uart.js:509 <UART> Disconnected (gattserverdisconnected)
uart.js:509 <UART> Web Serial not supported, No navigator.serial - Web Serial not enabled
uart.js:509 <UART> Device Name:       MDBT42Q babf
uart.js:509 <UART> Device ID:         DjncqPPbzeI4vWdOol83Jg==
uart.js:509 <UART> Connected
sketch.js:152 Mon Mar 28 2022 21:45:33 GMT+0100 (British Summer Time)
sketch.js:89 42
uart.js:509 <UART> Disconnected (gattserverdisconnected)
uart.js:509 <UART> Web Serial not supported, No navigator.serial - Web Serial not enabled
uart.js:509 <UART> Device Name:       MDBT42Q babf
uart.js:509 <UART> Device ID:         DjncqPPbzeI4vWdOol83Jg==
uart.js:509 <UART> Connected
sketch.js:152 Mon Mar 28 2022 21:45:56 GMT+0100 (British Summer Time)
sketch.js:89 39
uart.js:509 <UART> Disconnected (gattserverdisconnected)
uart.js:509 <UART> Web Serial not supported, No navigator.serial - Web Serial not enabled
uart.js:509 <UART> Device Name:       MDBT42Q babf
uart.js:509 <UART> Device ID:         DjncqPPbzeI4vWdOol83Jg==
uart.js:509 <UART> Connected
sketch.js:152 Mon Mar 28 2022 21:46:23 GMT+0100 (British Summer Time)
sketch.js:89 41
uart.js:509 <UART> Disconnected (gattserverdisconnected)
uart.js:509 <UART> Web Serial not supported, No navigator.serial - Web Serial not enabled
uart.js:509 <UART> Device Name:       MDBT42Q babf
uart.js:509 <UART> Device ID:         DjncqPPbzeI4vWdOol83Jg==
uart.js:509 <UART> Connected
sketch.js:152 Mon Mar 28 2022 21:46:31 GMT+0100 (British Summer Time)
sketch.js:89 37
uart.js:509 <UART> Disconnected (gattserverdisconnected)
uart.js:509 <UART> Web Serial not supported, No navigator.serial - Web Serial not enabled
uart.js:509 <UART> Device Name:       MDBT42Q babf
uart.js:509 <UART> Device ID:         DjncqPPbzeI4vWdOol83Jg==
uart.js:509 <UART> Connected
sketch.js:152 Mon Mar 28 2022 21:46:51 GMT+0100 (British Summer Time)
sketch.js:89 40
uart.js:509 <UART> Disconnected (gattserverdisconnected)
uart.js:509 <UART> Web Serial not supported, No navigator.serial - Web Serial not enabled
uart.js:509 <UART> Device Name:       MDBT42Q babf
uart.js:509 <UART> Device ID:         DjncqPPbzeI4vWdOol83Jg==
uart.js:509 <UART> Connected
sketch.js:152 Mon Mar 28 2022 21:47:01 GMT+0100 (British Summer Time)
sketch.js:89 84
uart.js:509 <UART> Disconnected (gattserverdisconnected)
uart.js:509 <UART> Web Serial not supported, No navigator.serial - Web Serial not enabled
uart.js:509 <UART> Device Name:       MDBT42Q babf
uart.js:509 <UART> Device ID:         DjncqPPbzeI4vWdOol83Jg==
uart.js:509 <UART> Connected
sketch.js:152 Mon Mar 28 2022 21:47:18 GMT+0100 (British Summer Time)
sketch.js:89 54
uart.js:509 <UART> Disconnected (gattserverdisconnected)
uart.js:509 <UART> Web Serial not supported, No navigator.serial - Web Serial not enabled
uart.js:509 <UART> Device Name:       MDBT42Q babf
uart.js:509 <UART> Device ID:         DjncqPPbzeI4vWdOol83Jg==
uart.js:509 <UART> Connected
sketch.js:152 Mon Mar 28 2022 21:47:28 GMT+0100 (British Summer Time)
sketch.js:89 39
uart.js:509 <UART> Disconnected (gattserverdisconnected)
uart.js:509 <UART> Web Serial not supported, No navigator.serial - Web Serial not enabled
uart.js:509 <UART> Device Name:       MDBT42Q babf
uart.js:509 <UART> Device ID:         DjncqPPbzeI4vWdOol83Jg==
uart.js:509 <UART> Connected
sketch.js:152 Mon Mar 28 2022 21:47:37 GMT+0100 (British Summer Time)
sketch.js:89 40
uart.js:509 <UART> Disconnected (gattserverdisconnected)
uart.js:509 <UART> Web Serial not supported, No navigator.serial - Web Serial not enabled
uart.js:509 <UART> Device Name:       MDBT42Q babf
uart.js:509 <UART> Device ID:         DjncqPPbzeI4vWdOol83Jg==
uart.js:509 <UART> Connected
sketch.js:152 Mon Mar 28 2022 21:47:44 GMT+0100 (British Summer Time)
sketch.js:89 57
uart.js:509 <UART> Disconnected (gattserverdisconnected)
uart.js:509 <UART> Web Serial not supported, No navigator.serial - Web Serial not enabled
uart.js:509 <UART> Device Name:       MDBT42Q babf
uart.js:509 <UART> Device ID:         DjncqPPbzeI4vWdOol83Jg==
uart.js:509 <UART> Connected
sketch.js:152 Mon Mar 28 2022 21:47:57 GMT+0100 (British Summer Time)
sketch.js:89 39
uart.js:509 <UART> Disconnected (gattserverdisconnected)
uart.js:509 <UART> Web Serial not supported, No navigator.serial - Web Serial not enabled
uart.js:509 <UART> Device Name:       MDBT42Q babf
uart.js:509 <UART> Device ID:         DjncqPPbzeI4vWdOol83Jg==
uart.js:509 <UART> Connected
sketch.js:152 Mon Mar 28 2022 21:48:05 GMT+0100 (British Summer Time)
sketch.js:89 43
uart.js:509 <UART> Disconnected (gattserverdisconnected)
uart.js:509 <UART> Web Serial not supported, No navigator.serial - Web Serial not enabled
uart.js:509 <UART> Device Name:       MDBT42Q babf
uart.js:509 <UART> Device ID:         DjncqPPbzeI4vWdOol83Jg==
uart.js:509 <UART> Connected
sketch.js:152 Mon Mar 28 2022 21:48:14 GMT+0100 (British Summer Time)
sketch.js:89 49
uart.js:509 <UART> Disconnected (gattserverdisconnected)
uart.js:509 <UART> Web Serial not supported, No navigator.serial - Web Serial not enabled
uart.js:509 <UART> Device Name:       MDBT42Q babf
uart.js:509 <UART> Device ID:         DjncqPPbzeI4vWdOol83Jg==
uart.js:509 <UART> Connected
sketch.js:152 Mon Mar 28 2022 21:48:20 GMT+0100 (British Summer Time)
sketch.js:89 41
uart.js:509 <UART> Disconnected (gattserverdisconnected)
uart.js:509 <UART> Web Serial not supported, No navigator.serial - Web Serial not enabled
uart.js:509 <UART> Device Name:       MDBT42Q babf
uart.js:509 <UART> Device ID:         DjncqPPbzeI4vWdOol83Jg==
uart.js:509 <UART> Connected
sketch.js:152 Mon Mar 28 2022 21:48:33 GMT+0100 (British Summer Time)
sketch.js:89 42
uart.js:509 <UART> Disconnected (gattserverdisconnected)
uart.js:509 <UART> Web Serial not supported, No navigator.serial - Web Serial not enabled
uart.js:509 <UART> Device Name:       MDBT42Q babf
uart.js:509 <UART> Device ID:         DjncqPPbzeI4vWdOol83Jg==
uart.js:509 <UART> Connected
sketch.js:152 Mon Mar 28 2022 21:48:41 GMT+0100 (British Summer Time)
sketch.js:89 38
uart.js:509 <UART> Disconnected (gattserverdisconnected)
uart.js:509 <UART> Web Serial not supported, No navigator.serial - Web Serial not enabled
uart.js:509 <UART> Device Name:       MDBT42Q babf
uart.js:509 <UART> Device ID:         DjncqPPbzeI4vWdOol83Jg==
uart.js:509 <UART> Connected
sketch.js:152 Mon Mar 28 2022 21:48:49 GMT+0100 (British Summer Time)
sketch.js:89 57
uart.js:509 <UART> Disconnected (gattserverdisconnected)
uart.js:509 <UART> Web Serial not supported, No navigator.serial - Web Serial not enabled
uart.js:509 <UART> Device Name:       MDBT42Q babf
uart.js:509 <UART> Device ID:         DjncqPPbzeI4vWdOol83Jg==
sketch.js:152 Mon Mar 28 2022 21:49:06 GMT+0100 (British Summer Time)
sketch.js:89 40
uart.js:509 <UART> Disconnected (gattserverdisconnected)
uart.js:509 <UART> Web Serial not supported, No navigator.serial - Web Serial not enabled
uart.js:509 <UART> Device Name:       MDBT42Q babf
uart.js:509 <UART> Device ID:         DjncqPPbzeI4vWdOol83Jg==
uart.js:509 <UART> Connected
sketch.js:152 Mon Mar 28 2022 21:49:14 GMT+0100 (British Summer Time)
sketch.js:89 49
uart.js:509 <UART> Disconnected (gattserverdisconnected)
uart.js:509 <UART> Web Serial not supported, No navigator.serial - Web Serial not enabled
uart.js:509 <UART> Device Name:       MDBT42Q babf
uart.js:509 <UART> Device ID:         DjncqPPbzeI4vWdOol83Jg==
uart.js:509 <UART> Connected
sketch.js:152 Mon Mar 28 2022 21:49:49 GMT+0100 (British Summer Time)
sketch.js:89 74
uart.js:509 <UART> Disconnected (gattserverdisconnected)
uart.js:509 <UART> Web Serial not supported, No navigator.serial - Web Serial not enabled
uart.js:509 <UART> Device Name:       MDBT42Q babf
uart.js:509 <UART> Device ID:         DjncqPPbzeI4vWdOol83Jg==
uart.js:509 <UART> Connected
sketch.js:152 Mon Mar 28 2022 21:49:58 GMT+0100 (British Summer Time)
sketch.js:89 39
uart.js:509 <UART> Disconnected (gattserverdisconnected)
uart.js:509 <UART> Web Serial not supported, No navigator.serial - Web Serial not enabled
uart.js:509 <UART> Device Name:       MDBT42Q babf
uart.js:509 <UART> Device ID:         DjncqPPbzeI4vWdOol83Jg==
uart.js:509 <UART> Connected
sketch.js:152 Mon Mar 28 2022 21:50:06 GMT+0100 (British Summer Time)
sketch.js:89 47
uart.js:509 <UART> Disconnected (gattserverdisconnected)
uart.js:509 <UART> Web Serial not supported, No navigator.serial - Web Serial not enabled
uart.js:509 <UART> Device Name:       MDBT42Q babf
uart.js:509 <UART> Device ID:         DjncqPPbzeI4vWdOol83Jg==
uart.js:509 <UART> Connected
sketch.js:152 Mon Mar 28 2022 21:50:14 GMT+0100 (British Summer Time)
sketch.js:89 48
uart.js:509 <UART> Disconnected (gattserverdisconnected)
uart.js:509 <UART> Web Serial not supported, No navigator.serial - Web Serial not enabled
uart.js:509 <UART> Device Name:       MDBT42Q babf
uart.js:509 <UART> Device ID:         DjncqPPbzeI4vWdOol83Jg==
uart.js:509 <UART> Connected
sketch.js:152 Mon Mar 28 2022 21:50:21 GMT+0100 (British Summer Time)
sketch.js:89 47
uart.js:509 <UART> Disconnected (gattserverdisconnected)
uart.js:509 <UART> Web Serial not supported, No navigator.serial - Web Serial not enabled
uart.js:509 <UART> Device Name:       MDBT42Q babf
uart.js:509 <UART> Device ID:         DjncqPPbzeI4vWdOol83Jg==
uart.js:509 <UART> Connected
sketch.js:152 Mon Mar 28 2022 21:50:28 GMT+0100 (British Summer Time)
sketch.js:89 39
uart.js:509 <UART> Disconnected (gattserverdisconnected)
uart.js:509 <UART> Web Serial not supported, No navigator.serial - Web Serial not enabled
uart.js:509 <UART> Device Name:       MDBT42Q babf
uart.js:509 <UART> Device ID:         DjncqPPbzeI4vWdOol83Jg==
uart.js:509 <UART> Connected
sketch.js:152 Mon Mar 28 2022 21:50:40 GMT+0100 (British Summer Time)
sketch.js:89 48
uart.js:509 <UART> Disconnected (gattserverdisconnected)
uart.js:509 <UART> Web Serial not supported, No navigator.serial - Web Serial not enabled
uart.js:509 <UART> Device Name:       MDBT42Q babf
uart.js:509 <UART> Device ID:         DjncqPPbzeI4vWdOol83Jg==
uart.js:509 <UART> Connected
sketch.js:152 Mon Mar 28 2022 21:50:49 GMT+0100 (British Summer Time)
sketch.js:89 42
uart.js:509 <UART> Disconnected (gattserverdisconnected)
uart.js:509 <UART> Web Serial not supported, No navigator.serial - Web Serial not enabled
uart.js:509 <UART> Device Name:       MDBT42Q babf
uart.js:509 <UART> Device ID:         DjncqPPbzeI4vWdOol83Jg==
uart.js:509 <UART> Connected
sketch.js:152 Mon Mar 28 2022 21:50:57 GMT+0100 (British Summer Time)
sketch.js:89 60
uart.js:509 <UART> Disconnected (gattserverdisconnected)
uart.js:509 <UART> Web Serial not supported, No navigator.serial - Web Serial not enabled
uart.js:509 <UART> Device Name:       MDBT42Q babf
uart.js:509 <UART> Device ID:         DjncqPPbzeI4vWdOol83Jg==
uart.js:509 <UART> Connected
sketch.js:152 Mon Mar 28 2022 21:51:05 GMT+0100 (British Summer Time)
sketch.js:89 48
uart.js:509 <UART> Disconnected (gattserverdisconnected)
